[36m--[0m Using CATKIN_DEVEL_PREFIX: /home/esaii-admin/catkin_ws/devel/.private/using_markers
[36m--[0m Using CMAKE_PREFIX_PATH: /home/esaii-admin/catkin_ws/devel;/opt/ros/kinetic
[36m--[0m This workspace overlays: /home/esaii-admin/catkin_ws/devel;/opt/ros/kinetic
[36m--[0m Using PYTHON_EXECUTABLE: /usr/bin/python
[36m--[0m Using Debian Python package layout
[36m--[0m Using empy: /usr/bin/empy
[36m--[0m Using CATKIN_ENABLE_TESTING: ON
[36m--[0m Call enable_testing()
[36m--[0m Using CATKIN_TEST_RESULTS_DIR: /home/esaii-admin/catkin_ws/build/using_markers/test_results
[36m--[0m Found gmock sources under '/usr/src/gmock': gmock will be built
[36m--[0m Found gtest sources under '/usr/src/gmock': gtests will be built
[36m--[0m Using Python nosetests: /usr/bin/nosetests-2.7
[36m--[0m catkin 0.7.14
[33m[1mCMake Warning[0m at /opt/ros/kinetic/share/catkin/cmake/catkin_package.cmake:166 (message):
  catkin_package() DEPENDS on 'system_lib' but neither
  'system_lib_INCLUDE_DIRS' nor 'system_lib_LIBRARIES' is defined.
[36mCall Stack (most recent call first):[0m
  /opt/ros/kinetic/share/catkin/cmake/catkin_package.cmake:102 (_catkin_package)
  CMakeLists.txt:104 (catkin_package)


[36m--[0m Configuring done
[31m[1mCMake Error[0m at /home/esaii-admin/catkin_ws/src/using_markers/CMakeLists.txt:123 (add_library):
  Cannot find source file:

    src/using_markers/using_markers.cpp

  Tried extensions .c .C .c++ .cc .cpp .cxx .m .M .mm .h .hh .h++ .hm .hpp
  .hxx .in .txx


CMake Error: CMake can not determine linker language for target: using_markers
CMake Error: Cannot determine link language for target "using_markers".
[36m--[0m Generating done
[36m--[0m Build files have been written to: /home/esaii-admin/catkin_ws/build/using_markers
Makefile:682: recipe for target 'cmake_check_build_system' failed
make: *** [cmake_check_build_system] Error 1
