Determining if the pthread_create exist failed with the following output:
Change Dir: /home/esaii-admin/catkin_ws/build/hector_pose_estimation/CMakeFiles/CMakeTmp

Run Build Command:"/usr/bin/make" "cmTC_f7129/fast"
/usr/bin/make -f CMakeFiles/cmTC_f7129.dir/build.make CMakeFiles/cmTC_f7129.dir/build
make[1]: Entering directory '/home/esaii-admin/catkin_ws/build/hector_pose_estimation/CMakeFiles/CMakeTmp'
Building C object CMakeFiles/cmTC_f7129.dir/CheckSymbolExists.c.o
/usr/bin/cc     -o CMakeFiles/cmTC_f7129.dir/CheckSymbolExists.c.o   -c /home/esaii-admin/catkin_ws/build/hector_pose_estimation/CMakeFiles/CMakeTmp/CheckSymbolExists.c
Linking C executable cmTC_f7129
/usr/bin/cmake -E cmake_link_script CMakeFiles/cmTC_f7129.dir/link.txt --verbose=1
/usr/bin/cc       CMakeFiles/cmTC_f7129.dir/CheckSymbolExists.c.o  -o cmTC_f7129 -rdynamic 
CMakeFiles/cmTC_f7129.dir/CheckSymbolExists.c.o: In function `main':
CheckSymbolExists.c:(.text+0x16): undefined reference to `pthread_create'
collect2: error: ld returned 1 exit status
CMakeFiles/cmTC_f7129.dir/build.make:97: recipe for target 'cmTC_f7129' failed
make[1]: *** [cmTC_f7129] Error 1
make[1]: Leaving directory '/home/esaii-admin/catkin_ws/build/hector_pose_estimation/CMakeFiles/CMakeTmp'
Makefile:126: recipe for target 'cmTC_f7129/fast' failed
make: *** [cmTC_f7129/fast] Error 2

File /home/esaii-admin/catkin_ws/build/hector_pose_estimation/CMakeFiles/CMakeTmp/CheckSymbolExists.c:
/* */
#include <pthread.h>

int main(int argc, char** argv)
{
  (void)argv;
#ifndef pthread_create
  return ((int*)(&pthread_create))[argc];
#else
  (void)argc;
  return 0;
#endif
}

Determining if the function pthread_create exists in the pthreads failed with the following output:
Change Dir: /home/esaii-admin/catkin_ws/build/hector_pose_estimation/CMakeFiles/CMakeTmp

Run Build Command:"/usr/bin/make" "cmTC_7ae71/fast"
/usr/bin/make -f CMakeFiles/cmTC_7ae71.dir/build.make CMakeFiles/cmTC_7ae71.dir/build
make[1]: Entering directory '/home/esaii-admin/catkin_ws/build/hector_pose_estimation/CMakeFiles/CMakeTmp'
Building C object CMakeFiles/cmTC_7ae71.dir/CheckFunctionExists.c.o
/usr/bin/cc    -DCHECK_FUNCTION_EXISTS=pthread_create   -o CMakeFiles/cmTC_7ae71.dir/CheckFunctionExists.c.o   -c /usr/share/cmake-3.5/Modules/CheckFunctionExists.c
Linking C executable cmTC_7ae71
/usr/bin/cmake -E cmake_link_script CMakeFiles/cmTC_7ae71.dir/link.txt --verbose=1
/usr/bin/cc   -DCHECK_FUNCTION_EXISTS=pthread_create    CMakeFiles/cmTC_7ae71.dir/CheckFunctionExists.c.o  -o cmTC_7ae71 -rdynamic -lpthreads 
/usr/bin/ld: cannot find -lpthreads
collect2: error: ld returned 1 exit status
CMakeFiles/cmTC_7ae71.dir/build.make:97: recipe for target 'cmTC_7ae71' failed
make[1]: *** [cmTC_7ae71] Error 1
make[1]: Leaving directory '/home/esaii-admin/catkin_ws/build/hector_pose_estimation/CMakeFiles/CMakeTmp'
Makefile:126: recipe for target 'cmTC_7ae71/fast' failed
make: *** [cmTC_7ae71/fast] Error 2


