[  0%] Built target uuid_msgs_generate_messages_lisp
[  6%] [34m[1mGenerating dynamic reconfigure files from cfg/global_planner_node.cfg: /home/esaii-admin/catkin_ws/devel/.private/global_planner/include/global_planner/global_planner_nodeConfig.h /home/esaii-admin/catkin_ws/devel/.private/global_planner/lib/python2.7/dist-packages/global_planner/cfg/global_planner_nodeConfig.py[0m
[  6%] Built target std_msgs_generate_messages_py
[  6%] Built target geometry_msgs_generate_messages_py
Generating reconfiguration files for GlobalPlannerNode in global_planner
Wrote header file in /home/esaii-admin/catkin_ws/devel/.private/global_planner/include/global_planner/GlobalPlannerNodeConfig.h
[  6%] Built target _global_planner_generate_messages_check_deps_PathWithRiskMsg
[  6%] Built target geometry_msgs_generate_messages_nodejs
[  6%] Built target global_planner_gencfg
[  6%] Built target std_msgs_generate_messages_nodejs
[  6%] Built target geometry_msgs_generate_messages_eus
[  6%] Built target std_msgs_generate_messages_eus
[  6%] Built target nav_msgs_generate_messages_py
[  6%] Built target nav_msgs_generate_messages_lisp
[  6%] Built target diagnostic_msgs_generate_messages_nodejs
[  6%] Built target diagnostic_msgs_generate_messages_lisp
[  6%] Built target diagnostic_msgs_generate_messages_cpp
[  6%] Built target uuid_msgs_generate_messages_py
[  6%] Built target uuid_msgs_generate_messages_nodejs
[  6%] Built target actionlib_generate_messages_nodejs
[  6%] Built target sensor_msgs_generate_messages_eus
[  6%] Built target actionlib_msgs_generate_messages_cpp
[  6%] Built target actionlib_generate_messages_lisp
[  6%] Built target actionlib_msgs_generate_messages_eus
[  6%] Built target mavros_msgs_generate_messages_lisp
[  6%] Built target sensor_msgs_generate_messages_cpp
[  6%] Built target std_msgs_generate_messages_cpp
[  6%] Built target sensor_msgs_generate_messages_nodejs
[  6%] Built target geometry_msgs_generate_messages_cpp
[  6%] Built target tf_generate_messages_py
[  6%] Built target roscpp_generate_messages_py
[  6%] Built target tf_generate_messages_lisp
[ 12%] [34m[1mGenerating C++ code from global_planner/PathWithRiskMsg.msg[0m
[ 12%] Built target actionlib_generate_messages_cpp
[ 12%] Built target rosgraph_msgs_generate_messages_py
[ 12%] Built target dynamic_reconfigure_gencfg
[ 12%] Built target uuid_msgs_generate_messages_eus
[ 12%] Built target tf_generate_messages_cpp
[ 12%] Built target std_srvs_generate_messages_eus
[ 12%] Built target actionlib_generate_messages_py
[ 12%] Built target global_planner_generate_messages_cpp
[ 12%] Built target dynamic_reconfigure_generate_messages_py
[ 12%] Built target roscpp_generate_messages_cpp
[ 12%] Built target geometry_msgs_generate_messages_lisp
[ 12%] Built target bond_generate_messages_py
[ 12%] Built target std_msgs_generate_messages_lisp
[ 12%] Built target std_srvs_generate_messages_lisp
[ 12%] Built target rosgraph_msgs_generate_messages_nodejs
[ 12%] Built target rosgraph_msgs_generate_messages_cpp
[ 12%] Built target tf_generate_messages_eus
[ 12%] Built target sensor_msgs_generate_messages_py
[ 12%] Built target mavros_msgs_generate_messages_py
[ 12%] Built target roscpp_generate_messages_nodejs
[ 12%] Built target std_srvs_generate_messages_nodejs
[ 12%] Built target pcl_msgs_generate_messages_nodejs
[ 12%] Built target rosgraph_msgs_generate_messages_lisp
[ 12%] Built target dynamic_reconfigure_generate_messages_nodejs
[ 12%] Built target dynamic_reconfigure_generate_messages_lisp
[ 12%] Built target rosgraph_msgs_generate_messages_eus
[ 12%] Built target actionlib_generate_messages_eus
[ 12%] Built target roscpp_generate_messages_lisp
[ 12%] Built target std_srvs_generate_messages_py
[ 12%] Built target tf_generate_messages_nodejs
[ 12%] Built target roscpp_generate_messages_eus
[ 12%] Built target bond_generate_messages_eus
[ 12%] Built target dynamic_reconfigure_generate_messages_cpp
[ 12%] Built target actionlib_msgs_generate_messages_lisp
[ 12%] Built target actionlib_msgs_generate_messages_nodejs
[ 12%] Built target tf2_msgs_generate_messages_py
[ 12%] Built target topic_tools_generate_messages_py
[ 12%] Built target actionlib_msgs_generate_messages_py
[ 12%] Built target geographic_msgs_generate_messages_py
[ 12%] Built target nav_msgs_generate_messages_nodejs
[ 12%] Built target tf2_msgs_generate_messages_cpp
[ 12%] Built target nav_msgs_generate_messages_eus
[ 12%] Built target pcl_ros_gencfg
[ 12%] Built target tf2_msgs_generate_messages_eus
[ 12%] Built target nodelet_generate_messages_cpp
[ 12%] Built target nav_msgs_generate_messages_cpp
[ 12%] Built target tf2_msgs_generate_messages_lisp
[ 12%] Built target tf2_msgs_generate_messages_nodejs
[ 12%] Built target nodelet_generate_messages_lisp
[ 12%] Built target nodelet_generate_messages_nodejs
[ 12%] Built target bond_generate_messages_cpp
[ 12%] Built target mavros_msgs_generate_messages_nodejs
[ 12%] Built target bond_generate_messages_lisp
[ 12%] Built target nodelet_generate_messages_eus
[ 12%] Built target topic_tools_generate_messages_cpp
[ 12%] Built target topic_tools_generate_messages_eus
[ 12%] Built target nodelet_topic_tools_gencfg
[ 12%] Built target pcl_msgs_generate_messages_eus
[ 12%] Built target mavros_msgs_generate_messages_cpp
[ 12%] Built target pcl_msgs_generate_messages_lisp
[ 12%] Built target dynamic_reconfigure_generate_messages_eus
[ 12%] Built target bond_generate_messages_nodejs
[ 12%] Built target pcl_msgs_generate_messages_py
[ 12%] Built target uuid_msgs_generate_messages_cpp
[ 12%] Built target pcl_msgs_generate_messages_cpp
[ 12%] Built target std_srvs_generate_messages_cpp
[ 12%] Built target topic_tools_generate_messages_lisp
[ 12%] Built target diagnostic_msgs_generate_messages_py
[ 12%] Built target mavros_msgs_generate_messages_eus
[ 12%] Built target sensor_msgs_generate_messages_lisp
[ 12%] Built target geographic_msgs_generate_messages_cpp
[ 12%] Built target topic_tools_generate_messages_nodejs
[ 12%] Built target geographic_msgs_generate_messages_eus
[ 12%] Built target geographic_msgs_generate_messages_lisp
[ 12%] Built target diagnostic_msgs_generate_messages_eus
[ 12%] Built target nodelet_generate_messages_py
[35m[1mScanning dependencies of target node[0m
[ 12%] Built target geographic_msgs_generate_messages_nodejs
[35m[1mScanning dependencies of target cell[0m
[ 18%] [32mBuilding CXX object CMakeFiles/node.dir/src/library/node.cpp.o[0m
[ 25%] [32mBuilding CXX object CMakeFiles/cell.dir/src/library/cell.cpp.o[0m
[ 31%] [34m[1mGenerating Python from MSG global_planner/PathWithRiskMsg[0m
[ 37%] [34m[1mGenerating Python msg __init__.py for global_planner[0m
[ 37%] Built target global_planner_generate_messages_py
[ 43%] [34m[1mGenerating Javascript code from global_planner/PathWithRiskMsg.msg[0m
[ 43%] Built target global_planner_generate_messages_nodejs
[ 50%] [34m[1mGenerating EusLisp code from global_planner/PathWithRiskMsg.msg[0m
[ 56%] Built target global_planner_generate_messages_eus
[ 62%] [34m[1mGenerating Lisp code from global_planner/PathWithRiskMsg.msg[0m
[ 62%] Built target global_planner_generate_messages_lisp
[35m[1mScanning dependencies of target global_planner[0m
[ 68%] [32mBuilding CXX object CMakeFiles/global_planner.dir/src/library/global_planner.cpp.o[0m
[ 68%] Built target global_planner_generate_messages
[ 75%] [32m[1mLinking CXX shared library /home/esaii-admin/catkin_ws/devel/.private/global_planner/lib/libcell.so[0m
[ 81%] [32m[1mLinking CXX shared library /home/esaii-admin/catkin_ws/devel/.private/global_planner/lib/libnode.so[0m
[ 81%] Built target cell
[ 81%] Built target node
[ 87%] [32m[1mLinking CXX shared library /home/esaii-admin/catkin_ws/devel/.private/global_planner/lib/libglobal_planner.so[0m
[ 87%] Built target global_planner
[35m[1mScanning dependencies of target global_planner_node[0m
[ 93%] [32mBuilding CXX object CMakeFiles/global_planner_node.dir/src/nodes/global_planner_node.cpp.o[0m
[100%] [32m[1mLinking CXX executable /home/esaii-admin/catkin_ws/devel/.private/global_planner/lib/global_planner/global_planner_node[0m
[100%] Built target global_planner_node
