[  0%] Built target uuid_msgs_generate_messages_lisp
[  6%] [34m[1mGenerating dynamic reconfigure files from cfg/global_planner_node.cfg: /home/esaii-admin/catkin_ws/devel/.private/global_planner/include/global_planner/global_planner_nodeConfig.h /home/esaii-admin/catkin_ws/devel/.private/global_planner/lib/python2.7/dist-packages/global_planner/cfg/global_planner_nodeConfig.py[0m
[  6%] Built target std_msgs_generate_messages_py
[  6%] Built target geometry_msgs_generate_messages_py
[  6%] Built target geometry_msgs_generate_messages_nodejs
[  6%] Built target std_msgs_generate_messages_nodejs
[  6%] Built target geometry_msgs_generate_messages_eus
[  6%] Built target std_msgs_generate_messages_eus
[  6%] Built target _global_planner_generate_messages_check_deps_PathWithRiskMsg
[  6%] Built target nav_msgs_generate_messages_py
[  6%] Built target nav_msgs_generate_messages_lisp
[  6%] Built target diagnostic_msgs_generate_messages_nodejs
Generating reconfiguration files for GlobalPlannerNode in global_planner
[  6%] Built target diagnostic_msgs_generate_messages_lisp
[  6%] Built target diagnostic_msgs_generate_messages_cpp
Wrote header file in /home/esaii-admin/catkin_ws/devel/.private/global_planner/include/global_planner/GlobalPlannerNodeConfig.h
[  6%] Built target uuid_msgs_generate_messages_py
[  6%] Built target uuid_msgs_generate_messages_nodejs
[  6%] Built target actionlib_generate_messages_nodejs
[  6%] Built target sensor_msgs_generate_messages_eus
[  6%] Built target actionlib_generate_messages_lisp
[  6%] Built target actionlib_msgs_generate_messages_cpp
[  6%] Built target actionlib_msgs_generate_messages_eus
[  6%] Built target global_planner_gencfg
[  6%] Built target mavros_msgs_generate_messages_lisp
[  6%] Built target sensor_msgs_generate_messages_nodejs
[  6%] Built target std_msgs_generate_messages_cpp
[  6%] Built target geometry_msgs_generate_messages_cpp
[  6%] Built target sensor_msgs_generate_messages_cpp
[  6%] Built target tf_generate_messages_py
[  6%] Built target roscpp_generate_messages_py
[  6%] Built target tf_generate_messages_lisp
[ 12%] Built target global_planner_generate_messages_cpp
[ 12%] Built target actionlib_generate_messages_cpp
[ 12%] Built target rosgraph_msgs_generate_messages_py
[ 12%] Built target dynamic_reconfigure_gencfg
[ 12%] Built target uuid_msgs_generate_messages_eus
[ 12%] Built target tf_generate_messages_cpp
[ 12%] Built target std_srvs_generate_messages_eus
[ 12%] Built target actionlib_generate_messages_py
[ 12%] Built target dynamic_reconfigure_generate_messages_py
[ 12%] Built target geometry_msgs_generate_messages_lisp
[ 12%] Built target roscpp_generate_messages_cpp
[ 12%] Built target std_msgs_generate_messages_lisp
[ 12%] Built target bond_generate_messages_py
[ 12%] Built target std_srvs_generate_messages_lisp
[ 12%] Built target rosgraph_msgs_generate_messages_cpp
[ 12%] Built target rosgraph_msgs_generate_messages_nodejs
[ 12%] Built target sensor_msgs_generate_messages_py
[ 12%] Built target tf_generate_messages_eus
[ 12%] Built target roscpp_generate_messages_nodejs
[ 12%] Built target mavros_msgs_generate_messages_py
[ 12%] Built target pcl_msgs_generate_messages_nodejs
[ 12%] Built target std_srvs_generate_messages_nodejs
[ 12%] Built target rosgraph_msgs_generate_messages_lisp
[ 12%] Built target rosgraph_msgs_generate_messages_eus
[ 12%] Built target dynamic_reconfigure_generate_messages_nodejs
[ 12%] Built target dynamic_reconfigure_generate_messages_lisp
[ 12%] Built target roscpp_generate_messages_lisp
[ 12%] Built target tf_generate_messages_nodejs
[ 12%] Built target actionlib_generate_messages_eus
[ 12%] Built target std_srvs_generate_messages_py
[ 12%] Built target roscpp_generate_messages_eus
[ 12%] Built target bond_generate_messages_eus
[ 12%] Built target actionlib_msgs_generate_messages_lisp
[ 12%] Built target dynamic_reconfigure_generate_messages_cpp
[ 12%] Built target tf2_msgs_generate_messages_py
[ 12%] Built target actionlib_msgs_generate_messages_nodejs
[ 12%] Built target topic_tools_generate_messages_py
[ 12%] Built target actionlib_msgs_generate_messages_py
[ 12%] Built target nav_msgs_generate_messages_nodejs
[ 12%] Built target geographic_msgs_generate_messages_py
[ 12%] Built target tf2_msgs_generate_messages_cpp
[ 12%] Built target nav_msgs_generate_messages_eus
[ 12%] Built target pcl_ros_gencfg
[ 12%] Built target tf2_msgs_generate_messages_eus
[ 12%] Built target nav_msgs_generate_messages_cpp
[ 12%] Built target nodelet_generate_messages_cpp
[ 12%] Built target tf2_msgs_generate_messages_lisp
[ 12%] Built target tf2_msgs_generate_messages_nodejs
[ 12%] Built target nodelet_generate_messages_lisp
[ 12%] Built target nodelet_generate_messages_nodejs
[ 12%] Built target bond_generate_messages_cpp
[ 12%] Built target bond_generate_messages_lisp
[ 12%] Built target mavros_msgs_generate_messages_nodejs
[ 12%] Built target nodelet_generate_messages_eus
[ 12%] Built target topic_tools_generate_messages_cpp
[ 12%] Built target topic_tools_generate_messages_eus
[ 12%] Built target pcl_msgs_generate_messages_eus
[ 12%] Built target nodelet_topic_tools_gencfg
[ 12%] Built target pcl_msgs_generate_messages_lisp
[ 12%] Built target mavros_msgs_generate_messages_cpp
[ 12%] Built target dynamic_reconfigure_generate_messages_eus
[ 12%] Built target bond_generate_messages_nodejs
[ 12%] Built target pcl_msgs_generate_messages_py
[ 12%] Built target uuid_msgs_generate_messages_cpp
[ 12%] Built target pcl_msgs_generate_messages_cpp
[ 12%] Built target topic_tools_generate_messages_lisp
[ 12%] Built target diagnostic_msgs_generate_messages_py
[ 12%] Built target mavros_msgs_generate_messages_eus
[ 12%] Built target std_srvs_generate_messages_cpp
[ 12%] Built target sensor_msgs_generate_messages_lisp
[ 12%] Built target geographic_msgs_generate_messages_cpp
[ 12%] Built target topic_tools_generate_messages_nodejs
[ 12%] Built target geographic_msgs_generate_messages_eus
[ 12%] Built target geographic_msgs_generate_messages_lisp
[ 12%] Built target diagnostic_msgs_generate_messages_eus
[ 12%] Built target nodelet_generate_messages_py
[ 25%] Built target node
[ 25%] Built target geographic_msgs_generate_messages_nodejs
[ 37%] Built target global_planner_generate_messages_py
[ 43%] Built target global_planner_generate_messages_nodejs
[ 56%] Built target cell
[ 75%] Built target global_planner_generate_messages_lisp
[ 75%] Built target global_planner_generate_messages_eus
[35m[1mScanning dependencies of target global_planner[0m
[ 75%] Built target global_planner_generate_messages
[ 81%] [32mBuilding CXX object CMakeFiles/global_planner.dir/src/library/global_planner.cpp.o[0m
[ 87%] [32m[1mLinking CXX shared library /home/esaii-admin/catkin_ws/devel/.private/global_planner/lib/libglobal_planner.so[0m
[ 87%] Built target global_planner
[35m[1mScanning dependencies of target global_planner_node[0m
[ 93%] [32mBuilding CXX object CMakeFiles/global_planner_node.dir/src/nodes/global_planner_node.cpp.o[0m
[100%] [32m[1mLinking CXX executable /home/esaii-admin/catkin_ws/devel/.private/global_planner/lib/global_planner/global_planner_node[0m
[100%] Built target global_planner_node
