[  0%] Built target geographic_msgs_generate_messages_lisp
[  7%] [34m[1mGenerating dynamic reconfigure files from cfg/local_planner_node.cfg: /home/esaii-admin/catkin_ws/devel/.private/local_planner/include/local_planner/local_planner_nodeConfig.h /home/esaii-admin/catkin_ws/devel/.private/local_planner/lib/python2.7/dist-packages/local_planner/cfg/local_planner_nodeConfig.py[0m
[  7%] Built target mavros_msgs_generate_messages_py
[  7%] Built target mavros_msgs_generate_messages_nodejs
[  7%] Built target mavros_msgs_generate_messages_lisp
[  7%] Built target uuid_msgs_generate_messages_py
Generating reconfiguration files for LocalPlannerNode in avoidance
Wrote header file in /home/esaii-admin/catkin_ws/devel/.private/local_planner/include/local_planner/LocalPlannerNodeConfig.h
[  7%] Built target uuid_msgs_generate_messages_nodejs
[  7%] Built target uuid_msgs_generate_messages_lisp
[  7%] Built target local_planner_gencfg
[  7%] Built target uuid_msgs_generate_messages_eus
[  7%] Built target uuid_msgs_generate_messages_cpp
[  7%] Built target actionlib_generate_messages_nodejs
[  7%] Built target sensor_msgs_generate_messages_eus
[  7%] Built target actionlib_msgs_generate_messages_cpp
[  7%] Built target actionlib_generate_messages_lisp
[  7%] Built target actionlib_msgs_generate_messages_eus
[  7%] Built target sensor_msgs_generate_messages_cpp
[  7%] Built target std_msgs_generate_messages_nodejs
[  7%] Built target std_msgs_generate_messages_cpp
[  7%] Built target sensor_msgs_generate_messages_nodejs
[  7%] Built target geometry_msgs_generate_messages_cpp
[  7%] Built target tf_generate_messages_py
[  7%] Built target roscpp_generate_messages_py
[  7%] Built target actionlib_generate_messages_cpp
[  7%] Built target tf_generate_messages_lisp
[  7%] Built target rosgraph_msgs_generate_messages_py
[  7%] Built target mavros_msgs_generate_messages_eus
[  7%] Built target dynamic_reconfigure_gencfg
[  7%] Built target tf_generate_messages_cpp
[  7%] Built target diagnostic_msgs_generate_messages_py
[  7%] Built target std_srvs_generate_messages_eus
[  7%] Built target actionlib_generate_messages_py
[  7%] Built target dynamic_reconfigure_generate_messages_py
[  7%] Built target roscpp_generate_messages_cpp
[  7%] Built target geometry_msgs_generate_messages_py
[  7%] Built target geometry_msgs_generate_messages_lisp
[  7%] Built target bond_generate_messages_py
[  7%] Built target std_msgs_generate_messages_lisp
[  7%] Built target std_srvs_generate_messages_lisp
[  7%] Built target rosgraph_msgs_generate_messages_cpp
[  7%] Built target pcl_msgs_generate_messages_eus
[  7%] Built target mavros_msgs_generate_messages_cpp
[  7%] Built target geographic_msgs_generate_messages_nodejs
[  7%] Built target nodelet_generate_messages_py
[  7%] Built target diagnostic_msgs_generate_messages_eus
[  7%] Built target rosgraph_msgs_generate_messages_nodejs
[  7%] Built target tf_generate_messages_eus
[  7%] Built target sensor_msgs_generate_messages_py
[  7%] Built target roscpp_generate_messages_nodejs
[  7%] Built target pcl_msgs_generate_messages_nodejs
[  7%] Built target std_srvs_generate_messages_nodejs
[  7%] Built target rosgraph_msgs_generate_messages_lisp
[  7%] Built target dynamic_reconfigure_generate_messages_nodejs
[  7%] Built target rosgraph_msgs_generate_messages_eus
[  7%] Built target std_msgs_generate_messages_py
[  7%] Built target nav_msgs_generate_messages_py
[  7%] Built target actionlib_generate_messages_eus
[  7%] Built target dynamic_reconfigure_generate_messages_lisp
[  7%] Built target roscpp_generate_messages_lisp
[  7%] Built target tf_generate_messages_nodejs
[  7%] Built target std_msgs_generate_messages_eus
[  7%] Built target std_srvs_generate_messages_py
[  7%] Built target roscpp_generate_messages_eus
[  7%] Built target bond_generate_messages_eus
[  7%] Built target diagnostic_msgs_generate_messages_lisp
[  7%] Built target dynamic_reconfigure_generate_messages_cpp
[  7%] Built target actionlib_msgs_generate_messages_lisp
[  7%] Built target actionlib_msgs_generate_messages_nodejs
[  7%] Built target tf2_msgs_generate_messages_py
[  7%] Built target topic_tools_generate_messages_py
[  7%] Built target actionlib_msgs_generate_messages_py
[  7%] Built target tf2_msgs_generate_messages_cpp
[  7%] Built target nodelet_generate_messages_lisp
[  7%] Built target nodelet_generate_messages_cpp
[  7%] Built target tf2_msgs_generate_messages_nodejs
[  7%] Built target nodelet_generate_messages_nodejs
[  7%] Built target bond_generate_messages_cpp
[  7%] Built target bond_generate_messages_lisp
[  7%] Built target topic_tools_generate_messages_cpp
[  7%] Built target topic_tools_generate_messages_eus
[  7%] Built target nodelet_generate_messages_eus
[  7%] Built target nodelet_topic_tools_gencfg
[  7%] Built target pcl_msgs_generate_messages_lisp
[  7%] Built target dynamic_reconfigure_generate_messages_eus
[  7%] Built target bond_generate_messages_nodejs
[  7%] Built target pcl_msgs_generate_messages_py
[  7%] Built target pcl_msgs_generate_messages_cpp
[  7%] Built target std_srvs_generate_messages_cpp
[  7%] Built target diagnostic_msgs_generate_messages_cpp
[  7%] Built target topic_tools_generate_messages_lisp
[  7%] Built target diagnostic_msgs_generate_messages_nodejs
[  7%] Built target tf2_msgs_generate_messages_lisp
[  7%] Built target nav_msgs_generate_messages_cpp
[  7%] Built target pcl_ros_gencfg
[  7%] Built target tf2_msgs_generate_messages_eus
[  7%] Built target nav_msgs_generate_messages_eus
[  7%] Built target nav_msgs_generate_messages_lisp
[  7%] Built target geographic_msgs_generate_messages_py
[  7%] Built target sensor_msgs_generate_messages_lisp
[  7%] Built target nav_msgs_generate_messages_nodejs
[  7%] Built target geographic_msgs_generate_messages_cpp
[  7%] Built target topic_tools_generate_messages_nodejs
[  7%] Built target geometry_msgs_generate_messages_nodejs
[  7%] Built target geographic_msgs_generate_messages_eus
[  7%] Built target geometry_msgs_generate_messages_eus
[35m[1mScanning dependencies of target local_planner[0m
[ 15%] [32mBuilding CXX object CMakeFiles/local_planner.dir/src/nodes/local_planner.cpp.o[0m
[ 23%] [32mBuilding CXX object CMakeFiles/local_planner.dir/src/nodes/star_planner.cpp.o[0m
[ 30%] [32mBuilding CXX object CMakeFiles/local_planner.dir/src/nodes/local_planner_node.cpp.o[0m
[ 38%] [32mBuilding CXX object CMakeFiles/local_planner.dir/src/nodes/local_planner_visualization.cpp.o[0m
[ 46%] [32m[1mLinking CXX shared library /home/esaii-admin/catkin_ws/devel/.private/local_planner/lib/liblocal_planner.so[0m
[ 84%] Built target local_planner
[35m[1mScanning dependencies of target local_planner_node[0m
[ 92%] [32mBuilding CXX object CMakeFiles/local_planner_node.dir/src/nodes/local_planner_node_main.cpp.o[0m
[100%] [32m[1mLinking CXX executable /home/esaii-admin/catkin_ws/devel/.private/local_planner/lib/local_planner/local_planner_node[0m
[100%] Built target local_planner_node
