Determining if the pthread_create exist failed with the following output:
Change Dir: /home/esaii-admin/catkin_ws/build/hector_pose_estimation_core/CMakeFiles/CMakeTmp

Run Build Command:"/usr/bin/make" "cmTC_dd160/fast"
/usr/bin/make -f CMakeFiles/cmTC_dd160.dir/build.make CMakeFiles/cmTC_dd160.dir/build
make[1]: Entering directory '/home/esaii-admin/catkin_ws/build/hector_pose_estimation_core/CMakeFiles/CMakeTmp'
Building C object CMakeFiles/cmTC_dd160.dir/CheckSymbolExists.c.o
/usr/bin/cc     -o CMakeFiles/cmTC_dd160.dir/CheckSymbolExists.c.o   -c /home/esaii-admin/catkin_ws/build/hector_pose_estimation_core/CMakeFiles/CMakeTmp/CheckSymbolExists.c
Linking C executable cmTC_dd160
/usr/bin/cmake -E cmake_link_script CMakeFiles/cmTC_dd160.dir/link.txt --verbose=1
/usr/bin/cc       CMakeFiles/cmTC_dd160.dir/CheckSymbolExists.c.o  -o cmTC_dd160 -rdynamic 
CMakeFiles/cmTC_dd160.dir/CheckSymbolExists.c.o: In function `main':
CheckSymbolExists.c:(.text+0x16): undefined reference to `pthread_create'
collect2: error: ld returned 1 exit status
CMakeFiles/cmTC_dd160.dir/build.make:97: recipe for target 'cmTC_dd160' failed
make[1]: *** [cmTC_dd160] Error 1
make[1]: Leaving directory '/home/esaii-admin/catkin_ws/build/hector_pose_estimation_core/CMakeFiles/CMakeTmp'
Makefile:126: recipe for target 'cmTC_dd160/fast' failed
make: *** [cmTC_dd160/fast] Error 2

File /home/esaii-admin/catkin_ws/build/hector_pose_estimation_core/CMakeFiles/CMakeTmp/CheckSymbolExists.c:
/* */
#include <pthread.h>

int main(int argc, char** argv)
{
  (void)argv;
#ifndef pthread_create
  return ((int*)(&pthread_create))[argc];
#else
  (void)argc;
  return 0;
#endif
}

Determining if the function pthread_create exists in the pthreads failed with the following output:
Change Dir: /home/esaii-admin/catkin_ws/build/hector_pose_estimation_core/CMakeFiles/CMakeTmp

Run Build Command:"/usr/bin/make" "cmTC_56555/fast"
/usr/bin/make -f CMakeFiles/cmTC_56555.dir/build.make CMakeFiles/cmTC_56555.dir/build
make[1]: Entering directory '/home/esaii-admin/catkin_ws/build/hector_pose_estimation_core/CMakeFiles/CMakeTmp'
Building C object CMakeFiles/cmTC_56555.dir/CheckFunctionExists.c.o
/usr/bin/cc    -DCHECK_FUNCTION_EXISTS=pthread_create   -o CMakeFiles/cmTC_56555.dir/CheckFunctionExists.c.o   -c /usr/share/cmake-3.5/Modules/CheckFunctionExists.c
Linking C executable cmTC_56555
/usr/bin/cmake -E cmake_link_script CMakeFiles/cmTC_56555.dir/link.txt --verbose=1
/usr/bin/cc   -DCHECK_FUNCTION_EXISTS=pthread_create    CMakeFiles/cmTC_56555.dir/CheckFunctionExists.c.o  -o cmTC_56555 -rdynamic -lpthreads 
/usr/bin/ld: cannot find -lpthreads
collect2: error: ld returned 1 exit status
CMakeFiles/cmTC_56555.dir/build.make:97: recipe for target 'cmTC_56555' failed
make[1]: *** [cmTC_56555] Error 1
make[1]: Leaving directory '/home/esaii-admin/catkin_ws/build/hector_pose_estimation_core/CMakeFiles/CMakeTmp'
Makefile:126: recipe for target 'cmTC_56555/fast' failed
make: *** [cmTC_56555/fast] Error 2


