Determining if the pthread_create exist failed with the following output:
Change Dir: /home/esaii-admin/catkin_ws/build/catkin_tools_prebuild/CMakeFiles/CMakeTmp

Run Build Command:"/usr/bin/make" "cmTC_65178/fast"
/usr/bin/make -f CMakeFiles/cmTC_65178.dir/build.make CMakeFiles/cmTC_65178.dir/build
make[1]: Entering directory '/home/esaii-admin/catkin_ws/build/catkin_tools_prebuild/CMakeFiles/CMakeTmp'
Building C object CMakeFiles/cmTC_65178.dir/CheckSymbolExists.c.o
/usr/bin/cc     -o CMakeFiles/cmTC_65178.dir/CheckSymbolExists.c.o   -c /home/esaii-admin/catkin_ws/build/catkin_tools_prebuild/CMakeFiles/CMakeTmp/CheckSymbolExists.c
Linking C executable cmTC_65178
/usr/bin/cmake -E cmake_link_script CMakeFiles/cmTC_65178.dir/link.txt --verbose=1
/usr/bin/cc       CMakeFiles/cmTC_65178.dir/CheckSymbolExists.c.o  -o cmTC_65178 -rdynamic 
CMakeFiles/cmTC_65178.dir/CheckSymbolExists.c.o: In function `main':
CheckSymbolExists.c:(.text+0x16): undefined reference to `pthread_create'
collect2: error: ld returned 1 exit status
CMakeFiles/cmTC_65178.dir/build.make:97: recipe for target 'cmTC_65178' failed
make[1]: *** [cmTC_65178] Error 1
make[1]: Leaving directory '/home/esaii-admin/catkin_ws/build/catkin_tools_prebuild/CMakeFiles/CMakeTmp'
Makefile:126: recipe for target 'cmTC_65178/fast' failed
make: *** [cmTC_65178/fast] Error 2

File /home/esaii-admin/catkin_ws/build/catkin_tools_prebuild/CMakeFiles/CMakeTmp/CheckSymbolExists.c:
/* */
#include <pthread.h>

int main(int argc, char** argv)
{
  (void)argv;
#ifndef pthread_create
  return ((int*)(&pthread_create))[argc];
#else
  (void)argc;
  return 0;
#endif
}

Determining if the function pthread_create exists in the pthreads failed with the following output:
Change Dir: /home/esaii-admin/catkin_ws/build/catkin_tools_prebuild/CMakeFiles/CMakeTmp

Run Build Command:"/usr/bin/make" "cmTC_b8493/fast"
/usr/bin/make -f CMakeFiles/cmTC_b8493.dir/build.make CMakeFiles/cmTC_b8493.dir/build
make[1]: Entering directory '/home/esaii-admin/catkin_ws/build/catkin_tools_prebuild/CMakeFiles/CMakeTmp'
Building C object CMakeFiles/cmTC_b8493.dir/CheckFunctionExists.c.o
/usr/bin/cc    -DCHECK_FUNCTION_EXISTS=pthread_create   -o CMakeFiles/cmTC_b8493.dir/CheckFunctionExists.c.o   -c /usr/share/cmake-3.5/Modules/CheckFunctionExists.c
Linking C executable cmTC_b8493
/usr/bin/cmake -E cmake_link_script CMakeFiles/cmTC_b8493.dir/link.txt --verbose=1
/usr/bin/cc   -DCHECK_FUNCTION_EXISTS=pthread_create    CMakeFiles/cmTC_b8493.dir/CheckFunctionExists.c.o  -o cmTC_b8493 -rdynamic -lpthreads 
/usr/bin/ld: cannot find -lpthreads
collect2: error: ld returned 1 exit status
CMakeFiles/cmTC_b8493.dir/build.make:97: recipe for target 'cmTC_b8493' failed
make[1]: *** [cmTC_b8493] Error 1
make[1]: Leaving directory '/home/esaii-admin/catkin_ws/build/catkin_tools_prebuild/CMakeFiles/CMakeTmp'
Makefile:126: recipe for target 'cmTC_b8493/fast' failed
make: *** [cmTC_b8493/fast] Error 2


