Determining if the pthread_create exist failed with the following output:
Change Dir: /home/esaii-admin/catkin_ws/build/safe_landing_planner/CMakeFiles/CMakeTmp

Run Build Command:"/usr/bin/make" "cmTC_625ea/fast"
/usr/bin/make -f CMakeFiles/cmTC_625ea.dir/build.make CMakeFiles/cmTC_625ea.dir/build
make[1]: Entering directory '/home/esaii-admin/catkin_ws/build/safe_landing_planner/CMakeFiles/CMakeTmp'
Building C object CMakeFiles/cmTC_625ea.dir/CheckSymbolExists.c.o
/usr/bin/cc     -o CMakeFiles/cmTC_625ea.dir/CheckSymbolExists.c.o   -c /home/esaii-admin/catkin_ws/build/safe_landing_planner/CMakeFiles/CMakeTmp/CheckSymbolExists.c
Linking C executable cmTC_625ea
/usr/bin/cmake -E cmake_link_script CMakeFiles/cmTC_625ea.dir/link.txt --verbose=1
/usr/bin/cc       CMakeFiles/cmTC_625ea.dir/CheckSymbolExists.c.o  -o cmTC_625ea -rdynamic 
CMakeFiles/cmTC_625ea.dir/CheckSymbolExists.c.o: In function `main':
CheckSymbolExists.c:(.text+0x16): undefined reference to `pthread_create'
collect2: error: ld returned 1 exit status
CMakeFiles/cmTC_625ea.dir/build.make:97: recipe for target 'cmTC_625ea' failed
make[1]: *** [cmTC_625ea] Error 1
make[1]: Leaving directory '/home/esaii-admin/catkin_ws/build/safe_landing_planner/CMakeFiles/CMakeTmp'
Makefile:126: recipe for target 'cmTC_625ea/fast' failed
make: *** [cmTC_625ea/fast] Error 2

File /home/esaii-admin/catkin_ws/build/safe_landing_planner/CMakeFiles/CMakeTmp/CheckSymbolExists.c:
/* */
#include <pthread.h>

int main(int argc, char** argv)
{
  (void)argv;
#ifndef pthread_create
  return ((int*)(&pthread_create))[argc];
#else
  (void)argc;
  return 0;
#endif
}

Determining if the function pthread_create exists in the pthreads failed with the following output:
Change Dir: /home/esaii-admin/catkin_ws/build/safe_landing_planner/CMakeFiles/CMakeTmp

Run Build Command:"/usr/bin/make" "cmTC_3e883/fast"
/usr/bin/make -f CMakeFiles/cmTC_3e883.dir/build.make CMakeFiles/cmTC_3e883.dir/build
make[1]: Entering directory '/home/esaii-admin/catkin_ws/build/safe_landing_planner/CMakeFiles/CMakeTmp'
Building C object CMakeFiles/cmTC_3e883.dir/CheckFunctionExists.c.o
/usr/bin/cc    -DCHECK_FUNCTION_EXISTS=pthread_create   -o CMakeFiles/cmTC_3e883.dir/CheckFunctionExists.c.o   -c /usr/share/cmake-3.5/Modules/CheckFunctionExists.c
Linking C executable cmTC_3e883
/usr/bin/cmake -E cmake_link_script CMakeFiles/cmTC_3e883.dir/link.txt --verbose=1
/usr/bin/cc   -DCHECK_FUNCTION_EXISTS=pthread_create    CMakeFiles/cmTC_3e883.dir/CheckFunctionExists.c.o  -o cmTC_3e883 -rdynamic -lpthreads 
/usr/bin/ld: cannot find -lpthreads
collect2: error: ld returned 1 exit status
CMakeFiles/cmTC_3e883.dir/build.make:97: recipe for target 'cmTC_3e883' failed
make[1]: *** [cmTC_3e883] Error 1
make[1]: Leaving directory '/home/esaii-admin/catkin_ws/build/safe_landing_planner/CMakeFiles/CMakeTmp'
Makefile:126: recipe for target 'cmTC_3e883/fast' failed
make: *** [cmTC_3e883/fast] Error 2


