Not searching for unused variables given on the command line.
[36m--[0m Using CATKIN_DEVEL_PREFIX: /home/esaii-admin/catkin_ws/devel/.private/set_vel
[36m--[0m Using CMAKE_PREFIX_PATH: /home/esaii-admin/catkin_ws/devel;/opt/ros/kinetic
[36m--[0m This workspace overlays: /home/esaii-admin/catkin_ws/devel;/opt/ros/kinetic
[36m--[0m Using PYTHON_EXECUTABLE: /usr/bin/python
[36m--[0m Using Debian Python package layout
[36m--[0m Using empy: /usr/bin/empy
[36m--[0m Using CATKIN_ENABLE_TESTING: ON
[36m--[0m Call enable_testing()
[36m--[0m Using CATKIN_TEST_RESULTS_DIR: /home/esaii-admin/catkin_ws/build/set_vel/test_results
[36m--[0m Found gmock sources under '/usr/src/gmock': gmock will be built
[36m--[0m Found gtest sources under '/usr/src/gmock': gtests will be built
[36m--[0m Using Python nosetests: /usr/bin/nosetests-2.7
[36m--[0m catkin 0.7.14
[36m--[0m Using these message generators: gencpp;geneus;genlisp;gennodejs;genpy
[31m[1mCMake Error[0m at /home/esaii-admin/catkin_ws/src/set_vel/CMakeLists.txt:15 (target_link_libraries):
  Cannot specify link libraries for target "vel" which is not built by this
  project.


[36m--[0m Configuring incomplete, errors occurred!
See also "/home/esaii-admin/catkin_ws/build/set_vel/CMakeFiles/CMakeOutput.log".
See also "/home/esaii-admin/catkin_ws/build/set_vel/CMakeFiles/CMakeError.log".
