[01m[K/home/esaii-admin/catkin_ws/src/set_vel/src/set_Vel.cpp:[m[K In function ‘[01m[Kint main(int, char**)[m[K’:
[01m[K/home/esaii-admin/catkin_ws/src/set_vel/src/set_Vel.cpp:33:56:[m[K [01;31m[Kerror: [m[K‘[01m[KCommandBool[m[K’ is not a member of ‘[01m[Kmavros_msgs[m[K’
    ros::ServiceClient arming_client = nh.serviceClient<mavros_msgs::CommandBool>
[01;32m[K                                                        ^[m[K
[01m[K/home/esaii-admin/catkin_ws/src/set_vel/src/set_Vel.cpp:33:56:[m[K [01;31m[Kerror: [m[K‘[01m[KCommandBool[m[K’ is not a member of ‘[01m[Kmavros_msgs[m[K’
[01m[K/home/esaii-admin/catkin_ws/src/set_vel/src/set_Vel.cpp:34:61:[m[K [01;31m[Kerror: [m[Kno matching function for call to ‘[01m[Kros::NodeHandle::serviceClient(const char [18])[m[K’
                                         ("mavros/cmd/arming");
[01;32m[K                                                             ^[m[K
In file included from [01m[K/opt/ros/kinetic/include/ros/ros.h:45:0[m[K,
                 from [01m[K/home/esaii-admin/catkin_ws/src/set_vel/src/set_Vel.cpp:1[m[K:
[01m[K/opt/ros/kinetic/include/ros/node_handle.h:1240:17:[m[K [01;36m[Knote: [m[Kcandidate: template<class MReq, class MRes> ros::ServiceClient ros::NodeHandle::serviceClient(const string&, bool, const M_string&)
   ServiceClient serviceClient(const std::string& service_name, bool persistent = false, 
[01;32m[K                 ^[m[K
[01m[K/opt/ros/kinetic/include/ros/node_handle.h:1240:17:[m[K [01;36m[Knote: [m[K  template argument deduction/substitution failed:
[01m[K/home/esaii-admin/catkin_ws/src/set_vel/src/set_Vel.cpp:34:61:[m[K [01;31m[Kerror: [m[Ktemplate argument 1 is invalid
                                         ("mavros/cmd/arming");
[01;32m[K                                                             ^[m[K
In file included from [01m[K/opt/ros/kinetic/include/ros/ros.h:45:0[m[K,
                 from [01m[K/home/esaii-admin/catkin_ws/src/set_vel/src/set_Vel.cpp:1[m[K:
[01m[K/opt/ros/kinetic/include/ros/node_handle.h:1260:17:[m[K [01;36m[Knote: [m[Kcandidate: template<class Service> ros::ServiceClient ros::NodeHandle::serviceClient(const string&, bool, const M_string&)
   ServiceClient serviceClient(const std::string& service_name, bool persistent = false, 
[01;32m[K                 ^[m[K
[01m[K/opt/ros/kinetic/include/ros/node_handle.h:1260:17:[m[K [01;36m[Knote: [m[K  template argument deduction/substitution failed:
[01m[K/home/esaii-admin/catkin_ws/src/set_vel/src/set_Vel.cpp:34:61:[m[K [01;31m[Kerror: [m[Ktemplate argument 1 is invalid
                                         ("mavros/cmd/arming");
[01;32m[K                                                             ^[m[K
[01m[K/home/esaii-admin/catkin_ws/src/set_vel/src/set_Vel.cpp:39:4:[m[K [01;31m[Kerror: [m[K‘[01m[KCommandBool[m[K’ is not a member of ‘[01m[Kmavros_msgs[m[K’
    mavros_msgs::CommandBool arm_cmd;
[01;32m[K    ^[m[K
[01m[K/home/esaii-admin/catkin_ws/src/set_vel/src/set_Vel.cpp:40:4:[m[K [01;31m[Kerror: [m[K‘[01m[Karm_cmd[m[K’ was not declared in this scope
    arm_cmd.request.value = true;
[01;32m[K    ^[m[K
[01m[K/home/esaii-admin/catkin_ws/src/set_vel/src/set_Vel.cpp:44:8:[m[K [01;31m[Kerror: [m[K‘[01m[Kcurrent_state[m[K’ was not declared in this scope
   if (!current_state.armed) {
[01;32m[K        ^[m[K
make[2]: *** [CMakeFiles/set_vel.dir/src/set_Vel.cpp.o] Error 1
make[1]: *** [CMakeFiles/set_vel.dir/all] Error 2
make: *** [all] Error 2
