[  0%] Built target std_msgs_generate_messages_py
[  0%] Built target geographic_msgs_generate_messages_eus
[  0%] Built target geometry_msgs_generate_messages_py
[  0%] Built target geometry_msgs_generate_messages_nodejs
[  0%] Built target std_msgs_generate_messages_nodejs
[  0%] Built target mavros_msgs_generate_messages_py
[  0%] Built target mavros_msgs_generate_messages_lisp
[  0%] Built target mavros_msgs_generate_messages_nodejs
[  0%] Built target _safe_landing_planner_generate_messages_check_deps_SLPGridMsg
[  0%] Built target uuid_msgs_generate_messages_py
[  0%] Built target uuid_msgs_generate_messages_nodejs
[  0%] Built target uuid_msgs_generate_messages_lisp
[  0%] Built target uuid_msgs_generate_messages_eus
[  0%] Built target uuid_msgs_generate_messages_cpp
[  0%] Built target _catkin_empty_exported_target
[  0%] Built target dynamic_reconfigure_generate_messages_nodejs
[  0%] Built target actionlib_msgs_generate_messages_lisp
[  0%] Built target actionlib_generate_messages_nodejs
[  0%] Built target sensor_msgs_generate_messages_eus
[  0%] Built target actionlib_msgs_generate_messages_cpp
[  0%] Built target actionlib_generate_messages_lisp
[  0%] Built target actionlib_msgs_generate_messages_eus
[  0%] Built target actionlib_msgs_generate_messages_nodejs
[  0%] Built target tf2_msgs_generate_messages_py
[  0%] Built target topic_tools_generate_messages_py
[  0%] Built target sensor_msgs_generate_messages_cpp
[  0%] Built target rosgraph_msgs_generate_messages_nodejs
[  0%] Built target std_msgs_generate_messages_cpp
[  0%] Built target roscpp_generate_messages_py
[  0%] Built target sensor_msgs_generate_messages_nodejs
[  0%] Built target geometry_msgs_generate_messages_cpp
[  0%] Built target std_msgs_generate_messages_lisp
[  0%] Built target geometry_msgs_generate_messages_lisp
[  0%] Built target rosgraph_msgs_generate_messages_cpp
[  0%] Built target mavros_msgs_generate_messages_cpp
[  0%] Built target pcl_msgs_generate_messages_eus
[  0%] Built target tf_generate_messages_lisp
[  0%] Built target tf_generate_messages_py
[  0%] Built target actionlib_generate_messages_cpp
[  0%] Built target rosgraph_msgs_generate_messages_py
[  0%] Built target mavros_msgs_generate_messages_eus
[  0%] Built target diagnostic_msgs_generate_messages_py
[  0%] Built target tf_generate_messages_cpp
[  0%] Built target std_srvs_generate_messages_eus
[  0%] Built target rosgraph_msgs_generate_messages_lisp
[  0%] Built target sensor_msgs_generate_messages_py
[  0%] Built target roscpp_generate_messages_nodejs
[  0%] Built target pcl_msgs_generate_messages_nodejs
[  0%] Built target tf_generate_messages_eus
[  0%] Built target std_srvs_generate_messages_nodejs
[  0%] Built target actionlib_msgs_generate_messages_py
[  0%] Built target roscpp_generate_messages_cpp
[  0%] Built target geographic_msgs_generate_messages_nodejs
[  0%] Built target diagnostic_msgs_generate_messages_eus
[  0%] Built target nodelet_generate_messages_py
[  0%] Built target rosgraph_msgs_generate_messages_eus
[  0%] Built target nav_msgs_generate_messages_py
[  0%] Built target bond_generate_messages_py
[  0%] Built target std_srvs_generate_messages_lisp
[  0%] Built target geographic_msgs_generate_messages_lisp
[  0%] Built target geometry_msgs_generate_messages_eus
[  0%] Built target roscpp_generate_messages_lisp
[  0%] Built target actionlib_generate_messages_eus
[  0%] Built target tf_generate_messages_nodejs
[  0%] Built target std_msgs_generate_messages_eus
[  0%] Built target std_srvs_generate_messages_py
[  0%] Built target roscpp_generate_messages_eus
[  0%] Built target diagnostic_msgs_generate_messages_lisp
[  0%] Built target bond_generate_messages_eus
[  0%] Built target tf2_msgs_generate_messages_cpp
[  0%] Built target nodelet_generate_messages_cpp
[  0%] Built target tf2_msgs_generate_messages_nodejs
[  0%] Built target dynamic_reconfigure_generate_messages_cpp
[  0%] Built target dynamic_reconfigure_generate_messages_lisp
[  0%] Built target actionlib_generate_messages_py
[  0%] Built target dynamic_reconfigure_generate_messages_py
[  0%] Built target dynamic_reconfigure_gencfg
[  0%] Built target nodelet_generate_messages_lisp
[  5%] [34m[1mGenerating dynamic reconfigure files from cfg/safe_landing_planner_node.cfg: /home/esaii-admin/catkin_ws/devel/.private/safe_landing_planner/include/safe_landing_planner/safe_landing_planner_nodeConfig.h /home/esaii-admin/catkin_ws/devel/.private/safe_landing_planner/lib/python2.7/dist-packages/safe_landing_planner/cfg/safe_landing_planner_nodeConfig.py[0m
[  5%] Built target nodelet_generate_messages_nodejs
[  5%] Built target bond_generate_messages_cpp
[  5%] Built target bond_generate_messages_lisp
[ 11%] [34m[1mGenerating dynamic reconfigure files from cfg/waypoint_generator_node.cfg: /home/esaii-admin/catkin_ws/devel/.private/safe_landing_planner/include/safe_landing_planner/waypoint_generator_nodeConfig.h /home/esaii-admin/catkin_ws/devel/.private/safe_landing_planner/lib/python2.7/dist-packages/safe_landing_planner/cfg/waypoint_generator_nodeConfig.py[0m
Generating reconfiguration files for SafeLandingPlannerNode in safe_landing_planner
Wrote header file in /home/esaii-admin/catkin_ws/devel/.private/safe_landing_planner/include/safe_landing_planner/SafeLandingPlannerNodeConfig.h
Generating reconfiguration files for WaypointGeneratorNode in safe_landing_planner
[ 11%] Built target nodelet_generate_messages_eus
Wrote header file in /home/esaii-admin/catkin_ws/devel/.private/safe_landing_planner/include/safe_landing_planner/WaypointGeneratorNodeConfig.h
[ 11%] Built target topic_tools_generate_messages_cpp
[ 11%] Built target topic_tools_generate_messages_eus
[ 11%] Built target nodelet_topic_tools_gencfg
[ 11%] Built target pcl_msgs_generate_messages_lisp
[ 11%] Built target safe_landing_planner_gencfg
[ 11%] Built target bond_generate_messages_nodejs
[ 11%] Built target dynamic_reconfigure_generate_messages_eus
[ 11%] Built target pcl_msgs_generate_messages_py
[ 11%] Built target pcl_msgs_generate_messages_cpp
[ 11%] Built target std_srvs_generate_messages_cpp
[ 11%] Built target topic_tools_generate_messages_lisp
[ 11%] Built target diagnostic_msgs_generate_messages_cpp
[ 11%] Built target diagnostic_msgs_generate_messages_nodejs
[ 11%] Built target tf2_msgs_generate_messages_lisp
[ 11%] Built target nav_msgs_generate_messages_cpp
[ 16%] Built target safe_landing_planner_generate_messages_cpp
[ 16%] Built target pcl_ros_gencfg
[ 16%] Built target tf2_msgs_generate_messages_eus
[ 16%] Built target nav_msgs_generate_messages_eus
[ 16%] Built target geographic_msgs_generate_messages_py
[ 16%] Built target nav_msgs_generate_messages_lisp
[ 16%] Built target nav_msgs_generate_messages_nodejs
[ 16%] Built target sensor_msgs_generate_messages_lisp
[ 16%] Built target geographic_msgs_generate_messages_cpp
[ 16%] Built target topic_tools_generate_messages_nodejs
[ 27%] Built target safe_landing_planner_generate_messages_py
[ 33%] Built target safe_landing_planner_generate_messages_nodejs
[ 44%] Built target safe_landing_planner_generate_messages_eus
[ 50%] Built target safe_landing_planner_generate_messages_lisp
[35m[1mScanning dependencies of target safe_landing_planner[0m
[ 50%] Built target safe_landing_planner_generate_messages
[ 55%] [32mBuilding CXX object CMakeFiles/safe_landing_planner.dir/src/nodes/safe_landing_planner_node.cpp.o[0m
[ 61%] [32mBuilding CXX object CMakeFiles/safe_landing_planner.dir/src/nodes/waypoint_generator_node.cpp.o[0m
[ 66%] [32mBuilding CXX object CMakeFiles/safe_landing_planner.dir/src/nodes/safe_landing_planner_visualization.cpp.o[0m
[ 72%] [32mBuilding CXX object CMakeFiles/safe_landing_planner.dir/src/nodes/safe_landing_planner.cpp.o[0m
[ 77%] [32m[1mLinking CXX shared library /home/esaii-admin/catkin_ws/devel/.private/safe_landing_planner/lib/libsafe_landing_planner.so[0m
[ 77%] Built target safe_landing_planner
[35m[1mScanning dependencies of target waypoint_generator_node[0m
[35m[1mScanning dependencies of target safe_landing_planner_node[0m
[ 83%] [32mBuilding CXX object CMakeFiles/waypoint_generator_node.dir/src/nodes/waypoint_generator_node.cpp.o[0m
[ 88%] [32mBuilding CXX object CMakeFiles/safe_landing_planner_node.dir/src/nodes/safe_landing_planner_node_main.cpp.o[0m
[ 94%] [32m[1mLinking CXX executable /home/esaii-admin/catkin_ws/devel/.private/safe_landing_planner/lib/safe_landing_planner/safe_landing_planner_node[0m
[100%] [32m[1mLinking CXX executable /home/esaii-admin/catkin_ws/devel/.private/safe_landing_planner/lib/safe_landing_planner/waypoint_generator_node[0m
[100%] Built target waypoint_generator_node
[100%] Built target safe_landing_planner_node
