Determining if the pthread_create exist failed with the following output:
Change Dir: /home/esaii-admin/catkin_ws/build/urdf_tutorial/CMakeFiles/CMakeTmp

Run Build Command:"/usr/bin/make" "cmTC_93494/fast"
/usr/bin/make -f CMakeFiles/cmTC_93494.dir/build.make CMakeFiles/cmTC_93494.dir/build
make[1]: Entering directory '/home/esaii-admin/catkin_ws/build/urdf_tutorial/CMakeFiles/CMakeTmp'
Building C object CMakeFiles/cmTC_93494.dir/CheckSymbolExists.c.o
/usr/bin/cc     -o CMakeFiles/cmTC_93494.dir/CheckSymbolExists.c.o   -c /home/esaii-admin/catkin_ws/build/urdf_tutorial/CMakeFiles/CMakeTmp/CheckSymbolExists.c
Linking C executable cmTC_93494
/usr/bin/cmake -E cmake_link_script CMakeFiles/cmTC_93494.dir/link.txt --verbose=1
/usr/bin/cc       CMakeFiles/cmTC_93494.dir/CheckSymbolExists.c.o  -o cmTC_93494 -rdynamic 
CMakeFiles/cmTC_93494.dir/CheckSymbolExists.c.o: In function `main':
CheckSymbolExists.c:(.text+0x16): undefined reference to `pthread_create'
collect2: error: ld returned 1 exit status
CMakeFiles/cmTC_93494.dir/build.make:97: recipe for target 'cmTC_93494' failed
make[1]: *** [cmTC_93494] Error 1
make[1]: Leaving directory '/home/esaii-admin/catkin_ws/build/urdf_tutorial/CMakeFiles/CMakeTmp'
Makefile:126: recipe for target 'cmTC_93494/fast' failed
make: *** [cmTC_93494/fast] Error 2

File /home/esaii-admin/catkin_ws/build/urdf_tutorial/CMakeFiles/CMakeTmp/CheckSymbolExists.c:
/* */
#include <pthread.h>

int main(int argc, char** argv)
{
  (void)argv;
#ifndef pthread_create
  return ((int*)(&pthread_create))[argc];
#else
  (void)argc;
  return 0;
#endif
}

Determining if the function pthread_create exists in the pthreads failed with the following output:
Change Dir: /home/esaii-admin/catkin_ws/build/urdf_tutorial/CMakeFiles/CMakeTmp

Run Build Command:"/usr/bin/make" "cmTC_fa0d7/fast"
/usr/bin/make -f CMakeFiles/cmTC_fa0d7.dir/build.make CMakeFiles/cmTC_fa0d7.dir/build
make[1]: Entering directory '/home/esaii-admin/catkin_ws/build/urdf_tutorial/CMakeFiles/CMakeTmp'
Building C object CMakeFiles/cmTC_fa0d7.dir/CheckFunctionExists.c.o
/usr/bin/cc    -DCHECK_FUNCTION_EXISTS=pthread_create   -o CMakeFiles/cmTC_fa0d7.dir/CheckFunctionExists.c.o   -c /usr/share/cmake-3.5/Modules/CheckFunctionExists.c
Linking C executable cmTC_fa0d7
/usr/bin/cmake -E cmake_link_script CMakeFiles/cmTC_fa0d7.dir/link.txt --verbose=1
/usr/bin/cc   -DCHECK_FUNCTION_EXISTS=pthread_create    CMakeFiles/cmTC_fa0d7.dir/CheckFunctionExists.c.o  -o cmTC_fa0d7 -rdynamic -lpthreads 
/usr/bin/ld: cannot find -lpthreads
collect2: error: ld returned 1 exit status
CMakeFiles/cmTC_fa0d7.dir/build.make:97: recipe for target 'cmTC_fa0d7' failed
make[1]: *** [cmTC_fa0d7] Error 1
make[1]: Leaving directory '/home/esaii-admin/catkin_ws/build/urdf_tutorial/CMakeFiles/CMakeTmp'
Makefile:126: recipe for target 'cmTC_fa0d7/fast' failed
make: *** [cmTC_fa0d7/fast] Error 2


