Determining if the pthread_create exist failed with the following output:
Change Dir: /home/esaii-admin/catkin_ws/build/roomba_stage/CMakeFiles/CMakeTmp

Run Build Command:"/usr/bin/make" "cmTC_b7e47/fast"
/usr/bin/make -f CMakeFiles/cmTC_b7e47.dir/build.make CMakeFiles/cmTC_b7e47.dir/build
make[1]: Entering directory '/home/esaii-admin/catkin_ws/build/roomba_stage/CMakeFiles/CMakeTmp'
Building C object CMakeFiles/cmTC_b7e47.dir/CheckSymbolExists.c.o
/usr/bin/cc     -o CMakeFiles/cmTC_b7e47.dir/CheckSymbolExists.c.o   -c /home/esaii-admin/catkin_ws/build/roomba_stage/CMakeFiles/CMakeTmp/CheckSymbolExists.c
Linking C executable cmTC_b7e47
/usr/bin/cmake -E cmake_link_script CMakeFiles/cmTC_b7e47.dir/link.txt --verbose=1
/usr/bin/cc       CMakeFiles/cmTC_b7e47.dir/CheckSymbolExists.c.o  -o cmTC_b7e47 -rdynamic 
CMakeFiles/cmTC_b7e47.dir/CheckSymbolExists.c.o: In function `main':
CheckSymbolExists.c:(.text+0x16): undefined reference to `pthread_create'
collect2: error: ld returned 1 exit status
CMakeFiles/cmTC_b7e47.dir/build.make:97: recipe for target 'cmTC_b7e47' failed
make[1]: *** [cmTC_b7e47] Error 1
make[1]: Leaving directory '/home/esaii-admin/catkin_ws/build/roomba_stage/CMakeFiles/CMakeTmp'
Makefile:126: recipe for target 'cmTC_b7e47/fast' failed
make: *** [cmTC_b7e47/fast] Error 2

File /home/esaii-admin/catkin_ws/build/roomba_stage/CMakeFiles/CMakeTmp/CheckSymbolExists.c:
/* */
#include <pthread.h>

int main(int argc, char** argv)
{
  (void)argv;
#ifndef pthread_create
  return ((int*)(&pthread_create))[argc];
#else
  (void)argc;
  return 0;
#endif
}

Determining if the function pthread_create exists in the pthreads failed with the following output:
Change Dir: /home/esaii-admin/catkin_ws/build/roomba_stage/CMakeFiles/CMakeTmp

Run Build Command:"/usr/bin/make" "cmTC_617de/fast"
/usr/bin/make -f CMakeFiles/cmTC_617de.dir/build.make CMakeFiles/cmTC_617de.dir/build
make[1]: Entering directory '/home/esaii-admin/catkin_ws/build/roomba_stage/CMakeFiles/CMakeTmp'
Building C object CMakeFiles/cmTC_617de.dir/CheckFunctionExists.c.o
/usr/bin/cc    -DCHECK_FUNCTION_EXISTS=pthread_create   -o CMakeFiles/cmTC_617de.dir/CheckFunctionExists.c.o   -c /usr/share/cmake-3.5/Modules/CheckFunctionExists.c
Linking C executable cmTC_617de
/usr/bin/cmake -E cmake_link_script CMakeFiles/cmTC_617de.dir/link.txt --verbose=1
/usr/bin/cc   -DCHECK_FUNCTION_EXISTS=pthread_create    CMakeFiles/cmTC_617de.dir/CheckFunctionExists.c.o  -o cmTC_617de -rdynamic -lpthreads 
/usr/bin/ld: cannot find -lpthreads
collect2: error: ld returned 1 exit status
CMakeFiles/cmTC_617de.dir/build.make:97: recipe for target 'cmTC_617de' failed
make[1]: *** [cmTC_617de] Error 1
make[1]: Leaving directory '/home/esaii-admin/catkin_ws/build/roomba_stage/CMakeFiles/CMakeTmp'
Makefile:126: recipe for target 'cmTC_617de/fast' failed
make: *** [cmTC_617de/fast] Error 2


