[01m[K/home/esaii-admin/catkin_ws/src/imu_data/src/imu_data.cpp:[m[K In function ‘[01m[Kint main(int, char**)[m[K’:
[01m[K/home/esaii-admin/catkin_ws/src/imu_data/src/imu_data.cpp:75:8:[m[K [01;31m[Kerror: [m[Kconflicting declaration ‘[01m[Kint n[m[K’
    int n;
[01;32m[K        ^[m[K
[01m[K/home/esaii-admin/catkin_ws/src/imu_data/src/imu_data.cpp:38:18:[m[K [01;36m[Knote: [m[Kprevious declaration as ‘[01m[Kros::NodeHandle n[m[K’
  ros::NodeHandle n;
[01;32m[K                  ^[m[K
[01m[K/home/esaii-admin/catkin_ws/src/imu_data/src/imu_data.cpp:77:8:[m[K [01;31m[Kerror: [m[Kno match for ‘[01m[Koperator>>[m[K’ (operand types are ‘[01m[Kstd::istream {aka std::basic_istream<char>}[m[K’ and ‘[01m[Kros::NodeHandle[m[K’)
    cin >> n;
[01;32m[K        ^[m[K
In file included from [01m[K/usr/include/c++/5/iostream:40:0[m[K,
                 from [01m[K/opt/ros/kinetic/include/ros/time.h:54[m[K,
                 from [01m[K/opt/ros/kinetic/include/ros/ros.h:38[m[K,
                 from [01m[K/home/esaii-admin/catkin_ws/src/imu_data/src/imu_data.cpp:1[m[K:
[01m[K/usr/include/c++/5/istream:120:7:[m[K [01;36m[Knote: [m[Kcandidate: std::basic_istream<_CharT, _Traits>::__istream_type& std::basic_istream<_CharT, _Traits>::operator>>(std::basic_istream<_CharT, _Traits>::__istream_type& (*)(std::basic_istream<_CharT, _Traits>::__istream_type&)) [with _CharT = char; _Traits = std::char_traits<char>; std::basic_istream<_CharT, _Traits>::__istream_type = std::basic_istream<char>]
       operator>>(__istream_type& (*__pf)(__istream_type&))
[01;32m[K       ^[m[K
[01m[K/usr/include/c++/5/istream:120:7:[m[K [01;36m[Knote: [m[K  no known conversion for argument 1 from ‘[01m[Kros::NodeHandle[m[K’ to ‘[01m[Kstd::basic_istream<char>::__istream_type& (*)(std::basic_istream<char>::__istream_type&) {aka std::basic_istream<char>& (*)(std::basic_istream<char>&)}[m[K’
[01m[K/usr/include/c++/5/istream:124:7:[m[K [01;36m[Knote: [m[Kcandidate: std::basic_istream<_CharT, _Traits>::__istream_type& std::basic_istream<_CharT, _Traits>::operator>>(std::basic_istream<_CharT, _Traits>::__ios_type& (*)(std::basic_istream<_CharT, _Traits>::__ios_type&)) [with _CharT = char; _Traits = std::char_traits<char>; std::basic_istream<_CharT, _Traits>::__istream_type = std::basic_istream<char>; std::basic_istream<_CharT, _Traits>::__ios_type = std::basic_ios<char>]
       operator>>(__ios_type& (*__pf)(__ios_type&))
[01;32m[K       ^[m[K
[01m[K/usr/include/c++/5/istream:124:7:[m[K [01;36m[Knote: [m[K  no known conversion for argument 1 from ‘[01m[Kros::NodeHandle[m[K’ to ‘[01m[Kstd::basic_istream<char>::__ios_type& (*)(std::basic_istream<char>::__ios_type&) {aka std::basic_ios<char>& (*)(std::basic_ios<char>&)}[m[K’
[01m[K/usr/include/c++/5/istream:131:7:[m[K [01;36m[Knote: [m[Kcandidate: std::basic_istream<_CharT, _Traits>::__istream_type& std::basic_istream<_CharT, _Traits>::operator>>(std::ios_base& (*)(std::ios_base&)) [with _CharT = char; _Traits = std::char_traits<char>; std::basic_istream<_CharT, _Traits>::__istream_type = std::basic_istream<char>]
       operator>>(ios_base& (*__pf)(ios_base&))
[01;32m[K       ^[m[K
[01m[K/usr/include/c++/5/istream:131:7:[m[K [01;36m[Knote: [m[K  no known conversion for argument 1 from ‘[01m[Kros::NodeHandle[m[K’ to ‘[01m[Kstd::ios_base& (*)(std::ios_base&)[m[K’
[01m[K/usr/include/c++/5/istream:168:7:[m[K [01;36m[Knote: [m[Kcandidate: std::basic_istream<_CharT, _Traits>::__istream_type& std::basic_istream<_CharT, _Traits>::operator>>(bool&) [with _CharT = char; _Traits = std::char_traits<char>; std::basic_istream<_CharT, _Traits>::__istream_type = std::basic_istream<char>]
       operator>>(bool& __n)
[01;32m[K       ^[m[K
[01m[K/usr/include/c++/5/istream:168:7:[m[K [01;36m[Knote: [m[K  no known conversion for argument 1 from ‘[01m[Kros::NodeHandle[m[K’ to ‘[01m[Kbool&[m[K’
[01m[K/usr/include/c++/5/istream:172:7:[m[K [01;36m[Knote: [m[Kcandidate: std::basic_istream<_CharT, _Traits>& std::basic_istream<_CharT, _Traits>::operator>>(short int&) [with _CharT = char; _Traits = std::char_traits<char>]
       operator>>(short& __n);
[01;32m[K       ^[m[K
[01m[K/usr/include/c++/5/istream:172:7:[m[K [01;36m[Knote: [m[K  no known conversion for argument 1 from ‘[01m[Kros::NodeHandle[m[K’ to ‘[01m[Kshort int&[m[K’
[01m[K/usr/include/c++/5/istream:175:7:[m[K [01;36m[Knote: [m[Kcandidate: std::basic_istream<_CharT, _Traits>::__istream_type& std::basic_istream<_CharT, _Traits>::operator>>(short unsigned int&) [with _CharT = char; _Traits = std::char_traits<char>; std::basic_istream<_CharT, _Traits>::__istream_type = std::basic_istream<char>]
       operator>>(unsigned short& __n)
[01;32m[K       ^[m[K
[01m[K/usr/include/c++/5/istream:175:7:[m[K [01;36m[Knote: [m[K  no known conversion for argument 1 from ‘[01m[Kros::NodeHandle[m[K’ to ‘[01m[Kshort unsigned int&[m[K’
[01m[K/usr/include/c++/5/istream:179:7:[m[K [01;36m[Knote: [m[Kcandidate: std::basic_istream<_CharT, _Traits>& std::basic_istream<_CharT, _Traits>::operator>>(int&) [with _CharT = char; _Traits = std::char_traits<char>]
       operator>>(int& __n);
[01;32m[K       ^[m[K
[01m[K/usr/include/c++/5/istream:179:7:[m[K [01;36m[Knote: [m[K  no known conversion for argument 1 from ‘[01m[Kros::NodeHandle[m[K’ to ‘[01m[Kint&[m[K’
[01m[K/usr/include/c++/5/istream:182:7:[m[K [01;36m[Knote: [m[Kcandidate: std::basic_istream<_CharT, _Traits>::__istream_type& std::basic_istream<_CharT, _Traits>::operator>>(unsigned int&) [with _CharT = char; _Traits = std::char_traits<char>; std::basic_istream<_CharT, _Traits>::__istream_type = std::basic_istream<char>]
       operator>>(unsigned int& __n)
[01;32m[K       ^[m[K
[01m[K/usr/include/c++/5/istream:182:7:[m[K [01;36m[Knote: [m[K  no known conversion for argument 1 from ‘[01m[Kros::NodeHandle[m[K’ to ‘[01m[Kunsigned int&[m[K’
[01m[K/usr/include/c++/5/istream:186:7:[m[K [01;36m[Knote: [m[Kcandidate: std::basic_istream<_CharT, _Traits>::__istream_type& std::basic_istream<_CharT, _Traits>::operator>>(long int&) [with _CharT = char; _Traits = std::char_traits<char>; std::basic_istream<_CharT, _Traits>::__istream_type = std::basic_istream<char>]
       operator>>(long& __n)
[01;32m[K       ^[m[K
[01m[K/usr/include/c++/5/istream:186:7:[m[K [01;36m[Knote: [m[K  no known conversion for argument 1 from ‘[01m[Kros::NodeHandle[m[K’ to ‘[01m[Klong int&[m[K’
[01m[K/usr/include/c++/5/istream:190:7:[m[K [01;36m[Knote: [m[Kcandidate: std::basic_istream<_CharT, _Traits>::__istream_type& std::basic_istream<_CharT, _Traits>::operator>>(long unsigned int&) [with _CharT = char; _Traits = std::char_traits<char>; std::basic_istream<_CharT, _Traits>::__istream_type = std::basic_istream<char>]
       operator>>(unsigned long& __n)
[01;32m[K       ^[m[K
[01m[K/usr/include/c++/5/istream:190:7:[m[K [01;36m[Knote: [m[K  no known conversion for argument 1 from ‘[01m[Kros::NodeHandle[m[K’ to ‘[01m[Klong unsigned int&[m[K’
[01m[K/usr/include/c++/5/istream:195:7:[m[K [01;36m[Knote: [m[Kcandidate: std::basic_istream<_CharT, _Traits>::__istream_type& std::basic_istream<_CharT, _Traits>::operator>>(long long int&) [with _CharT = char; _Traits = std::char_traits<char>; std::basic_istream<_CharT, _Traits>::__istream_type = std::basic_istream<char>]
       operator>>(long long& __n)
[01;32m[K       ^[m[K
[01m[K/usr/include/c++/5/istream:195:7:[m[K [01;36m[Knote: [m[K  no known conversion for argument 1 from ‘[01m[Kros::NodeHandle[m[K’ to ‘[01m[Klong long int&[m[K’
[01m[K/usr/include/c++/5/istream:199:7:[m[K [01;36m[Knote: [m[Kcandidate: std::basic_istream<_CharT, _Traits>::__istream_type& std::basic_istream<_CharT, _Traits>::operator>>(long long unsigned int&) [with _CharT = char; _Traits = std::char_traits<char>; std::basic_istream<_CharT, _Traits>::__istream_type = std::basic_istream<char>]
       operator>>(unsigned long long& __n)
[01;32m[K       ^[m[K
[01m[K/usr/include/c++/5/istream:199:7:[m[K [01;36m[Knote: [m[K  no known conversion for argument 1 from ‘[01m[Kros::NodeHandle[m[K’ to ‘[01m[Klong long unsigned int&[m[K’
[01m[K/usr/include/c++/5/istream:214:7:[m[K [01;36m[Knote: [m[Kcandidate: std::basic_istream<_CharT, _Traits>::__istream_type& std::basic_istream<_CharT, _Traits>::operator>>(float&) [with _CharT = char; _Traits = std::char_traits<char>; std::basic_istream<_CharT, _Traits>::__istream_type = std::basic_istream<char>]
       operator>>(float& __f)
[01;32m[K       ^[m[K
[01m[K/usr/include/c++/5/istream:214:7:[m[K [01;36m[Knote: [m[K  no known conversion for argument 1 from ‘[01m[Kros::NodeHandle[m[K’ to ‘[01m[Kfloat&[m[K’
[01m[K/usr/include/c++/5/istream:218:7:[m[K [01;36m[Knote: [m[Kcandidate: std::basic_istream<_CharT, _Traits>::__istream_type& std::basic_istream<_CharT, _Traits>::operator>>(double&) [with _CharT = char; _Traits = std::char_traits<char>; std::basic_istream<_CharT, _Traits>::__istream_type = std::basic_istream<char>]
       operator>>(double& __f)
[01;32m[K       ^[m[K
[01m[K/usr/include/c++/5/istream:218:7:[m[K [01;36m[Knote: [m[K  no known conversion for argument 1 from ‘[01m[Kros::NodeHandle[m[K’ to ‘[01m[Kdouble&[m[K’
[01m[K/usr/include/c++/5/istream:222:7:[m[K [01;36m[Knote: [m[Kcandidate: std::basic_istream<_CharT, _Traits>::__istream_type& std::basic_istream<_CharT, _Traits>::operator>>(long double&) [with _CharT = char; _Traits = std::char_traits<char>; std::basic_istream<_CharT, _Traits>::__istream_type = std::basic_istream<char>]
       operator>>(long double& __f)
[01;32m[K       ^[m[K
[01m[K/usr/include/c++/5/istream:222:7:[m[K [01;36m[Knote: [m[K  no known conversion for argument 1 from ‘[01m[Kros::NodeHandle[m[K’ to ‘[01m[Klong double&[m[K’
[01m[K/usr/include/c++/5/istream:235:7:[m[K [01;36m[Knote: [m[Kcandidate: std::basic_istream<_CharT, _Traits>::__istream_type& std::basic_istream<_CharT, _Traits>::operator>>(void*&) [with _CharT = char; _Traits = std::char_traits<char>; std::basic_istream<_CharT, _Traits>::__istream_type = std::basic_istream<char>]
       operator>>(void*& __p)
[01;32m[K       ^[m[K
[01m[K/usr/include/c++/5/istream:235:7:[m[K [01;36m[Knote: [m[K  no known conversion for argument 1 from ‘[01m[Kros::NodeHandle[m[K’ to ‘[01m[Kvoid*&[m[K’
[01m[K/usr/include/c++/5/istream:259:7:[m[K [01;36m[Knote: [m[Kcandidate: std::basic_istream<_CharT, _Traits>& std::basic_istream<_CharT, _Traits>::operator>>(std::basic_istream<_CharT, _Traits>::__streambuf_type*) [with _CharT = char; _Traits = std::char_traits<char>; std::basic_istream<_CharT, _Traits>::__streambuf_type = std::basic_streambuf<char>]
       operator>>(__streambuf_type* __sb);
[01;32m[K       ^[m[K
[01m[K/usr/include/c++/5/istream:259:7:[m[K [01;36m[Knote: [m[K  no known conversion for argument 1 from ‘[01m[Kros::NodeHandle[m[K’ to ‘[01m[Kstd::basic_istream<char>::__streambuf_type* {aka std::basic_streambuf<char>*}[m[K’
In file included from [01m[K/usr/include/c++/5/string:53:0[m[K,
                 from [01m[K/opt/ros/kinetic/include/ros/platform.h:55[m[K,
                 from [01m[K/opt/ros/kinetic/include/ros/time.h:53[m[K,
                 from [01m[K/opt/ros/kinetic/include/ros/ros.h:38[m[K,
                 from [01m[K/home/esaii-admin/catkin_ws/src/imu_data/src/imu_data.cpp:1[m[K:
[01m[K/usr/include/c++/5/bits/basic_string.tcc:1441:5:[m[K [01;36m[Knote: [m[Kcandidate: template<class _CharT, class _Traits, class _Alloc> std::basic_istream<_CharT, _Traits>& std::operator>>(std::basic_istream<_CharT, _Traits>&, std::__cxx11::basic_string<_CharT, _Traits, _Alloc>&)
     operator>>(basic_istream<_CharT, _Traits>& __in,
[01;32m[K     ^[m[K
[01m[K/usr/include/c++/5/bits/basic_string.tcc:1441:5:[m[K [01;36m[Knote: [m[K  template argument deduction/substitution failed:
[01m[K/home/esaii-admin/catkin_ws/src/imu_data/src/imu_data.cpp:77:11:[m[K [01;36m[Knote: [m[K  ‘[01m[Kros::NodeHandle[m[K’ is not derived from ‘[01m[Kstd::__cxx11::basic_string<_CharT, _Traits, _Alloc>[m[K’
    cin >> n;
[01;32m[K           ^[m[K
In file included from [01m[K/usr/include/c++/5/istream:934:0[m[K,
                 from [01m[K/usr/include/c++/5/iostream:40[m[K,
                 from [01m[K/opt/ros/kinetic/include/ros/time.h:54[m[K,
                 from [01m[K/opt/ros/kinetic/include/ros/ros.h:38[m[K,
                 from [01m[K/home/esaii-admin/catkin_ws/src/imu_data/src/imu_data.cpp:1[m[K:
[01m[K/usr/include/c++/5/bits/istream.tcc:955:5:[m[K [01;36m[Knote: [m[Kcandidate: template<class _CharT2, class _Traits2> std::basic_istream<_CharT, _Traits>& std::operator>>(std::basic_istream<_CharT, _Traits>&, _CharT2*)
     operator>>(basic_istream<_CharT, _Traits>& __in, _CharT* __s)
[01;32m[K     ^[m[K
[01m[K/usr/include/c++/5/bits/istream.tcc:955:5:[m[K [01;36m[Knote: [m[K  template argument deduction/substitution failed:
[01m[K/home/esaii-admin/catkin_ws/src/imu_data/src/imu_data.cpp:77:11:[m[K [01;36m[Knote: [m[K  mismatched types ‘[01m[K_CharT2*[m[K’ and ‘[01m[Kros::NodeHandle[m[K’
    cin >> n;
[01;32m[K           ^[m[K
In file included from [01m[K/usr/include/c++/5/istream:934:0[m[K,
                 from [01m[K/usr/include/c++/5/iostream:40[m[K,
                 from [01m[K/opt/ros/kinetic/include/ros/time.h:54[m[K,
                 from [01m[K/opt/ros/kinetic/include/ros/ros.h:38[m[K,
                 from [01m[K/home/esaii-admin/catkin_ws/src/imu_data/src/imu_data.cpp:1[m[K:
[01m[K/usr/include/c++/5/bits/istream.tcc:923:5:[m[K [01;36m[Knote: [m[Kcandidate: template<class _CharT, class _Traits> std::basic_istream<_CharT, _Traits>& std::operator>>(std::basic_istream<_CharT, _Traits>&, _CharT&)
     operator>>(basic_istream<_CharT, _Traits>& __in, _CharT& __c)
[01;32m[K     ^[m[K
[01m[K/usr/include/c++/5/bits/istream.tcc:923:5:[m[K [01;36m[Knote: [m[K  template argument deduction/substitution failed:
[01m[K/home/esaii-admin/catkin_ws/src/imu_data/src/imu_data.cpp:77:11:[m[K [01;36m[Knote: [m[K  deduced conflicting types for parameter ‘[01m[K_CharT[m[K’ (‘[01m[Kchar[m[K’ and ‘[01m[Kros::NodeHandle[m[K’)
    cin >> n;
[01;32m[K           ^[m[K
In file included from [01m[K/usr/include/c++/5/iostream:40:0[m[K,
                 from [01m[K/opt/ros/kinetic/include/ros/time.h:54[m[K,
                 from [01m[K/opt/ros/kinetic/include/ros/ros.h:38[m[K,
                 from [01m[K/home/esaii-admin/catkin_ws/src/imu_data/src/imu_data.cpp:1[m[K:
[01m[K/usr/include/c++/5/istream:756:5:[m[K [01;36m[Knote: [m[Kcandidate: template<class _Traits> std::basic_istream<char, _Traits>& std::operator>>(std::basic_istream<char, _Traits>&, unsigned char&)
     operator>>(basic_istream<char, _Traits>& __in, unsigned char& __c)
[01;32m[K     ^[m[K
[01m[K/usr/include/c++/5/istream:756:5:[m[K [01;36m[Knote: [m[K  template argument deduction/substitution failed:
[01m[K/home/esaii-admin/catkin_ws/src/imu_data/src/imu_data.cpp:77:11:[m[K [01;36m[Knote: [m[K  cannot convert ‘[01m[Kn[m[K’ (type ‘[01m[Kros::NodeHandle[m[K’) to type ‘[01m[Kunsigned char&[m[K’
    cin >> n;
[01;32m[K           ^[m[K
In file included from [01m[K/usr/include/c++/5/iostream:40:0[m[K,
                 from [01m[K/opt/ros/kinetic/include/ros/time.h:54[m[K,
                 from [01m[K/opt/ros/kinetic/include/ros/ros.h:38[m[K,
                 from [01m[K/home/esaii-admin/catkin_ws/src/imu_data/src/imu_data.cpp:1[m[K:
[01m[K/usr/include/c++/5/istream:761:5:[m[K [01;36m[Knote: [m[Kcandidate: template<class _Traits> std::basic_istream<char, _Traits>& std::operator>>(std::basic_istream<char, _Traits>&, signed char&)
     operator>>(basic_istream<char, _Traits>& __in, signed char& __c)
[01;32m[K     ^[m[K
[01m[K/usr/include/c++/5/istream:761:5:[m[K [01;36m[Knote: [m[K  template argument deduction/substitution failed:
[01m[K/home/esaii-admin/catkin_ws/src/imu_data/src/imu_data.cpp:77:11:[m[K [01;36m[Knote: [m[K  cannot convert ‘[01m[Kn[m[K’ (type ‘[01m[Kros::NodeHandle[m[K’) to type ‘[01m[Ksigned char&[m[K’
    cin >> n;
[01;32m[K           ^[m[K
In file included from [01m[K/usr/include/c++/5/iostream:40:0[m[K,
                 from [01m[K/opt/ros/kinetic/include/ros/time.h:54[m[K,
                 from [01m[K/opt/ros/kinetic/include/ros/ros.h:38[m[K,
                 from [01m[K/home/esaii-admin/catkin_ws/src/imu_data/src/imu_data.cpp:1[m[K:
[01m[K/usr/include/c++/5/istream:803:5:[m[K [01;36m[Knote: [m[Kcandidate: template<class _Traits> std::basic_istream<char, _Traits>& std::operator>>(std::basic_istream<char, _Traits>&, unsigned char*)
     operator>>(basic_istream<char, _Traits>& __in, unsigned char* __s)
[01;32m[K     ^[m[K
[01m[K/usr/include/c++/5/istream:803:5:[m[K [01;36m[Knote: [m[K  template argument deduction/substitution failed:
[01m[K/home/esaii-admin/catkin_ws/src/imu_data/src/imu_data.cpp:77:11:[m[K [01;36m[Knote: [m[K  cannot convert ‘[01m[Kn[m[K’ (type ‘[01m[Kros::NodeHandle[m[K’) to type ‘[01m[Kunsigned char*[m[K’
    cin >> n;
[01;32m[K           ^[m[K
In file included from [01m[K/usr/include/c++/5/iostream:40:0[m[K,
                 from [01m[K/opt/ros/kinetic/include/ros/time.h:54[m[K,
                 from [01m[K/opt/ros/kinetic/include/ros/ros.h:38[m[K,
                 from [01m[K/home/esaii-admin/catkin_ws/src/imu_data/src/imu_data.cpp:1[m[K:
[01m[K/usr/include/c++/5/istream:808:5:[m[K [01;36m[Knote: [m[Kcandidate: template<class _Traits> std::basic_istream<char, _Traits>& std::operator>>(std::basic_istream<char, _Traits>&, signed char*)
     operator>>(basic_istream<char, _Traits>& __in, signed char* __s)
[01;32m[K     ^[m[K
[01m[K/usr/include/c++/5/istream:808:5:[m[K [01;36m[Knote: [m[K  template argument deduction/substitution failed:
[01m[K/home/esaii-admin/catkin_ws/src/imu_data/src/imu_data.cpp:77:11:[m[K [01;36m[Knote: [m[K  cannot convert ‘[01m[Kn[m[K’ (type ‘[01m[Kros::NodeHandle[m[K’) to type ‘[01m[Ksigned char*[m[K’
    cin >> n;
[01;32m[K           ^[m[K
In file included from [01m[K/usr/include/boost/math/policies/error_handling.hpp:12:0[m[K,
                 from [01m[K/usr/include/boost/math/special_functions/round.hpp:14[m[K,
                 from [01m[K/opt/ros/kinetic/include/ros/time.h:58[m[K,
                 from [01m[K/opt/ros/kinetic/include/ros/ros.h:38[m[K,
                 from [01m[K/home/esaii-admin/catkin_ws/src/imu_data/src/imu_data.cpp:1[m[K:
[01m[K/usr/include/c++/5/iomanip:71:5:[m[K [01;36m[Knote: [m[Kcandidate: template<class _CharT, class _Traits> std::basic_istream<_CharT, _Traits>& std::operator>>(std::basic_istream<_CharT, _Traits>&, std::_Resetiosflags)
     operator>>(basic_istream<_CharT, _Traits>& __is, _Resetiosflags __f)
[01;32m[K     ^[m[K
[01m[K/usr/include/c++/5/iomanip:71:5:[m[K [01;36m[Knote: [m[K  template argument deduction/substitution failed:
[01m[K/home/esaii-admin/catkin_ws/src/imu_data/src/imu_data.cpp:77:11:[m[K [01;36m[Knote: [m[K  cannot convert ‘[01m[Kn[m[K’ (type ‘[01m[Kros::NodeHandle[m[K’) to type ‘[01m[Kstd::_Resetiosflags[m[K’
    cin >> n;
[01;32m[K           ^[m[K
In file included from [01m[K/usr/include/boost/math/policies/error_handling.hpp:12:0[m[K,
                 from [01m[K/usr/include/boost/math/special_functions/round.hpp:14[m[K,
                 from [01m[K/opt/ros/kinetic/include/ros/time.h:58[m[K,
                 from [01m[K/opt/ros/kinetic/include/ros/ros.h:38[m[K,
                 from [01m[K/home/esaii-admin/catkin_ws/src/imu_data/src/imu_data.cpp:1[m[K:
[01m[K/usr/include/c++/5/iomanip:101:5:[m[K [01;36m[Knote: [m[Kcandidate: template<class _CharT, class _Traits> std::basic_istream<_CharT, _Traits>& std::operator>>(std::basic_istream<_CharT, _Traits>&, std::_Setiosflags)
     operator>>(basic_istream<_CharT, _Traits>& __is, _Setiosflags __f)
[01;32m[K     ^[m[K
[01m[K/usr/include/c++/5/iomanip:101:5:[m[K [01;36m[Knote: [m[K  template argument deduction/substitution failed:
[01m[K/home/esaii-admin/catkin_ws/src/imu_data/src/imu_data.cpp:77:11:[m[K [01;36m[Knote: [m[K  cannot convert ‘[01m[Kn[m[K’ (type ‘[01m[Kros::NodeHandle[m[K’) to type ‘[01m[Kstd::_Setiosflags[m[K’
    cin >> n;
[01;32m[K           ^[m[K
In file included from [01m[K/usr/include/boost/math/policies/error_handling.hpp:12:0[m[K,
                 from [01m[K/usr/include/boost/math/special_functions/round.hpp:14[m[K,
                 from [01m[K/opt/ros/kinetic/include/ros/time.h:58[m[K,
                 from [01m[K/opt/ros/kinetic/include/ros/ros.h:38[m[K,
                 from [01m[K/home/esaii-admin/catkin_ws/src/imu_data/src/imu_data.cpp:1[m[K:
[01m[K/usr/include/c++/5/iomanip:132:5:[m[K [01;36m[Knote: [m[Kcandidate: template<class _CharT, class _Traits> std::basic_istream<_CharT, _Traits>& std::operator>>(std::basic_istream<_CharT, _Traits>&, std::_Setbase)
     operator>>(basic_istream<_CharT, _Traits>& __is, _Setbase __f)
[01;32m[K     ^[m[K
[01m[K/usr/include/c++/5/iomanip:132:5:[m[K [01;36m[Knote: [m[K  template argument deduction/substitution failed:
[01m[K/home/esaii-admin/catkin_ws/src/imu_data/src/imu_data.cpp:77:11:[m[K [01;36m[Knote: [m[K  cannot convert ‘[01m[Kn[m[K’ (type ‘[01m[Kros::NodeHandle[m[K’) to type ‘[01m[Kstd::_Setbase[m[K’
    cin >> n;
[01;32m[K           ^[m[K
In file included from [01m[K/usr/include/boost/math/policies/error_handling.hpp:12:0[m[K,
                 from [01m[K/usr/include/boost/math/special_functions/round.hpp:14[m[K,
                 from [01m[K/opt/ros/kinetic/include/ros/time.h:58[m[K,
                 from [01m[K/opt/ros/kinetic/include/ros/ros.h:38[m[K,
                 from [01m[K/home/esaii-admin/catkin_ws/src/imu_data/src/imu_data.cpp:1[m[K:
[01m[K/usr/include/c++/5/iomanip:170:5:[m[K [01;36m[Knote: [m[Kcandidate: template<class _CharT, class _Traits> std::basic_istream<_CharT, _Traits>& std::operator>>(std::basic_istream<_CharT, _Traits>&, std::_Setfill<_CharT>)
     operator>>(basic_istream<_CharT, _Traits>& __is, _Setfill<_CharT> __f)
[01;32m[K     ^[m[K
[01m[K/usr/include/c++/5/iomanip:170:5:[m[K [01;36m[Knote: [m[K  template argument deduction/substitution failed:
[01m[K/home/esaii-admin/catkin_ws/src/imu_data/src/imu_data.cpp:77:11:[m[K [01;36m[Knote: [m[K  ‘[01m[Kros::NodeHandle[m[K’ is not derived from ‘[01m[Kstd::_Setfill<_CharT>[m[K’
    cin >> n;
[01;32m[K           ^[m[K
In file included from [01m[K/usr/include/boost/math/policies/error_handling.hpp:12:0[m[K,
                 from [01m[K/usr/include/boost/math/special_functions/round.hpp:14[m[K,
                 from [01m[K/opt/ros/kinetic/include/ros/time.h:58[m[K,
                 from [01m[K/opt/ros/kinetic/include/ros/ros.h:38[m[K,
                 from [01m[K/home/esaii-admin/catkin_ws/src/imu_data/src/imu_data.cpp:1[m[K:
[01m[K/usr/include/c++/5/iomanip:200:5:[m[K [01;36m[Knote: [m[Kcandidate: template<class _CharT, class _Traits> std::basic_istream<_CharT, _Traits>& std::operator>>(std::basic_istream<_CharT, _Traits>&, std::_Setprecision)
     operator>>(basic_istream<_CharT, _Traits>& __is, _Setprecision __f)
[01;32m[K     ^[m[K
[01m[K/usr/include/c++/5/iomanip:200:5:[m[K [01;36m[Knote: [m[K  template argument deduction/substitution failed:
[01m[K/home/esaii-admin/catkin_ws/src/imu_data/src/imu_data.cpp:77:11:[m[K [01;36m[Knote: [m[K  cannot convert ‘[01m[Kn[m[K’ (type ‘[01m[Kros::NodeHandle[m[K’) to type ‘[01m[Kstd::_Setprecision[m[K’
    cin >> n;
[01;32m[K           ^[m[K
In file included from [01m[K/usr/include/boost/math/policies/error_handling.hpp:12:0[m[K,
                 from [01m[K/usr/include/boost/math/special_functions/round.hpp:14[m[K,
                 from [01m[K/opt/ros/kinetic/include/ros/time.h:58[m[K,
                 from [01m[K/opt/ros/kinetic/include/ros/ros.h:38[m[K,
                 from [01m[K/home/esaii-admin/catkin_ws/src/imu_data/src/imu_data.cpp:1[m[K:
[01m[K/usr/include/c++/5/iomanip:230:5:[m[K [01;36m[Knote: [m[Kcandidate: template<class _CharT, class _Traits> std::basic_istream<_CharT, _Traits>& std::operator>>(std::basic_istream<_CharT, _Traits>&, std::_Setw)
     operator>>(basic_istream<_CharT, _Traits>& __is, _Setw __f)
[01;32m[K     ^[m[K
[01m[K/usr/include/c++/5/iomanip:230:5:[m[K [01;36m[Knote: [m[K  template argument deduction/substitution failed:
[01m[K/home/esaii-admin/catkin_ws/src/imu_data/src/imu_data.cpp:77:11:[m[K [01;36m[Knote: [m[K  cannot convert ‘[01m[Kn[m[K’ (type ‘[01m[Kros::NodeHandle[m[K’) to type ‘[01m[Kstd::_Setw[m[K’
    cin >> n;
[01;32m[K           ^[m[K
In file included from [01m[K/usr/include/boost/config/no_tr1/complex.hpp:21:0[m[K,
                 from [01m[K/usr/include/boost/math/policies/error_handling.hpp:15[m[K,
                 from [01m[K/usr/include/boost/math/special_functions/round.hpp:14[m[K,
                 from [01m[K/opt/ros/kinetic/include/ros/time.h:58[m[K,
                 from [01m[K/opt/ros/kinetic/include/ros/ros.h:38[m[K,
                 from [01m[K/home/esaii-admin/catkin_ws/src/imu_data/src/imu_data.cpp:1[m[K:
[01m[K/usr/include/c++/5/complex:493:5:[m[K [01;36m[Knote: [m[Kcandidate: template<class _Tp, class _CharT, class _Traits> std::basic_istream<_CharT, _Traits>& std::operator>>(std::basic_istream<_CharT, _Traits>&, std::complex<_Tp>&)
     operator>>(basic_istream<_CharT, _Traits>& __is, complex<_Tp>& __x)
[01;32m[K     ^[m[K
[01m[K/usr/include/c++/5/complex:493:5:[m[K [01;36m[Knote: [m[K  template argument deduction/substitution failed:
[01m[K/home/esaii-admin/catkin_ws/src/imu_data/src/imu_data.cpp:77:11:[m[K [01;36m[Knote: [m[K  ‘[01m[Kros::NodeHandle[m[K’ is not derived from ‘[01m[Kstd::complex<_Tp>[m[K’
    cin >> n;
[01;32m[K           ^[m[K
[01m[K/home/esaii-admin/catkin_ws/src/imu_data/src/imu_data.cpp:79:38:[m[K [01;31m[Kerror: [m[Kno matching function for call to ‘[01m[Kstd::vector<mavros_msgs::Waypoint_<std::allocator<void> >, std::allocator<mavros_msgs::Waypoint_<std::allocator<void> > > >::vector(ros::NodeHandle&)[m[K’
    vector<mavros_msgs::Waypoint> as(n);
[01;32m[K                                      ^[m[K
In file included from [01m[K/usr/include/c++/5/vector:64:0[m[K,
                 from [01m[K/usr/include/boost/format.hpp:17[m[K,
                 from [01m[K/usr/include/boost/math/policies/error_handling.hpp:31[m[K,
                 from [01m[K/usr/include/boost/math/special_functions/round.hpp:14[m[K,
                 from [01m[K/opt/ros/kinetic/include/ros/time.h:58[m[K,
                 from [01m[K/opt/ros/kinetic/include/ros/ros.h:38[m[K,
                 from [01m[K/home/esaii-admin/catkin_ws/src/imu_data/src/imu_data.cpp:1[m[K:
[01m[K/usr/include/c++/5/bits/stl_vector.h:407:9:[m[K [01;36m[Knote: [m[Kcandidate: template<class _InputIterator> std::vector<_Tp, _Alloc>::vector(_InputIterator, _InputIterator, const allocator_type&)
         vector(_InputIterator __first, _InputIterator __last,
[01;32m[K         ^[m[K
[01m[K/usr/include/c++/5/bits/stl_vector.h:407:9:[m[K [01;36m[Knote: [m[K  template argument deduction/substitution failed:
[01m[K/home/esaii-admin/catkin_ws/src/imu_data/src/imu_data.cpp:79:38:[m[K [01;36m[Knote: [m[K  candidate expects 3 arguments, 1 provided
    vector<mavros_msgs::Waypoint> as(n);
[01;32m[K                                      ^[m[K
In file included from [01m[K/usr/include/c++/5/vector:64:0[m[K,
                 from [01m[K/usr/include/boost/format.hpp:17[m[K,
                 from [01m[K/usr/include/boost/math/policies/error_handling.hpp:31[m[K,
                 from [01m[K/usr/include/boost/math/special_functions/round.hpp:14[m[K,
                 from [01m[K/opt/ros/kinetic/include/ros/time.h:58[m[K,
                 from [01m[K/opt/ros/kinetic/include/ros/ros.h:38[m[K,
                 from [01m[K/home/esaii-admin/catkin_ws/src/imu_data/src/imu_data.cpp:1[m[K:
[01m[K/usr/include/c++/5/bits/stl_vector.h:318:7:[m[K [01;36m[Knote: [m[Kcandidate: std::vector<_Tp, _Alloc>::vector(const std::vector<_Tp, _Alloc>&) [with _Tp = mavros_msgs::Waypoint_<std::allocator<void> >; _Alloc = std::allocator<mavros_msgs::Waypoint_<std::allocator<void> > >]
       vector(const vector& __x)
[01;32m[K       ^[m[K
[01m[K/usr/include/c++/5/bits/stl_vector.h:318:7:[m[K [01;36m[Knote: [m[K  no known conversion for argument 1 from ‘[01m[Kros::NodeHandle[m[K’ to ‘[01m[Kconst std::vector<mavros_msgs::Waypoint_<std::allocator<void> >, std::allocator<mavros_msgs::Waypoint_<std::allocator<void> > > >&[m[K’
[01m[K/usr/include/c++/5/bits/stl_vector.h:303:7:[m[K [01;36m[Knote: [m[Kcandidate: std::vector<_Tp, _Alloc>::vector(std::vector<_Tp, _Alloc>::size_type, const value_type&, const allocator_type&) [with _Tp = mavros_msgs::Waypoint_<std::allocator<void> >; _Alloc = std::allocator<mavros_msgs::Waypoint_<std::allocator<void> > >; std::vector<_Tp, _Alloc>::size_type = long unsigned int; std::vector<_Tp, _Alloc>::value_type = mavros_msgs::Waypoint_<std::allocator<void> >; std::vector<_Tp, _Alloc>::allocator_type = std::allocator<mavros_msgs::Waypoint_<std::allocator<void> > >]
       vector(size_type __n, const value_type& __value = value_type(),
[01;32m[K       ^[m[K
[01m[K/usr/include/c++/5/bits/stl_vector.h:303:7:[m[K [01;36m[Knote: [m[K  no known conversion for argument 1 from ‘[01m[Kros::NodeHandle[m[K’ to ‘[01m[Kstd::vector<mavros_msgs::Waypoint_<std::allocator<void> >, std::allocator<mavros_msgs::Waypoint_<std::allocator<void> > > >::size_type {aka long unsigned int}[m[K’
[01m[K/usr/include/c++/5/bits/stl_vector.h:264:7:[m[K [01;36m[Knote: [m[Kcandidate: std::vector<_Tp, _Alloc>::vector(const allocator_type&) [with _Tp = mavros_msgs::Waypoint_<std::allocator<void> >; _Alloc = std::allocator<mavros_msgs::Waypoint_<std::allocator<void> > >; std::vector<_Tp, _Alloc>::allocator_type = std::allocator<mavros_msgs::Waypoint_<std::allocator<void> > >]
       vector(const allocator_type& __a) _GLIBCXX_NOEXCEPT
[01;32m[K       ^[m[K
[01m[K/usr/include/c++/5/bits/stl_vector.h:264:7:[m[K [01;36m[Knote: [m[K  no known conversion for argument 1 from ‘[01m[Kros::NodeHandle[m[K’ to ‘[01m[Kconst allocator_type& {aka const std::allocator<mavros_msgs::Waypoint_<std::allocator<void> > >&}[m[K’
[01m[K/usr/include/c++/5/bits/stl_vector.h:253:7:[m[K [01;36m[Knote: [m[Kcandidate: std::vector<_Tp, _Alloc>::vector() [with _Tp = mavros_msgs::Waypoint_<std::allocator<void> >; _Alloc = std::allocator<mavros_msgs::Waypoint_<std::allocator<void> > >]
       vector()
[01;32m[K       ^[m[K
[01m[K/usr/include/c++/5/bits/stl_vector.h:253:7:[m[K [01;36m[Knote: [m[K  candidate expects 0 arguments, 1 provided
[01m[K/home/esaii-admin/catkin_ws/src/imu_data/src/imu_data.cpp:168:28:[m[K [01;35m[Kwarning: [m[Kextended initializer lists only available with -std=c++11 or -std=gnu++11
    wp_clear_srv.request = {};
[01;32m[K                            ^[m[K
[01m[K/home/esaii-admin/catkin_ws/src/imu_data/src/imu_data.cpp:168:25:[m[K [01;35m[Kwarning: [m[Kextended initializer lists only available with -std=c++11 or -std=gnu++11
    wp_clear_srv.request = {};
[01;32m[K                         ^[m[K
[01m[K/home/esaii-admin/catkin_ws/src/imu_data/src/imu_data.cpp:187:20:[m[K [01;31m[Kerror: [m[Kno match for ‘[01m[Koperator<[m[K’ (operand types are ‘[01m[Kint[m[K’ and ‘[01m[Kros::NodeHandle[m[K’)
  for(int is = 0;is < n;++is) {
[01;32m[K                    ^[m[K
In file included from [01m[K/usr/include/c++/5/bits/stl_algobase.h:64:0[m[K,
                 from [01m[K/usr/include/c++/5/bits/char_traits.h:39[m[K,
                 from [01m[K/usr/include/c++/5/string:40[m[K,
                 from [01m[K/opt/ros/kinetic/include/ros/platform.h:55[m[K,
                 from [01m[K/opt/ros/kinetic/include/ros/time.h:53[m[K,
                 from [01m[K/opt/ros/kinetic/include/ros/ros.h:38[m[K,
                 from [01m[K/home/esaii-admin/catkin_ws/src/imu_data/src/imu_data.cpp:1[m[K:
[01m[K/usr/include/c++/5/bits/stl_pair.h:220:5:[m[K [01;36m[Knote: [m[Kcandidate: template<class _T1, class _T2> bool std::operator<(const std::pair<_T1, _T2>&, const std::pair<_T1, _T2>&)
     operator<(const pair<_T1, _T2>& __x, const pair<_T1, _T2>& __y)
[01;32m[K     ^[m[K
[01m[K/usr/include/c++/5/bits/stl_pair.h:220:5:[m[K [01;36m[Knote: [m[K  template argument deduction/substitution failed:
[01m[K/home/esaii-admin/catkin_ws/src/imu_data/src/imu_data.cpp:187:22:[m[K [01;36m[Knote: [m[K  mismatched types ‘[01m[Kconst std::pair<_T1, _T2>[m[K’ and ‘[01m[Kint[m[K’
  for(int is = 0;is < n;++is) {
[01;32m[K                      ^[m[K
In file included from [01m[K/usr/include/c++/5/bits/stl_algobase.h:67:0[m[K,
                 from [01m[K/usr/include/c++/5/bits/char_traits.h:39[m[K,
                 from [01m[K/usr/include/c++/5/string:40[m[K,
                 from [01m[K/opt/ros/kinetic/include/ros/platform.h:55[m[K,
                 from [01m[K/opt/ros/kinetic/include/ros/time.h:53[m[K,
                 from [01m[K/opt/ros/kinetic/include/ros/ros.h:38[m[K,
                 from [01m[K/home/esaii-admin/catkin_ws/src/imu_data/src/imu_data.cpp:1[m[K:
[01m[K/usr/include/c++/5/bits/stl_iterator.h:298:5:[m[K [01;36m[Knote: [m[Kcandidate: template<class _Iterator> bool std::operator<(const std::reverse_iterator<_Iterator>&, const std::reverse_iterator<_Iterator>&)
     operator<(const reverse_iterator<_Iterator>& __x,
[01;32m[K     ^[m[K
[01m[K/usr/include/c++/5/bits/stl_iterator.h:298:5:[m[K [01;36m[Knote: [m[K  template argument deduction/substitution failed:
[01m[K/home/esaii-admin/catkin_ws/src/imu_data/src/imu_data.cpp:187:22:[m[K [01;36m[Knote: [m[K  mismatched types ‘[01m[Kconst std::reverse_iterator<_Iterator>[m[K’ and ‘[01m[Kint[m[K’
  for(int is = 0;is < n;++is) {
[01;32m[K                      ^[m[K
In file included from [01m[K/usr/include/c++/5/bits/stl_algobase.h:67:0[m[K,
                 from [01m[K/usr/include/c++/5/bits/char_traits.h:39[m[K,
                 from [01m[K/usr/include/c++/5/string:40[m[K,
                 from [01m[K/opt/ros/kinetic/include/ros/platform.h:55[m[K,
                 from [01m[K/opt/ros/kinetic/include/ros/time.h:53[m[K,
                 from [01m[K/opt/ros/kinetic/include/ros/ros.h:38[m[K,
                 from [01m[K/home/esaii-admin/catkin_ws/src/imu_data/src/imu_data.cpp:1[m[K:
[01m[K/usr/include/c++/5/bits/stl_iterator.h:348:5:[m[K [01;36m[Knote: [m[Kcandidate: template<class _IteratorL, class _IteratorR> bool std::operator<(const std::reverse_iterator<_Iterator>&, const std::reverse_iterator<_IteratorR>&)
     operator<(const reverse_iterator<_IteratorL>& __x,
[01;32m[K     ^[m[K
[01m[K/usr/include/c++/5/bits/stl_iterator.h:348:5:[m[K [01;36m[Knote: [m[K  template argument deduction/substitution failed:
[01m[K/home/esaii-admin/catkin_ws/src/imu_data/src/imu_data.cpp:187:22:[m[K [01;36m[Knote: [m[K  mismatched types ‘[01m[Kconst std::reverse_iterator<_Iterator>[m[K’ and ‘[01m[Kint[m[K’
  for(int is = 0;is < n;++is) {
[01;32m[K                      ^[m[K
In file included from [01m[K/usr/include/c++/5/string:52:0[m[K,
                 from [01m[K/opt/ros/kinetic/include/ros/platform.h:55[m[K,
                 from [01m[K/opt/ros/kinetic/include/ros/time.h:53[m[K,
                 from [01m[K/opt/ros/kinetic/include/ros/ros.h:38[m[K,
                 from [01m[K/home/esaii-admin/catkin_ws/src/imu_data/src/imu_data.cpp:1[m[K:
[01m[K/usr/include/c++/5/bits/basic_string.h:4987:5:[m[K [01;36m[Knote: [m[Kcandidate: template<class _CharT, class _Traits, class _Alloc> bool std::operator<(const std::__cxx11::basic_string<_CharT, _Traits, _Alloc>&, const std::__cxx11::basic_string<_CharT, _Traits, _Alloc>&)
     operator<(const basic_string<_CharT, _Traits, _Alloc>& __lhs,
[01;32m[K     ^[m[K
[01m[K/usr/include/c++/5/bits/basic_string.h:4987:5:[m[K [01;36m[Knote: [m[K  template argument deduction/substitution failed:
[01m[K/home/esaii-admin/catkin_ws/src/imu_data/src/imu_data.cpp:187:22:[m[K [01;36m[Knote: [m[K  mismatched types ‘[01m[Kconst std::__cxx11::basic_string<_CharT, _Traits, _Alloc>[m[K’ and ‘[01m[Kint[m[K’
  for(int is = 0;is < n;++is) {
[01;32m[K                      ^[m[K
In file included from [01m[K/usr/include/c++/5/string:52:0[m[K,
                 from [01m[K/opt/ros/kinetic/include/ros/platform.h:55[m[K,
                 from [01m[K/opt/ros/kinetic/include/ros/time.h:53[m[K,
                 from [01m[K/opt/ros/kinetic/include/ros/ros.h:38[m[K,
                 from [01m[K/home/esaii-admin/catkin_ws/src/imu_data/src/imu_data.cpp:1[m[K:
[01m[K/usr/include/c++/5/bits/basic_string.h:4999:5:[m[K [01;36m[Knote: [m[Kcandidate: template<class _CharT, class _Traits, class _Alloc> bool std::operator<(const std::__cxx11::basic_string<_CharT, _Traits, _Alloc>&, const _CharT*)
     operator<(const basic_string<_CharT, _Traits, _Alloc>& __lhs,
[01;32m[K     ^[m[K
[01m[K/usr/include/c++/5/bits/basic_string.h:4999:5:[m[K [01;36m[Knote: [m[K  template argument deduction/substitution failed:
[01m[K/home/esaii-admin/catkin_ws/src/imu_data/src/imu_data.cpp:187:22:[m[K [01;36m[Knote: [m[K  mismatched types ‘[01m[Kconst std::__cxx11::basic_string<_CharT, _Traits, _Alloc>[m[K’ and ‘[01m[Kint[m[K’
  for(int is = 0;is < n;++is) {
[01;32m[K                      ^[m[K
In file included from [01m[K/usr/include/c++/5/string:52:0[m[K,
                 from [01m[K/opt/ros/kinetic/include/ros/platform.h:55[m[K,
                 from [01m[K/opt/ros/kinetic/include/ros/time.h:53[m[K,
                 from [01m[K/opt/ros/kinetic/include/ros/ros.h:38[m[K,
                 from [01m[K/home/esaii-admin/catkin_ws/src/imu_data/src/imu_data.cpp:1[m[K:
[01m[K/usr/include/c++/5/bits/basic_string.h:5011:5:[m[K [01;36m[Knote: [m[Kcandidate: template<class _CharT, class _Traits, class _Alloc> bool std::operator<(const _CharT*, const std::__cxx11::basic_string<_CharT, _Traits, _Alloc>&)
     operator<(const _CharT* __lhs,
[01;32m[K     ^[m[K
[01m[K/usr/include/c++/5/bits/basic_string.h:5011:5:[m[K [01;36m[Knote: [m[K  template argument deduction/substitution failed:
[01m[K/home/esaii-admin/catkin_ws/src/imu_data/src/imu_data.cpp:187:22:[m[K [01;36m[Knote: [m[K  mismatched types ‘[01m[Kconst _CharT*[m[K’ and ‘[01m[Kint[m[K’
  for(int is = 0;is < n;++is) {
[01;32m[K                      ^[m[K
In file included from [01m[K/usr/include/c++/5/vector:64:0[m[K,
                 from [01m[K/usr/include/boost/format.hpp:17[m[K,
                 from [01m[K/usr/include/boost/math/policies/error_handling.hpp:31[m[K,
                 from [01m[K/usr/include/boost/math/special_functions/round.hpp:14[m[K,
                 from [01m[K/opt/ros/kinetic/include/ros/time.h:58[m[K,
                 from [01m[K/opt/ros/kinetic/include/ros/ros.h:38[m[K,
                 from [01m[K/home/esaii-admin/catkin_ws/src/imu_data/src/imu_data.cpp:1[m[K:
[01m[K/usr/include/c++/5/bits/stl_vector.h:1528:5:[m[K [01;36m[Knote: [m[Kcandidate: template<class _Tp, class _Alloc> bool std::operator<(const std::vector<_Tp, _Alloc>&, const std::vector<_Tp, _Alloc>&)
     operator<(const vector<_Tp, _Alloc>& __x, const vector<_Tp, _Alloc>& __y)
[01;32m[K     ^[m[K
[01m[K/usr/include/c++/5/bits/stl_vector.h:1528:5:[m[K [01;36m[Knote: [m[K  template argument deduction/substitution failed:
[01m[K/home/esaii-admin/catkin_ws/src/imu_data/src/imu_data.cpp:187:22:[m[K [01;36m[Knote: [m[K  mismatched types ‘[01m[Kconst std::vector<_Tp, _Alloc>[m[K’ and ‘[01m[Kint[m[K’
  for(int is = 0;is < n;++is) {
[01;32m[K                      ^[m[K
In file included from [01m[K/usr/include/c++/5/map:60:0[m[K,
                 from [01m[K/opt/ros/kinetic/include/ros/console.h:42[m[K,
                 from [01m[K/opt/ros/kinetic/include/ros/ros.h:40[m[K,
                 from [01m[K/home/esaii-admin/catkin_ws/src/imu_data/src/imu_data.cpp:1[m[K:
[01m[K/usr/include/c++/5/bits/stl_tree.h:1283:5:[m[K [01;36m[Knote: [m[Kcandidate: template<class _Key, class _Val, class _KeyOfValue, class _Compare, class _Alloc> bool std::operator<(const std::_Rb_tree<_Key, _Val, _KeyOfValue, _Compare, _Alloc>&, const std::_Rb_tree<_Key, _Val, _KeyOfValue, _Compare, _Alloc>&)
     operator<(const _Rb_tree<_Key, _Val, _KeyOfValue, _Compare, _Alloc>& __x,
[01;32m[K     ^[m[K
[01m[K/usr/include/c++/5/bits/stl_tree.h:1283:5:[m[K [01;36m[Knote: [m[K  template argument deduction/substitution failed:
[01m[K/home/esaii-admin/catkin_ws/src/imu_data/src/imu_data.cpp:187:22:[m[K [01;36m[Knote: [m[K  mismatched types ‘[01m[Kconst std::_Rb_tree<_Key, _Val, _KeyOfValue, _Compare, _Alloc>[m[K’ and ‘[01m[Kint[m[K’
  for(int is = 0;is < n;++is) {
[01;32m[K                      ^[m[K
In file included from [01m[K/usr/include/c++/5/map:61:0[m[K,
                 from [01m[K/opt/ros/kinetic/include/ros/console.h:42[m[K,
                 from [01m[K/opt/ros/kinetic/include/ros/ros.h:40[m[K,
                 from [01m[K/home/esaii-admin/catkin_ws/src/imu_data/src/imu_data.cpp:1[m[K:
[01m[K/usr/include/c++/5/bits/stl_map.h:1090:5:[m[K [01;36m[Knote: [m[Kcandidate: template<class _Key, class _Tp, class _Compare, class _Alloc> bool std::operator<(const std::map<_Key, _Tp, _Compare, _Alloc>&, const std::map<_Key, _Tp, _Compare, _Alloc>&)
     operator<(const map<_Key, _Tp, _Compare, _Alloc>& __x,
[01;32m[K     ^[m[K
[01m[K/usr/include/c++/5/bits/stl_map.h:1090:5:[m[K [01;36m[Knote: [m[K  template argument deduction/substitution failed:
[01m[K/home/esaii-admin/catkin_ws/src/imu_data/src/imu_data.cpp:187:22:[m[K [01;36m[Knote: [m[K  mismatched types ‘[01m[Kconst std::map<_Key, _Tp, _Compare, _Alloc>[m[K’ and ‘[01m[Kint[m[K’
  for(int is = 0;is < n;++is) {
[01;32m[K                      ^[m[K
In file included from [01m[K/usr/include/c++/5/map:62:0[m[K,
                 from [01m[K/opt/ros/kinetic/include/ros/console.h:42[m[K,
                 from [01m[K/opt/ros/kinetic/include/ros/ros.h:40[m[K,
                 from [01m[K/home/esaii-admin/catkin_ws/src/imu_data/src/imu_data.cpp:1[m[K:
[01m[K/usr/include/c++/5/bits/stl_multimap.h:991:5:[m[K [01;36m[Knote: [m[Kcandidate: template<class _Key, class _Tp, class _Compare, class _Alloc> bool std::operator<(const std::multimap<_Key, _Tp, _Compare, _Alloc>&, const std::multimap<_Key, _Tp, _Compare, _Alloc>&)
     operator<(const multimap<_Key, _Tp, _Compare, _Alloc>& __x,
[01;32m[K     ^[m[K
[01m[K/usr/include/c++/5/bits/stl_multimap.h:991:5:[m[K [01;36m[Knote: [m[K  template argument deduction/substitution failed:
[01m[K/home/esaii-admin/catkin_ws/src/imu_data/src/imu_data.cpp:187:22:[m[K [01;36m[Knote: [m[K  mismatched types ‘[01m[Kconst std::multimap<_Key, _Tp, _Compare, _Alloc>[m[K’ and ‘[01m[Kint[m[K’
  for(int is = 0;is < n;++is) {
[01;32m[K                      ^[m[K
In file included from [01m[K/usr/include/c++/5/set:61:0[m[K,
                 from [01m[K/opt/ros/kinetic/include/ros/forwards.h:34[m[K,
                 from [01m[K/opt/ros/kinetic/include/ros/common.h:37[m[K,
                 from [01m[K/opt/ros/kinetic/include/ros/ros.h:43[m[K,
                 from [01m[K/home/esaii-admin/catkin_ws/src/imu_data/src/imu_data.cpp:1[m[K:
[01m[K/usr/include/c++/5/bits/stl_set.h:859:5:[m[K [01;36m[Knote: [m[Kcandidate: template<class _Key, class _Compare, class _Alloc> bool std::operator<(const std::set<_Key, _Compare, _Alloc>&, const std::set<_Key, _Compare, _Alloc>&)
     operator<(const set<_Key, _Compare, _Alloc>& __x,
[01;32m[K     ^[m[K
[01m[K/usr/include/c++/5/bits/stl_set.h:859:5:[m[K [01;36m[Knote: [m[K  template argument deduction/substitution failed:
[01m[K/home/esaii-admin/catkin_ws/src/imu_data/src/imu_data.cpp:187:22:[m[K [01;36m[Knote: [m[K  mismatched types ‘[01m[Kconst std::set<_Key, _Compare, _Alloc>[m[K’ and ‘[01m[Kint[m[K’
  for(int is = 0;is < n;++is) {
[01;32m[K                      ^[m[K
In file included from [01m[K/usr/include/c++/5/set:62:0[m[K,
                 from [01m[K/opt/ros/kinetic/include/ros/forwards.h:34[m[K,
                 from [01m[K/opt/ros/kinetic/include/ros/common.h:37[m[K,
                 from [01m[K/opt/ros/kinetic/include/ros/ros.h:43[m[K,
                 from [01m[K/home/esaii-admin/catkin_ws/src/imu_data/src/imu_data.cpp:1[m[K:
[01m[K/usr/include/c++/5/bits/stl_multiset.h:842:5:[m[K [01;36m[Knote: [m[Kcandidate: template<class _Key, class _Compare, class _Alloc> bool std::operator<(const std::multiset<_Key, _Compare, _Alloc>&, const std::multiset<_Key, _Compare, _Alloc>&)
     operator<(const multiset<_Key, _Compare, _Alloc>& __x,
[01;32m[K     ^[m[K
[01m[K/usr/include/c++/5/bits/stl_multiset.h:842:5:[m[K [01;36m[Knote: [m[K  template argument deduction/substitution failed:
[01m[K/home/esaii-admin/catkin_ws/src/imu_data/src/imu_data.cpp:187:22:[m[K [01;36m[Knote: [m[K  mismatched types ‘[01m[Kconst std::multiset<_Key, _Compare, _Alloc>[m[K’ and ‘[01m[Kint[m[K’
  for(int is = 0;is < n;++is) {
[01;32m[K                      ^[m[K
In file included from [01m[K/usr/include/c++/5/list:63:0[m[K,
                 from [01m[K/opt/ros/kinetic/include/ros/forwards.h:35[m[K,
                 from [01m[K/opt/ros/kinetic/include/ros/common.h:37[m[K,
                 from [01m[K/opt/ros/kinetic/include/ros/ros.h:43[m[K,
                 from [01m[K/home/esaii-admin/catkin_ws/src/imu_data/src/imu_data.cpp:1[m[K:
[01m[K/usr/include/c++/5/bits/stl_list.h:1836:5:[m[K [01;36m[Knote: [m[Kcandidate: template<class _Tp, class _Alloc> bool std::operator<(const std::__cxx11::list<_Tp, _Alloc>&, const std::__cxx11::list<_Tp, _Alloc>&)
     operator<(const list<_Tp, _Alloc>& __x, const list<_Tp, _Alloc>& __y)
[01;32m[K     ^[m[K
[01m[K/usr/include/c++/5/bits/stl_list.h:1836:5:[m[K [01;36m[Knote: [m[K  template argument deduction/substitution failed:
[01m[K/home/esaii-admin/catkin_ws/src/imu_data/src/imu_data.cpp:187:22:[m[K [01;36m[Knote: [m[K  mismatched types ‘[01m[Kconst std::__cxx11::list<_Tp, _Alloc>[m[K’ and ‘[01m[Kint[m[K’
  for(int is = 0;is < n;++is) {
[01;32m[K                      ^[m[K
make[2]: *** [CMakeFiles/imu_data.dir/src/imu_data.cpp.o] Error 1
make[1]: *** [CMakeFiles/imu_data.dir/all] Error 2
make: *** [all] Error 2
