[01m[K/home/esaii-admin/catkin_ws/src/imu_data/src/imu_data.cpp:[m[K In function ‘[01m[Kvoid state_cb(const ConstPtr&)[m[K’:
[01m[K/home/esaii-admin/catkin_ws/src/imu_data/src/imu_data.cpp:34:19:[m[K [01;31m[Kerror: [m[Kno match for ‘[01m[Koperator=[m[K’ (operand types are ‘[01m[Kmavros_msgs::State {aka mavros_msgs::State_<std::allocator<void> >}[m[K’ and ‘[01m[Kconst mavros_msgs::WaypointReached_<std::allocator<void> >[m[K’)
     current_state = *msg;
[01;32m[K                   ^[m[K
In file included from [01m[K/home/esaii-admin/catkin_ws/src/imu_data/src/imu_data.cpp:5:0[m[K:
[01m[K/home/esaii-admin/catkin_ws/devel/include/mavros_msgs/State.h:23:8:[m[K [01;36m[Knote: [m[Kcandidate: mavros_msgs::State_<std::allocator<void> >& mavros_msgs::State_<std::allocator<void> >::operator=(const mavros_msgs::State_<std::allocator<void> >&)
 struct State_
[01;32m[K        ^[m[K
[01m[K/home/esaii-admin/catkin_ws/devel/include/mavros_msgs/State.h:23:8:[m[K [01;36m[Knote: [m[K  no known conversion for argument 1 from ‘[01m[Kconst mavros_msgs::WaypointReached_<std::allocator<void> >[m[K’ to ‘[01m[Kconst mavros_msgs::State_<std::allocator<void> >&[m[K’
[01m[K/home/esaii-admin/catkin_ws/src/imu_data/src/imu_data.cpp:[m[K In function ‘[01m[Kint main(int, char**)[m[K’:
[01m[K/home/esaii-admin/catkin_ws/src/imu_data/src/imu_data.cpp:50:32:[m[K [01;31m[Kerror: [m[K‘[01m[KWaypointReached[m[K’ was not declared in this scope
           ("mavros/state", 10, WaypointReached);
[01;32m[K                                ^[m[K
[01m[K/home/esaii-admin/catkin_ws/src/imu_data/src/imu_data.cpp:50:32:[m[K [01;36m[Knote: [m[Ksuggested alternative:
In file included from [01m[K/home/esaii-admin/catkin_ws/src/imu_data/src/imu_data.cpp:9:0[m[K:
[01m[K/home/esaii-admin/catkin_ws/devel/include/mavros_msgs/WaypointReached.h:54:64:[m[K [01;36m[Knote: [m[K  ‘[01m[Kmavros_msgs::WaypointReached[m[K’
 typedef ::mavros_msgs::WaypointReached_<std::allocator<void> > WaypointReached;
[01;32m[K                                                                ^[m[K
[01m[K/home/esaii-admin/catkin_ws/src/imu_data/src/imu_data.cpp:55:52:[m[K [01;31m[Kerror: [m[Kno matching function for call to ‘[01m[Kros::NodeHandle::subscribe(const char [25], int, <unresolved overloaded function type>)[m[K’
           ("mavros/mission/waypoints", 10, state_cb);      
[01;32m[K                                                    ^[m[K
In file included from [01m[K/opt/ros/kinetic/include/ros/ros.h:45:0[m[K,
                 from [01m[K/home/esaii-admin/catkin_ws/src/imu_data/src/imu_data.cpp:1[m[K:
[01m[K/opt/ros/kinetic/include/ros/node_handle.h:402:14:[m[K [01;36m[Knote: [m[Kcandidate: template<class M, class T> ros::Subscriber ros::NodeHandle::subscribe(const string&, uint32_t, void (T::*)(M), T*, const ros::TransportHints&)
   Subscriber subscribe(const std::string& topic, uint32_t queue_size, void(T::*fp)(M), T* obj, 
[01;32m[K              ^[m[K
[01m[K/opt/ros/kinetic/include/ros/node_handle.h:402:14:[m[K [01;36m[Knote: [m[K  template argument deduction/substitution failed:
[01m[K/home/esaii-admin/catkin_ws/src/imu_data/src/imu_data.cpp:55:52:[m[K [01;36m[Knote: [m[K  mismatched types ‘[01m[Kvoid (T::*)(mavros_msgs::WaypointList_<std::allocator<void> >)[m[K’ and ‘[01m[Kvoid (*)(const ConstPtr&) {aka void (*)(const boost::shared_ptr<const mavros_msgs::WaypointReached_<std::allocator<void> > >&)}[m[K’
           ("mavros/mission/waypoints", 10, state_cb);      
[01;32m[K                                                    ^[m[K
[01m[K/home/esaii-admin/catkin_ws/src/imu_data/src/imu_data.cpp:55:52:[m[K [01;36m[Knote: [m[K  mismatched types ‘[01m[Kvoid (T::*)(mavros_msgs::WaypointList_<std::allocator<void> >)[m[K’ and ‘[01m[Kvoid (*)(const ConstPtr&) {aka void (*)(const boost::shared_ptr<const mavros_msgs::State_<std::allocator<void> > >&)}[m[K’
[01m[K/home/esaii-admin/catkin_ws/src/imu_data/src/imu_data.cpp:55:52:[m[K [01;36m[Knote: [m[K  could not resolve address from overloaded function ‘[01m[Kstate_cb[m[K’
In file included from [01m[K/opt/ros/kinetic/include/ros/ros.h:45:0[m[K,
                 from [01m[K/home/esaii-admin/catkin_ws/src/imu_data/src/imu_data.cpp:1[m[K:
[01m[K/opt/ros/kinetic/include/ros/node_handle.h:413:14:[m[K [01;36m[Knote: [m[Kcandidate: template<class M, class T> ros::Subscriber ros::NodeHandle::subscribe(const string&, uint32_t, void (T::*)(M) const, T*, const ros::TransportHints&)
   Subscriber subscribe(const std::string& topic, uint32_t queue_size, void(T::*fp)(M) const, T* obj, 
[01;32m[K              ^[m[K
[01m[K/opt/ros/kinetic/include/ros/node_handle.h:413:14:[m[K [01;36m[Knote: [m[K  template argument deduction/substitution failed:
[01m[K/home/esaii-admin/catkin_ws/src/imu_data/src/imu_data.cpp:55:52:[m[K [01;36m[Knote: [m[K  mismatched types ‘[01m[Kvoid (T::*)(mavros_msgs::WaypointList_<std::allocator<void> >) const[m[K’ and ‘[01m[Kvoid (*)(const ConstPtr&) {aka void (*)(const boost::shared_ptr<const mavros_msgs::WaypointReached_<std::allocator<void> > >&)}[m[K’
           ("mavros/mission/waypoints", 10, state_cb);      
[01;32m[K                                                    ^[m[K
[01m[K/home/esaii-admin/catkin_ws/src/imu_data/src/imu_data.cpp:55:52:[m[K [01;36m[Knote: [m[K  mismatched types ‘[01m[Kvoid (T::*)(mavros_msgs::WaypointList_<std::allocator<void> >) const[m[K’ and ‘[01m[Kvoid (*)(const ConstPtr&) {aka void (*)(const boost::shared_ptr<const mavros_msgs::State_<std::allocator<void> > >&)}[m[K’
[01m[K/home/esaii-admin/catkin_ws/src/imu_data/src/imu_data.cpp:55:52:[m[K [01;36m[Knote: [m[K  could not resolve address from overloaded function ‘[01m[Kstate_cb[m[K’
In file included from [01m[K/opt/ros/kinetic/include/ros/ros.h:45:0[m[K,
                 from [01m[K/home/esaii-admin/catkin_ws/src/imu_data/src/imu_data.cpp:1[m[K:
[01m[K/opt/ros/kinetic/include/ros/node_handle.h:465:14:[m[K [01;36m[Knote: [m[Kcandidate: template<class M, class T> ros::Subscriber ros::NodeHandle::subscribe(const string&, uint32_t, void (T::*)(const boost::shared_ptr<const M>&), T*, const ros::TransportHints&)
   Subscriber subscribe(const std::string& topic, uint32_t queue_size, 
[01;32m[K              ^[m[K
[01m[K/opt/ros/kinetic/include/ros/node_handle.h:465:14:[m[K [01;36m[Knote: [m[K  template argument deduction/substitution failed:
[01m[K/home/esaii-admin/catkin_ws/src/imu_data/src/imu_data.cpp:55:52:[m[K [01;36m[Knote: [m[K  mismatched types ‘[01m[Kvoid (T::*)(const boost::shared_ptr<const mavros_msgs::WaypointList_<std::allocator<void> > >&)[m[K’ and ‘[01m[Kvoid (*)(const ConstPtr&) {aka void (*)(const boost::shared_ptr<const mavros_msgs::WaypointReached_<std::allocator<void> > >&)}[m[K’
           ("mavros/mission/waypoints", 10, state_cb);      
[01;32m[K                                                    ^[m[K
[01m[K/home/esaii-admin/catkin_ws/src/imu_data/src/imu_data.cpp:55:52:[m[K [01;36m[Knote: [m[K  mismatched types ‘[01m[Kvoid (T::*)(const boost::shared_ptr<const mavros_msgs::WaypointList_<std::allocator<void> > >&)[m[K’ and ‘[01m[Kvoid (*)(const ConstPtr&) {aka void (*)(const boost::shared_ptr<const mavros_msgs::State_<std::allocator<void> > >&)}[m[K’
[01m[K/home/esaii-admin/catkin_ws/src/imu_data/src/imu_data.cpp:55:52:[m[K [01;36m[Knote: [m[K  could not resolve address from overloaded function ‘[01m[Kstate_cb[m[K’
In file included from [01m[K/opt/ros/kinetic/include/ros/ros.h:45:0[m[K,
                 from [01m[K/home/esaii-admin/catkin_ws/src/imu_data/src/imu_data.cpp:1[m[K:
[01m[K/opt/ros/kinetic/include/ros/node_handle.h:475:14:[m[K [01;36m[Knote: [m[Kcandidate: template<class M, class T> ros::Subscriber ros::NodeHandle::subscribe(const string&, uint32_t, void (T::*)(const boost::shared_ptr<const M>&) const, T*, const ros::TransportHints&)
   Subscriber subscribe(const std::string& topic, uint32_t queue_size, 
[01;32m[K              ^[m[K
[01m[K/opt/ros/kinetic/include/ros/node_handle.h:475:14:[m[K [01;36m[Knote: [m[K  template argument deduction/substitution failed:
[01m[K/home/esaii-admin/catkin_ws/src/imu_data/src/imu_data.cpp:55:52:[m[K [01;36m[Knote: [m[K  mismatched types ‘[01m[Kvoid (T::*)(const boost::shared_ptr<const mavros_msgs::WaypointList_<std::allocator<void> > >&) const[m[K’ and ‘[01m[Kvoid (*)(const ConstPtr&) {aka void (*)(const boost::shared_ptr<const mavros_msgs::WaypointReached_<std::allocator<void> > >&)}[m[K’
           ("mavros/mission/waypoints", 10, state_cb);      
[01;32m[K                                                    ^[m[K
[01m[K/home/esaii-admin/catkin_ws/src/imu_data/src/imu_data.cpp:55:52:[m[K [01;36m[Knote: [m[K  mismatched types ‘[01m[Kvoid (T::*)(const boost::shared_ptr<const mavros_msgs::WaypointList_<std::allocator<void> > >&) const[m[K’ and ‘[01m[Kvoid (*)(const ConstPtr&) {aka void (*)(const boost::shared_ptr<const mavros_msgs::State_<std::allocator<void> > >&)}[m[K’
[01m[K/home/esaii-admin/catkin_ws/src/imu_data/src/imu_data.cpp:55:52:[m[K [01;36m[Knote: [m[K  could not resolve address from overloaded function ‘[01m[Kstate_cb[m[K’
In file included from [01m[K/opt/ros/kinetic/include/ros/ros.h:45:0[m[K,
                 from [01m[K/home/esaii-admin/catkin_ws/src/imu_data/src/imu_data.cpp:1[m[K:
[01m[K/opt/ros/kinetic/include/ros/node_handle.h:529:14:[m[K [01;36m[Knote: [m[Kcandidate: template<class M, class T> ros::Subscriber ros::NodeHandle::subscribe(const string&, uint32_t, void (T::*)(M), const boost::shared_ptr<U>&, const ros::TransportHints&)
   Subscriber subscribe(const std::string& topic, uint32_t queue_size, void(T::*fp)(M), 
[01;32m[K              ^[m[K
[01m[K/opt/ros/kinetic/include/ros/node_handle.h:529:14:[m[K [01;36m[Knote: [m[K  template argument deduction/substitution failed:
[01m[K/home/esaii-admin/catkin_ws/src/imu_data/src/imu_data.cpp:55:52:[m[K [01;36m[Knote: [m[K  mismatched types ‘[01m[Kvoid (T::*)(mavros_msgs::WaypointList_<std::allocator<void> >)[m[K’ and ‘[01m[Kvoid (*)(const ConstPtr&) {aka void (*)(const boost::shared_ptr<const mavros_msgs::WaypointReached_<std::allocator<void> > >&)}[m[K’
           ("mavros/mission/waypoints", 10, state_cb);      
[01;32m[K                                                    ^[m[K
[01m[K/home/esaii-admin/catkin_ws/src/imu_data/src/imu_data.cpp:55:52:[m[K [01;36m[Knote: [m[K  mismatched types ‘[01m[Kvoid (T::*)(mavros_msgs::WaypointList_<std::allocator<void> >)[m[K’ and ‘[01m[Kvoid (*)(const ConstPtr&) {aka void (*)(const boost::shared_ptr<const mavros_msgs::State_<std::allocator<void> > >&)}[m[K’
[01m[K/home/esaii-admin/catkin_ws/src/imu_data/src/imu_data.cpp:55:52:[m[K [01;36m[Knote: [m[K  could not resolve address from overloaded function ‘[01m[Kstate_cb[m[K’
In file included from [01m[K/opt/ros/kinetic/include/ros/ros.h:45:0[m[K,
                 from [01m[K/home/esaii-admin/catkin_ws/src/imu_data/src/imu_data.cpp:1[m[K:
[01m[K/opt/ros/kinetic/include/ros/node_handle.h:540:14:[m[K [01;36m[Knote: [m[Kcandidate: template<class M, class T> ros::Subscriber ros::NodeHandle::subscribe(const string&, uint32_t, void (T::*)(M) const, const boost::shared_ptr<U>&, const ros::TransportHints&)
   Subscriber subscribe(const std::string& topic, uint32_t queue_size, void(T::*fp)(M) const, 
[01;32m[K              ^[m[K
[01m[K/opt/ros/kinetic/include/ros/node_handle.h:540:14:[m[K [01;36m[Knote: [m[K  template argument deduction/substitution failed:
[01m[K/home/esaii-admin/catkin_ws/src/imu_data/src/imu_data.cpp:55:52:[m[K [01;36m[Knote: [m[K  mismatched types ‘[01m[Kvoid (T::*)(mavros_msgs::WaypointList_<std::allocator<void> >) const[m[K’ and ‘[01m[Kvoid (*)(const ConstPtr&) {aka void (*)(const boost::shared_ptr<const mavros_msgs::WaypointReached_<std::allocator<void> > >&)}[m[K’
           ("mavros/mission/waypoints", 10, state_cb);      
[01;32m[K                                                    ^[m[K
[01m[K/home/esaii-admin/catkin_ws/src/imu_data/src/imu_data.cpp:55:52:[m[K [01;36m[Knote: [m[K  mismatched types ‘[01m[Kvoid (T::*)(mavros_msgs::WaypointList_<std::allocator<void> >) const[m[K’ and ‘[01m[Kvoid (*)(const ConstPtr&) {aka void (*)(const boost::shared_ptr<const mavros_msgs::State_<std::allocator<void> > >&)}[m[K’
[01m[K/home/esaii-admin/catkin_ws/src/imu_data/src/imu_data.cpp:55:52:[m[K [01;36m[Knote: [m[K  could not resolve address from overloaded function ‘[01m[Kstate_cb[m[K’
In file included from [01m[K/opt/ros/kinetic/include/ros/ros.h:45:0[m[K,
                 from [01m[K/home/esaii-admin/catkin_ws/src/imu_data/src/imu_data.cpp:1[m[K:
[01m[K/opt/ros/kinetic/include/ros/node_handle.h:594:14:[m[K [01;36m[Knote: [m[Kcandidate: template<class M, class T> ros::Subscriber ros::NodeHandle::subscribe(const string&, uint32_t, void (T::*)(const boost::shared_ptr<const M>&), const boost::shared_ptr<U>&, const ros::TransportHints&)
   Subscriber subscribe(const std::string& topic, uint32_t queue_size, 
[01;32m[K              ^[m[K
[01m[K/opt/ros/kinetic/include/ros/node_handle.h:594:14:[m[K [01;36m[Knote: [m[K  template argument deduction/substitution failed:
[01m[K/home/esaii-admin/catkin_ws/src/imu_data/src/imu_data.cpp:55:52:[m[K [01;36m[Knote: [m[K  mismatched types ‘[01m[Kvoid (T::*)(const boost::shared_ptr<const mavros_msgs::WaypointList_<std::allocator<void> > >&)[m[K’ and ‘[01m[Kvoid (*)(const ConstPtr&) {aka void (*)(const boost::shared_ptr<const mavros_msgs::WaypointReached_<std::allocator<void> > >&)}[m[K’
           ("mavros/mission/waypoints", 10, state_cb);      
[01;32m[K                                                    ^[m[K
[01m[K/home/esaii-admin/catkin_ws/src/imu_data/src/imu_data.cpp:55:52:[m[K [01;36m[Knote: [m[K  mismatched types ‘[01m[Kvoid (T::*)(const boost::shared_ptr<const mavros_msgs::WaypointList_<std::allocator<void> > >&)[m[K’ and ‘[01m[Kvoid (*)(const ConstPtr&) {aka void (*)(const boost::shared_ptr<const mavros_msgs::State_<std::allocator<void> > >&)}[m[K’
[01m[K/home/esaii-admin/catkin_ws/src/imu_data/src/imu_data.cpp:55:52:[m[K [01;36m[Knote: [m[K  could not resolve address from overloaded function ‘[01m[Kstate_cb[m[K’
In file included from [01m[K/opt/ros/kinetic/include/ros/ros.h:45:0[m[K,
                 from [01m[K/home/esaii-admin/catkin_ws/src/imu_data/src/imu_data.cpp:1[m[K:
[01m[K/opt/ros/kinetic/include/ros/node_handle.h:605:14:[m[K [01;36m[Knote: [m[Kcandidate: template<class M, class T> ros::Subscriber ros::NodeHandle::subscribe(const string&, uint32_t, void (T::*)(const boost::shared_ptr<const M>&) const, const boost::shared_ptr<U>&, const ros::TransportHints&)
   Subscriber subscribe(const std::string& topic, uint32_t queue_size, 
[01;32m[K              ^[m[K
[01m[K/opt/ros/kinetic/include/ros/node_handle.h:605:14:[m[K [01;36m[Knote: [m[K  template argument deduction/substitution failed:
[01m[K/home/esaii-admin/catkin_ws/src/imu_data/src/imu_data.cpp:55:52:[m[K [01;36m[Knote: [m[K  mismatched types ‘[01m[Kvoid (T::*)(const boost::shared_ptr<const mavros_msgs::WaypointList_<std::allocator<void> > >&) const[m[K’ and ‘[01m[Kvoid (*)(const ConstPtr&) {aka void (*)(const boost::shared_ptr<const mavros_msgs::WaypointReached_<std::allocator<void> > >&)}[m[K’
           ("mavros/mission/waypoints", 10, state_cb);      
[01;32m[K                                                    ^[m[K
[01m[K/home/esaii-admin/catkin_ws/src/imu_data/src/imu_data.cpp:55:52:[m[K [01;36m[Knote: [m[K  mismatched types ‘[01m[Kvoid (T::*)(const boost::shared_ptr<const mavros_msgs::WaypointList_<std::allocator<void> > >&) const[m[K’ and ‘[01m[Kvoid (*)(const ConstPtr&) {aka void (*)(const boost::shared_ptr<const mavros_msgs::State_<std::allocator<void> > >&)}[m[K’
[01m[K/home/esaii-admin/catkin_ws/src/imu_data/src/imu_data.cpp:55:52:[m[K [01;36m[Knote: [m[K  could not resolve address from overloaded function ‘[01m[Kstate_cb[m[K’
In file included from [01m[K/opt/ros/kinetic/include/ros/ros.h:45:0[m[K,
                 from [01m[K/home/esaii-admin/catkin_ws/src/imu_data/src/imu_data.cpp:1[m[K:
[01m[K/opt/ros/kinetic/include/ros/node_handle.h:656:14:[m[K [01;36m[Knote: [m[Kcandidate: template<class M> ros::Subscriber ros::NodeHandle::subscribe(const string&, uint32_t, void (*)(M), const ros::TransportHints&)
   Subscriber subscribe(const std::string& topic, uint32_t queue_size, void(*fp)(M), const TransportHints& transport_hints = TransportHints())
[01;32m[K              ^[m[K
[01m[K/opt/ros/kinetic/include/ros/node_handle.h:656:14:[m[K [01;36m[Knote: [m[K  template argument deduction/substitution failed:
[01m[K/home/esaii-admin/catkin_ws/src/imu_data/src/imu_data.cpp:55:52:[m[K [01;36m[Knote: [m[K  cannot convert ‘[01m[Kstate_cb[m[K’ (type ‘[01m[K<unresolved overloaded function type>[m[K’) to type ‘[01m[Kvoid (*)(mavros_msgs::WaypointList_<std::allocator<void> >)[m[K’
           ("mavros/mission/waypoints", 10, state_cb);      
[01;32m[K                                                    ^[m[K
In file included from [01m[K/opt/ros/kinetic/include/ros/ros.h:45:0[m[K,
                 from [01m[K/home/esaii-admin/catkin_ws/src/imu_data/src/imu_data.cpp:1[m[K:
[01m[K/opt/ros/kinetic/include/ros/node_handle.h:704:14:[m[K [01;36m[Knote: [m[Kcandidate: template<class M> ros::Subscriber ros::NodeHandle::subscribe(const string&, uint32_t, void (*)(const boost::shared_ptr<const M>&), const ros::TransportHints&)
   Subscriber subscribe(const std::string& topic, uint32_t queue_size, void(*fp)(const boost::shared_ptr<M const>&), const TransportHints& transport_hints = TransportHints())
[01;32m[K              ^[m[K
[01m[K/opt/ros/kinetic/include/ros/node_handle.h:704:14:[m[K [01;36m[Knote: [m[K  template argument deduction/substitution failed:
[01m[K/home/esaii-admin/catkin_ws/src/imu_data/src/imu_data.cpp:55:52:[m[K [01;36m[Knote: [m[K  cannot convert ‘[01m[Kstate_cb[m[K’ (type ‘[01m[K<unresolved overloaded function type>[m[K’) to type ‘[01m[Kvoid (*)(const boost::shared_ptr<const mavros_msgs::WaypointList_<std::allocator<void> > >&)[m[K’
           ("mavros/mission/waypoints", 10, state_cb);      
[01;32m[K                                                    ^[m[K
In file included from [01m[K/opt/ros/kinetic/include/ros/ros.h:45:0[m[K,
                 from [01m[K/home/esaii-admin/catkin_ws/src/imu_data/src/imu_data.cpp:1[m[K:
[01m[K/opt/ros/kinetic/include/ros/node_handle.h:750:14:[m[K [01;36m[Knote: [m[Kcandidate: template<class M> ros::Subscriber ros::NodeHandle::subscribe(const string&, uint32_t, const boost::function<void(const boost::shared_ptr<const M>&)>&, const VoidConstPtr&, const ros::TransportHints&)
   Subscriber subscribe(const std::string& topic, uint32_t queue_size, const boost::function<void (const boost::shared_ptr<M const>&)>& callback,
[01;32m[K              ^[m[K
[01m[K/opt/ros/kinetic/include/ros/node_handle.h:750:14:[m[K [01;36m[Knote: [m[K  template argument deduction/substitution failed:
[01m[K/home/esaii-admin/catkin_ws/src/imu_data/src/imu_data.cpp:55:52:[m[K [01;36m[Knote: [m[K  cannot convert ‘[01m[Kstate_cb[m[K’ (type ‘[01m[K<unresolved overloaded function type>[m[K’) to type ‘[01m[Kconst boost::function<void(const boost::shared_ptr<const mavros_msgs::WaypointList_<std::allocator<void> > >&)>&[m[K’
           ("mavros/mission/waypoints", 10, state_cb);      
[01;32m[K                                                    ^[m[K
In file included from [01m[K/opt/ros/kinetic/include/ros/ros.h:45:0[m[K,
                 from [01m[K/home/esaii-admin/catkin_ws/src/imu_data/src/imu_data.cpp:1[m[K:
[01m[K/opt/ros/kinetic/include/ros/node_handle.h:799:14:[m[K [01;36m[Knote: [m[Kcandidate: template<class M, class C> ros::Subscriber ros::NodeHandle::subscribe(const string&, uint32_t, const boost::function<void(C)>&, const VoidConstPtr&, const ros::TransportHints&)
   Subscriber subscribe(const std::string& topic, uint32_t queue_size, const boost::function<void (C)>& callback,
[01;32m[K              ^[m[K
[01m[K/opt/ros/kinetic/include/ros/node_handle.h:799:14:[m[K [01;36m[Knote: [m[K  template argument deduction/substitution failed:
[01m[K/home/esaii-admin/catkin_ws/src/imu_data/src/imu_data.cpp:55:52:[m[K [01;36m[Knote: [m[K  mismatched types ‘[01m[Kconst boost::function<void(C)>[m[K’ and ‘[01m[Kvoid(const ConstPtr&) {aka void(const boost::shared_ptr<const mavros_msgs::WaypointReached_<std::allocator<void> > >&)}[m[K’
           ("mavros/mission/waypoints", 10, state_cb);      
[01;32m[K                                                    ^[m[K
[01m[K/home/esaii-admin/catkin_ws/src/imu_data/src/imu_data.cpp:55:52:[m[K [01;36m[Knote: [m[K  mismatched types ‘[01m[Kconst boost::function<void(C)>[m[K’ and ‘[01m[Kvoid(const ConstPtr&) {aka void(const boost::shared_ptr<const mavros_msgs::State_<std::allocator<void> > >&)}[m[K’
[01m[K/home/esaii-admin/catkin_ws/src/imu_data/src/imu_data.cpp:55:52:[m[K [01;36m[Knote: [m[K  could not resolve address from overloaded function ‘[01m[Kstate_cb[m[K’
[01m[K/home/esaii-admin/catkin_ws/src/imu_data/src/imu_data.cpp:112:25:[m[K [01;31m[Kerror: [m[K‘[01m[Kmavros_msgs::WaypointReached {aka struct mavros_msgs::WaypointReached_<std::allocator<void> >}[m[K’ has no member named ‘[01m[Kwp_sec[m[K’
     while(current_reach.wp_sec != 1) cout << "que pasara que misterios habra" << endl;    
[01;32m[K                         ^[m[K
make[2]: *** [CMakeFiles/imu_data.dir/src/imu_data.cpp.o] Error 1
make[1]: *** [CMakeFiles/imu_data.dir/all] Error 2
make: *** [all] Error 2
