[01m[K/home/esaii-admin/catkin_ws/src/imu_data/src/imu_data.cpp:[m[K In function ‘[01m[Kint main(int, char**)[m[K’:
[01m[K/home/esaii-admin/catkin_ws/src/imu_data/src/imu_data.cpp:165:11:[m[K [01;31m[Kerror: [m[Kno match for ‘[01m[Koperator>>[m[K’ (operand types are ‘[01m[Kstd::ostream {aka std::basic_ostream<char>}[m[K’ and ‘[01m[Kmavros_msgs::WaypointReached_<std::allocator<void> >::_wp_seq_type {aka short unsigned int}[m[K’)
      cout >> reached_.wp_seq  >> "ola" >> endl; 
[01;32m[K           ^[m[K
In file included from [01m[K/usr/include/c++/5/string:53:0[m[K,
                 from [01m[K/opt/ros/kinetic/include/ros/platform.h:55[m[K,
                 from [01m[K/opt/ros/kinetic/include/ros/time.h:53[m[K,
                 from [01m[K/opt/ros/kinetic/include/ros/ros.h:38[m[K,
                 from [01m[K/home/esaii-admin/catkin_ws/src/imu_data/src/imu_data.cpp:1[m[K:
[01m[K/usr/include/c++/5/bits/basic_string.tcc:1441:5:[m[K [01;36m[Knote: [m[Kcandidate: template<class _CharT, class _Traits, class _Alloc> std::basic_istream<_CharT, _Traits>& std::operator>>(std::basic_istream<_CharT, _Traits>&, std::__cxx11::basic_string<_CharT, _Traits, _Alloc>&)
     operator>>(basic_istream<_CharT, _Traits>& __in,
[01;32m[K     ^[m[K
[01m[K/usr/include/c++/5/bits/basic_string.tcc:1441:5:[m[K [01;36m[Knote: [m[K  template argument deduction/substitution failed:
[01m[K/home/esaii-admin/catkin_ws/src/imu_data/src/imu_data.cpp:165:23:[m[K [01;36m[Knote: [m[K  ‘[01m[Kstd::ostream {aka std::basic_ostream<char>}[m[K’ is not derived from ‘[01m[Kstd::basic_istream<_CharT, _Traits>[m[K’
      cout >> reached_.wp_seq  >> "ola" >> endl; 
[01;32m[K                       ^[m[K
In file included from [01m[K/usr/include/c++/5/istream:934:0[m[K,
                 from [01m[K/usr/include/c++/5/iostream:40[m[K,
                 from [01m[K/opt/ros/kinetic/include/ros/time.h:54[m[K,
                 from [01m[K/opt/ros/kinetic/include/ros/ros.h:38[m[K,
                 from [01m[K/home/esaii-admin/catkin_ws/src/imu_data/src/imu_data.cpp:1[m[K:
[01m[K/usr/include/c++/5/bits/istream.tcc:955:5:[m[K [01;36m[Knote: [m[Kcandidate: template<class _CharT2, class _Traits2> std::basic_istream<_CharT, _Traits>& std::operator>>(std::basic_istream<_CharT, _Traits>&, _CharT2*)
     operator>>(basic_istream<_CharT, _Traits>& __in, _CharT* __s)
[01;32m[K     ^[m[K
[01m[K/usr/include/c++/5/bits/istream.tcc:955:5:[m[K [01;36m[Knote: [m[K  template argument deduction/substitution failed:
[01m[K/home/esaii-admin/catkin_ws/src/imu_data/src/imu_data.cpp:165:23:[m[K [01;36m[Knote: [m[K  ‘[01m[Kstd::ostream {aka std::basic_ostream<char>}[m[K’ is not derived from ‘[01m[Kstd::basic_istream<_CharT, _Traits>[m[K’
      cout >> reached_.wp_seq  >> "ola" >> endl; 
[01;32m[K                       ^[m[K
In file included from [01m[K/usr/include/c++/5/istream:934:0[m[K,
                 from [01m[K/usr/include/c++/5/iostream:40[m[K,
                 from [01m[K/opt/ros/kinetic/include/ros/time.h:54[m[K,
                 from [01m[K/opt/ros/kinetic/include/ros/ros.h:38[m[K,
                 from [01m[K/home/esaii-admin/catkin_ws/src/imu_data/src/imu_data.cpp:1[m[K:
[01m[K/usr/include/c++/5/bits/istream.tcc:923:5:[m[K [01;36m[Knote: [m[Kcandidate: template<class _CharT, class _Traits> std::basic_istream<_CharT, _Traits>& std::operator>>(std::basic_istream<_CharT, _Traits>&, _CharT&)
     operator>>(basic_istream<_CharT, _Traits>& __in, _CharT& __c)
[01;32m[K     ^[m[K
[01m[K/usr/include/c++/5/bits/istream.tcc:923:5:[m[K [01;36m[Knote: [m[K  template argument deduction/substitution failed:
[01m[K/home/esaii-admin/catkin_ws/src/imu_data/src/imu_data.cpp:165:23:[m[K [01;36m[Knote: [m[K  ‘[01m[Kstd::ostream {aka std::basic_ostream<char>}[m[K’ is not derived from ‘[01m[Kstd::basic_istream<_CharT, _Traits>[m[K’
      cout >> reached_.wp_seq  >> "ola" >> endl; 
[01;32m[K                       ^[m[K
In file included from [01m[K/usr/include/c++/5/iostream:40:0[m[K,
                 from [01m[K/opt/ros/kinetic/include/ros/time.h:54[m[K,
                 from [01m[K/opt/ros/kinetic/include/ros/ros.h:38[m[K,
                 from [01m[K/home/esaii-admin/catkin_ws/src/imu_data/src/imu_data.cpp:1[m[K:
[01m[K/usr/include/c++/5/istream:756:5:[m[K [01;36m[Knote: [m[Kcandidate: template<class _Traits> std::basic_istream<char, _Traits>& std::operator>>(std::basic_istream<char, _Traits>&, unsigned char&)
     operator>>(basic_istream<char, _Traits>& __in, unsigned char& __c)
[01;32m[K     ^[m[K
[01m[K/usr/include/c++/5/istream:756:5:[m[K [01;36m[Knote: [m[K  template argument deduction/substitution failed:
[01m[K/home/esaii-admin/catkin_ws/src/imu_data/src/imu_data.cpp:165:23:[m[K [01;36m[Knote: [m[K  ‘[01m[Kstd::ostream {aka std::basic_ostream<char>}[m[K’ is not derived from ‘[01m[Kstd::basic_istream<char, _Traits>[m[K’
      cout >> reached_.wp_seq  >> "ola" >> endl; 
[01;32m[K                       ^[m[K
In file included from [01m[K/usr/include/c++/5/iostream:40:0[m[K,
                 from [01m[K/opt/ros/kinetic/include/ros/time.h:54[m[K,
                 from [01m[K/opt/ros/kinetic/include/ros/ros.h:38[m[K,
                 from [01m[K/home/esaii-admin/catkin_ws/src/imu_data/src/imu_data.cpp:1[m[K:
[01m[K/usr/include/c++/5/istream:761:5:[m[K [01;36m[Knote: [m[Kcandidate: template<class _Traits> std::basic_istream<char, _Traits>& std::operator>>(std::basic_istream<char, _Traits>&, signed char&)
     operator>>(basic_istream<char, _Traits>& __in, signed char& __c)
[01;32m[K     ^[m[K
[01m[K/usr/include/c++/5/istream:761:5:[m[K [01;36m[Knote: [m[K  template argument deduction/substitution failed:
[01m[K/home/esaii-admin/catkin_ws/src/imu_data/src/imu_data.cpp:165:23:[m[K [01;36m[Knote: [m[K  ‘[01m[Kstd::ostream {aka std::basic_ostream<char>}[m[K’ is not derived from ‘[01m[Kstd::basic_istream<char, _Traits>[m[K’
      cout >> reached_.wp_seq  >> "ola" >> endl; 
[01;32m[K                       ^[m[K
In file included from [01m[K/usr/include/c++/5/iostream:40:0[m[K,
                 from [01m[K/opt/ros/kinetic/include/ros/time.h:54[m[K,
                 from [01m[K/opt/ros/kinetic/include/ros/ros.h:38[m[K,
                 from [01m[K/home/esaii-admin/catkin_ws/src/imu_data/src/imu_data.cpp:1[m[K:
[01m[K/usr/include/c++/5/istream:803:5:[m[K [01;36m[Knote: [m[Kcandidate: template<class _Traits> std::basic_istream<char, _Traits>& std::operator>>(std::basic_istream<char, _Traits>&, unsigned char*)
     operator>>(basic_istream<char, _Traits>& __in, unsigned char* __s)
[01;32m[K     ^[m[K
[01m[K/usr/include/c++/5/istream:803:5:[m[K [01;36m[Knote: [m[K  template argument deduction/substitution failed:
[01m[K/home/esaii-admin/catkin_ws/src/imu_data/src/imu_data.cpp:165:23:[m[K [01;36m[Knote: [m[K  ‘[01m[Kstd::ostream {aka std::basic_ostream<char>}[m[K’ is not derived from ‘[01m[Kstd::basic_istream<char, _Traits>[m[K’
      cout >> reached_.wp_seq  >> "ola" >> endl; 
[01;32m[K                       ^[m[K
In file included from [01m[K/usr/include/c++/5/iostream:40:0[m[K,
                 from [01m[K/opt/ros/kinetic/include/ros/time.h:54[m[K,
                 from [01m[K/opt/ros/kinetic/include/ros/ros.h:38[m[K,
                 from [01m[K/home/esaii-admin/catkin_ws/src/imu_data/src/imu_data.cpp:1[m[K:
[01m[K/usr/include/c++/5/istream:808:5:[m[K [01;36m[Knote: [m[Kcandidate: template<class _Traits> std::basic_istream<char, _Traits>& std::operator>>(std::basic_istream<char, _Traits>&, signed char*)
     operator>>(basic_istream<char, _Traits>& __in, signed char* __s)
[01;32m[K     ^[m[K
[01m[K/usr/include/c++/5/istream:808:5:[m[K [01;36m[Knote: [m[K  template argument deduction/substitution failed:
[01m[K/home/esaii-admin/catkin_ws/src/imu_data/src/imu_data.cpp:165:23:[m[K [01;36m[Knote: [m[K  ‘[01m[Kstd::ostream {aka std::basic_ostream<char>}[m[K’ is not derived from ‘[01m[Kstd::basic_istream<char, _Traits>[m[K’
      cout >> reached_.wp_seq  >> "ola" >> endl; 
[01;32m[K                       ^[m[K
In file included from [01m[K/usr/include/boost/math/policies/error_handling.hpp:12:0[m[K,
                 from [01m[K/usr/include/boost/math/special_functions/round.hpp:14[m[K,
                 from [01m[K/opt/ros/kinetic/include/ros/time.h:58[m[K,
                 from [01m[K/opt/ros/kinetic/include/ros/ros.h:38[m[K,
                 from [01m[K/home/esaii-admin/catkin_ws/src/imu_data/src/imu_data.cpp:1[m[K:
[01m[K/usr/include/c++/5/iomanip:71:5:[m[K [01;36m[Knote: [m[Kcandidate: template<class _CharT, class _Traits> std::basic_istream<_CharT, _Traits>& std::operator>>(std::basic_istream<_CharT, _Traits>&, std::_Resetiosflags)
     operator>>(basic_istream<_CharT, _Traits>& __is, _Resetiosflags __f)
[01;32m[K     ^[m[K
[01m[K/usr/include/c++/5/iomanip:71:5:[m[K [01;36m[Knote: [m[K  template argument deduction/substitution failed:
[01m[K/home/esaii-admin/catkin_ws/src/imu_data/src/imu_data.cpp:165:23:[m[K [01;36m[Knote: [m[K  ‘[01m[Kstd::ostream {aka std::basic_ostream<char>}[m[K’ is not derived from ‘[01m[Kstd::basic_istream<_CharT, _Traits>[m[K’
      cout >> reached_.wp_seq  >> "ola" >> endl; 
[01;32m[K                       ^[m[K
In file included from [01m[K/usr/include/boost/math/policies/error_handling.hpp:12:0[m[K,
                 from [01m[K/usr/include/boost/math/special_functions/round.hpp:14[m[K,
                 from [01m[K/opt/ros/kinetic/include/ros/time.h:58[m[K,
                 from [01m[K/opt/ros/kinetic/include/ros/ros.h:38[m[K,
                 from [01m[K/home/esaii-admin/catkin_ws/src/imu_data/src/imu_data.cpp:1[m[K:
[01m[K/usr/include/c++/5/iomanip:101:5:[m[K [01;36m[Knote: [m[Kcandidate: template<class _CharT, class _Traits> std::basic_istream<_CharT, _Traits>& std::operator>>(std::basic_istream<_CharT, _Traits>&, std::_Setiosflags)
     operator>>(basic_istream<_CharT, _Traits>& __is, _Setiosflags __f)
[01;32m[K     ^[m[K
[01m[K/usr/include/c++/5/iomanip:101:5:[m[K [01;36m[Knote: [m[K  template argument deduction/substitution failed:
[01m[K/home/esaii-admin/catkin_ws/src/imu_data/src/imu_data.cpp:165:23:[m[K [01;36m[Knote: [m[K  ‘[01m[Kstd::ostream {aka std::basic_ostream<char>}[m[K’ is not derived from ‘[01m[Kstd::basic_istream<_CharT, _Traits>[m[K’
      cout >> reached_.wp_seq  >> "ola" >> endl; 
[01;32m[K                       ^[m[K
In file included from [01m[K/usr/include/boost/math/policies/error_handling.hpp:12:0[m[K,
                 from [01m[K/usr/include/boost/math/special_functions/round.hpp:14[m[K,
                 from [01m[K/opt/ros/kinetic/include/ros/time.h:58[m[K,
                 from [01m[K/opt/ros/kinetic/include/ros/ros.h:38[m[K,
                 from [01m[K/home/esaii-admin/catkin_ws/src/imu_data/src/imu_data.cpp:1[m[K:
[01m[K/usr/include/c++/5/iomanip:132:5:[m[K [01;36m[Knote: [m[Kcandidate: template<class _CharT, class _Traits> std::basic_istream<_CharT, _Traits>& std::operator>>(std::basic_istream<_CharT, _Traits>&, std::_Setbase)
     operator>>(basic_istream<_CharT, _Traits>& __is, _Setbase __f)
[01;32m[K     ^[m[K
[01m[K/usr/include/c++/5/iomanip:132:5:[m[K [01;36m[Knote: [m[K  template argument deduction/substitution failed:
[01m[K/home/esaii-admin/catkin_ws/src/imu_data/src/imu_data.cpp:165:23:[m[K [01;36m[Knote: [m[K  ‘[01m[Kstd::ostream {aka std::basic_ostream<char>}[m[K’ is not derived from ‘[01m[Kstd::basic_istream<_CharT, _Traits>[m[K’
      cout >> reached_.wp_seq  >> "ola" >> endl; 
[01;32m[K                       ^[m[K
In file included from [01m[K/usr/include/boost/math/policies/error_handling.hpp:12:0[m[K,
                 from [01m[K/usr/include/boost/math/special_functions/round.hpp:14[m[K,
                 from [01m[K/opt/ros/kinetic/include/ros/time.h:58[m[K,
                 from [01m[K/opt/ros/kinetic/include/ros/ros.h:38[m[K,
                 from [01m[K/home/esaii-admin/catkin_ws/src/imu_data/src/imu_data.cpp:1[m[K:
[01m[K/usr/include/c++/5/iomanip:170:5:[m[K [01;36m[Knote: [m[Kcandidate: template<class _CharT, class _Traits> std::basic_istream<_CharT, _Traits>& std::operator>>(std::basic_istream<_CharT, _Traits>&, std::_Setfill<_CharT>)
     operator>>(basic_istream<_CharT, _Traits>& __is, _Setfill<_CharT> __f)
[01;32m[K     ^[m[K
[01m[K/usr/include/c++/5/iomanip:170:5:[m[K [01;36m[Knote: [m[K  template argument deduction/substitution failed:
[01m[K/home/esaii-admin/catkin_ws/src/imu_data/src/imu_data.cpp:165:23:[m[K [01;36m[Knote: [m[K  ‘[01m[Kstd::ostream {aka std::basic_ostream<char>}[m[K’ is not derived from ‘[01m[Kstd::basic_istream<_CharT, _Traits>[m[K’
      cout >> reached_.wp_seq  >> "ola" >> endl; 
[01;32m[K                       ^[m[K
In file included from [01m[K/usr/include/boost/math/policies/error_handling.hpp:12:0[m[K,
                 from [01m[K/usr/include/boost/math/special_functions/round.hpp:14[m[K,
                 from [01m[K/opt/ros/kinetic/include/ros/time.h:58[m[K,
                 from [01m[K/opt/ros/kinetic/include/ros/ros.h:38[m[K,
                 from [01m[K/home/esaii-admin/catkin_ws/src/imu_data/src/imu_data.cpp:1[m[K:
[01m[K/usr/include/c++/5/iomanip:200:5:[m[K [01;36m[Knote: [m[Kcandidate: template<class _CharT, class _Traits> std::basic_istream<_CharT, _Traits>& std::operator>>(std::basic_istream<_CharT, _Traits>&, std::_Setprecision)
     operator>>(basic_istream<_CharT, _Traits>& __is, _Setprecision __f)
[01;32m[K     ^[m[K
[01m[K/usr/include/c++/5/iomanip:200:5:[m[K [01;36m[Knote: [m[K  template argument deduction/substitution failed:
[01m[K/home/esaii-admin/catkin_ws/src/imu_data/src/imu_data.cpp:165:23:[m[K [01;36m[Knote: [m[K  ‘[01m[Kstd::ostream {aka std::basic_ostream<char>}[m[K’ is not derived from ‘[01m[Kstd::basic_istream<_CharT, _Traits>[m[K’
      cout >> reached_.wp_seq  >> "ola" >> endl; 
[01;32m[K                       ^[m[K
In file included from [01m[K/usr/include/boost/math/policies/error_handling.hpp:12:0[m[K,
                 from [01m[K/usr/include/boost/math/special_functions/round.hpp:14[m[K,
                 from [01m[K/opt/ros/kinetic/include/ros/time.h:58[m[K,
                 from [01m[K/opt/ros/kinetic/include/ros/ros.h:38[m[K,
                 from [01m[K/home/esaii-admin/catkin_ws/src/imu_data/src/imu_data.cpp:1[m[K:
[01m[K/usr/include/c++/5/iomanip:230:5:[m[K [01;36m[Knote: [m[Kcandidate: template<class _CharT, class _Traits> std::basic_istream<_CharT, _Traits>& std::operator>>(std::basic_istream<_CharT, _Traits>&, std::_Setw)
     operator>>(basic_istream<_CharT, _Traits>& __is, _Setw __f)
[01;32m[K     ^[m[K
[01m[K/usr/include/c++/5/iomanip:230:5:[m[K [01;36m[Knote: [m[K  template argument deduction/substitution failed:
[01m[K/home/esaii-admin/catkin_ws/src/imu_data/src/imu_data.cpp:165:23:[m[K [01;36m[Knote: [m[K  ‘[01m[Kstd::ostream {aka std::basic_ostream<char>}[m[K’ is not derived from ‘[01m[Kstd::basic_istream<_CharT, _Traits>[m[K’
      cout >> reached_.wp_seq  >> "ola" >> endl; 
[01;32m[K                       ^[m[K
In file included from [01m[K/usr/include/boost/config/no_tr1/complex.hpp:21:0[m[K,
                 from [01m[K/usr/include/boost/math/policies/error_handling.hpp:15[m[K,
                 from [01m[K/usr/include/boost/math/special_functions/round.hpp:14[m[K,
                 from [01m[K/opt/ros/kinetic/include/ros/time.h:58[m[K,
                 from [01m[K/opt/ros/kinetic/include/ros/ros.h:38[m[K,
                 from [01m[K/home/esaii-admin/catkin_ws/src/imu_data/src/imu_data.cpp:1[m[K:
[01m[K/usr/include/c++/5/complex:493:5:[m[K [01;36m[Knote: [m[Kcandidate: template<class _Tp, class _CharT, class _Traits> std::basic_istream<_CharT, _Traits>& std::operator>>(std::basic_istream<_CharT, _Traits>&, std::complex<_Tp>&)
     operator>>(basic_istream<_CharT, _Traits>& __is, complex<_Tp>& __x)
[01;32m[K     ^[m[K
[01m[K/usr/include/c++/5/complex:493:5:[m[K [01;36m[Knote: [m[K  template argument deduction/substitution failed:
[01m[K/home/esaii-admin/catkin_ws/src/imu_data/src/imu_data.cpp:165:23:[m[K [01;36m[Knote: [m[K  ‘[01m[Kstd::ostream {aka std::basic_ostream<char>}[m[K’ is not derived from ‘[01m[Kstd::basic_istream<_CharT, _Traits>[m[K’
      cout >> reached_.wp_seq  >> "ola" >> endl; 
[01;32m[K                       ^[m[K
make[2]: *** [CMakeFiles/imu_data.dir/src/imu_data.cpp.o] Error 1
make[1]: *** [CMakeFiles/imu_data.dir/all] Error 2
make: *** [all] Error 2
