Determining if the pthread_create exist failed with the following output:
Change Dir: /home/esaii-admin/catkin_ws/build/set_vel/CMakeFiles/CMakeTmp

Run Build Command:"/usr/bin/make" "cmTC_c098c/fast"
/usr/bin/make -f CMakeFiles/cmTC_c098c.dir/build.make CMakeFiles/cmTC_c098c.dir/build
make[1]: Entering directory '/home/esaii-admin/catkin_ws/build/set_vel/CMakeFiles/CMakeTmp'
Building C object CMakeFiles/cmTC_c098c.dir/CheckSymbolExists.c.o
/usr/bin/cc     -o CMakeFiles/cmTC_c098c.dir/CheckSymbolExists.c.o   -c /home/esaii-admin/catkin_ws/build/set_vel/CMakeFiles/CMakeTmp/CheckSymbolExists.c
Linking C executable cmTC_c098c
/usr/bin/cmake -E cmake_link_script CMakeFiles/cmTC_c098c.dir/link.txt --verbose=1
/usr/bin/cc       CMakeFiles/cmTC_c098c.dir/CheckSymbolExists.c.o  -o cmTC_c098c -rdynamic 
CMakeFiles/cmTC_c098c.dir/CheckSymbolExists.c.o: In function `main':
CheckSymbolExists.c:(.text+0x16): undefined reference to `pthread_create'
collect2: error: ld returned 1 exit status
CMakeFiles/cmTC_c098c.dir/build.make:97: recipe for target 'cmTC_c098c' failed
make[1]: *** [cmTC_c098c] Error 1
make[1]: Leaving directory '/home/esaii-admin/catkin_ws/build/set_vel/CMakeFiles/CMakeTmp'
Makefile:126: recipe for target 'cmTC_c098c/fast' failed
make: *** [cmTC_c098c/fast] Error 2

File /home/esaii-admin/catkin_ws/build/set_vel/CMakeFiles/CMakeTmp/CheckSymbolExists.c:
/* */
#include <pthread.h>

int main(int argc, char** argv)
{
  (void)argv;
#ifndef pthread_create
  return ((int*)(&pthread_create))[argc];
#else
  (void)argc;
  return 0;
#endif
}

Determining if the function pthread_create exists in the pthreads failed with the following output:
Change Dir: /home/esaii-admin/catkin_ws/build/set_vel/CMakeFiles/CMakeTmp

Run Build Command:"/usr/bin/make" "cmTC_b89a7/fast"
/usr/bin/make -f CMakeFiles/cmTC_b89a7.dir/build.make CMakeFiles/cmTC_b89a7.dir/build
make[1]: Entering directory '/home/esaii-admin/catkin_ws/build/set_vel/CMakeFiles/CMakeTmp'
Building C object CMakeFiles/cmTC_b89a7.dir/CheckFunctionExists.c.o
/usr/bin/cc    -DCHECK_FUNCTION_EXISTS=pthread_create   -o CMakeFiles/cmTC_b89a7.dir/CheckFunctionExists.c.o   -c /usr/share/cmake-3.5/Modules/CheckFunctionExists.c
Linking C executable cmTC_b89a7
/usr/bin/cmake -E cmake_link_script CMakeFiles/cmTC_b89a7.dir/link.txt --verbose=1
/usr/bin/cc   -DCHECK_FUNCTION_EXISTS=pthread_create    CMakeFiles/cmTC_b89a7.dir/CheckFunctionExists.c.o  -o cmTC_b89a7 -rdynamic -lpthreads 
/usr/bin/ld: cannot find -lpthreads
collect2: error: ld returned 1 exit status
CMakeFiles/cmTC_b89a7.dir/build.make:97: recipe for target 'cmTC_b89a7' failed
make[1]: *** [cmTC_b89a7] Error 1
make[1]: Leaving directory '/home/esaii-admin/catkin_ws/build/set_vel/CMakeFiles/CMakeTmp'
Makefile:126: recipe for target 'cmTC_b89a7/fast' failed
make: *** [cmTC_b89a7/fast] Error 2


