Determining if the pthread_create exist failed with the following output:
Change Dir: /home/esaii-admin/catkin_ws/build/pysdf/CMakeFiles/CMakeTmp

Run Build Command:"/usr/bin/make" "cmTC_91d04/fast"
/usr/bin/make -f CMakeFiles/cmTC_91d04.dir/build.make CMakeFiles/cmTC_91d04.dir/build
make[1]: Entering directory '/home/esaii-admin/catkin_ws/build/pysdf/CMakeFiles/CMakeTmp'
Building C object CMakeFiles/cmTC_91d04.dir/CheckSymbolExists.c.o
/usr/bin/cc     -o CMakeFiles/cmTC_91d04.dir/CheckSymbolExists.c.o   -c /home/esaii-admin/catkin_ws/build/pysdf/CMakeFiles/CMakeTmp/CheckSymbolExists.c
Linking C executable cmTC_91d04
/usr/bin/cmake -E cmake_link_script CMakeFiles/cmTC_91d04.dir/link.txt --verbose=1
/usr/bin/cc       CMakeFiles/cmTC_91d04.dir/CheckSymbolExists.c.o  -o cmTC_91d04 -rdynamic 
CMakeFiles/cmTC_91d04.dir/CheckSymbolExists.c.o: In function `main':
CheckSymbolExists.c:(.text+0x16): undefined reference to `pthread_create'
collect2: error: ld returned 1 exit status
CMakeFiles/cmTC_91d04.dir/build.make:97: recipe for target 'cmTC_91d04' failed
make[1]: *** [cmTC_91d04] Error 1
make[1]: Leaving directory '/home/esaii-admin/catkin_ws/build/pysdf/CMakeFiles/CMakeTmp'
Makefile:126: recipe for target 'cmTC_91d04/fast' failed
make: *** [cmTC_91d04/fast] Error 2

File /home/esaii-admin/catkin_ws/build/pysdf/CMakeFiles/CMakeTmp/CheckSymbolExists.c:
/* */
#include <pthread.h>

int main(int argc, char** argv)
{
  (void)argv;
#ifndef pthread_create
  return ((int*)(&pthread_create))[argc];
#else
  (void)argc;
  return 0;
#endif
}

Determining if the function pthread_create exists in the pthreads failed with the following output:
Change Dir: /home/esaii-admin/catkin_ws/build/pysdf/CMakeFiles/CMakeTmp

Run Build Command:"/usr/bin/make" "cmTC_5d86b/fast"
/usr/bin/make -f CMakeFiles/cmTC_5d86b.dir/build.make CMakeFiles/cmTC_5d86b.dir/build
make[1]: Entering directory '/home/esaii-admin/catkin_ws/build/pysdf/CMakeFiles/CMakeTmp'
Building C object CMakeFiles/cmTC_5d86b.dir/CheckFunctionExists.c.o
/usr/bin/cc    -DCHECK_FUNCTION_EXISTS=pthread_create   -o CMakeFiles/cmTC_5d86b.dir/CheckFunctionExists.c.o   -c /usr/share/cmake-3.5/Modules/CheckFunctionExists.c
Linking C executable cmTC_5d86b
/usr/bin/cmake -E cmake_link_script CMakeFiles/cmTC_5d86b.dir/link.txt --verbose=1
/usr/bin/cc   -DCHECK_FUNCTION_EXISTS=pthread_create    CMakeFiles/cmTC_5d86b.dir/CheckFunctionExists.c.o  -o cmTC_5d86b -rdynamic -lpthreads 
/usr/bin/ld: cannot find -lpthreads
collect2: error: ld returned 1 exit status
CMakeFiles/cmTC_5d86b.dir/build.make:97: recipe for target 'cmTC_5d86b' failed
make[1]: *** [cmTC_5d86b] Error 1
make[1]: Leaving directory '/home/esaii-admin/catkin_ws/build/pysdf/CMakeFiles/CMakeTmp'
Makefile:126: recipe for target 'cmTC_5d86b/fast' failed
make: *** [cmTC_5d86b/fast] Error 2


