Not searching for unused variables given on the command line.
[36m--[0m Using CATKIN_DEVEL_PREFIX: /home/esaii-admin/catkin_ws/devel/.private/omronsentech_camera
[36m--[0m Using CMAKE_PREFIX_PATH: /home/esaii-admin/catkin_ws/devel;/opt/ros/kinetic
[36m--[0m This workspace overlays: /home/esaii-admin/catkin_ws/devel;/opt/ros/kinetic
[36m--[0m Using PYTHON_EXECUTABLE: /usr/bin/python
[36m--[0m Using Debian Python package layout
[36m--[0m Using empy: /usr/bin/empy
[36m--[0m Using CATKIN_ENABLE_TESTING: ON
[36m--[0m Call enable_testing()
[36m--[0m Using CATKIN_TEST_RESULTS_DIR: /home/esaii-admin/catkin_ws/build/omronsentech_camera/test_results
[36m--[0m Found gmock sources under '/usr/src/gmock': gmock will be built
[36m--[0m Found gtest sources under '/usr/src/gmock': gtests will be built
[36m--[0m Using Python nosetests: /usr/bin/nosetests-2.7
[36m--[0m catkin 0.7.14
[36m--[0m Using these message generators: gencpp;geneus;genlisp;gennodejs;genpy
[36m--[0m omronsentech_camera: 9 messages, 35 services
--
--
[31m[1mCMake Error[0m at /home/esaii-admin/catkin_ws/src/omronsentech_camera/CMakeLists.txt:187 (message):


  Please install SentechSDK (can be downloaded from www.sentech.co.jp), load
  the SDK environment settings

   (e.g. $ source /opt/sentech/.stprofile) and try again.


[36m--[0m Configuring incomplete, errors occurred!
See also "/home/esaii-admin/catkin_ws/build/omronsentech_camera/CMakeFiles/CMakeOutput.log".
See also "/home/esaii-admin/catkin_ws/build/omronsentech_camera/CMakeFiles/CMakeError.log".
