Determining if the pthread_create exist failed with the following output:
Change Dir: /home/esaii-admin/catkin_ws/build/message_to_tf/CMakeFiles/CMakeTmp

Run Build Command:"/usr/bin/make" "cmTC_abd7e/fast"
/usr/bin/make -f CMakeFiles/cmTC_abd7e.dir/build.make CMakeFiles/cmTC_abd7e.dir/build
make[1]: Entering directory '/home/esaii-admin/catkin_ws/build/message_to_tf/CMakeFiles/CMakeTmp'
Building C object CMakeFiles/cmTC_abd7e.dir/CheckSymbolExists.c.o
/usr/bin/cc     -o CMakeFiles/cmTC_abd7e.dir/CheckSymbolExists.c.o   -c /home/esaii-admin/catkin_ws/build/message_to_tf/CMakeFiles/CMakeTmp/CheckSymbolExists.c
Linking C executable cmTC_abd7e
/usr/bin/cmake -E cmake_link_script CMakeFiles/cmTC_abd7e.dir/link.txt --verbose=1
/usr/bin/cc       CMakeFiles/cmTC_abd7e.dir/CheckSymbolExists.c.o  -o cmTC_abd7e -rdynamic 
CMakeFiles/cmTC_abd7e.dir/CheckSymbolExists.c.o: In function `main':
CheckSymbolExists.c:(.text+0x16): undefined reference to `pthread_create'
collect2: error: ld returned 1 exit status
CMakeFiles/cmTC_abd7e.dir/build.make:97: recipe for target 'cmTC_abd7e' failed
make[1]: *** [cmTC_abd7e] Error 1
make[1]: Leaving directory '/home/esaii-admin/catkin_ws/build/message_to_tf/CMakeFiles/CMakeTmp'
Makefile:126: recipe for target 'cmTC_abd7e/fast' failed
make: *** [cmTC_abd7e/fast] Error 2

File /home/esaii-admin/catkin_ws/build/message_to_tf/CMakeFiles/CMakeTmp/CheckSymbolExists.c:
/* */
#include <pthread.h>

int main(int argc, char** argv)
{
  (void)argv;
#ifndef pthread_create
  return ((int*)(&pthread_create))[argc];
#else
  (void)argc;
  return 0;
#endif
}

Determining if the function pthread_create exists in the pthreads failed with the following output:
Change Dir: /home/esaii-admin/catkin_ws/build/message_to_tf/CMakeFiles/CMakeTmp

Run Build Command:"/usr/bin/make" "cmTC_86897/fast"
/usr/bin/make -f CMakeFiles/cmTC_86897.dir/build.make CMakeFiles/cmTC_86897.dir/build
make[1]: Entering directory '/home/esaii-admin/catkin_ws/build/message_to_tf/CMakeFiles/CMakeTmp'
Building C object CMakeFiles/cmTC_86897.dir/CheckFunctionExists.c.o
/usr/bin/cc    -DCHECK_FUNCTION_EXISTS=pthread_create   -o CMakeFiles/cmTC_86897.dir/CheckFunctionExists.c.o   -c /usr/share/cmake-3.5/Modules/CheckFunctionExists.c
Linking C executable cmTC_86897
/usr/bin/cmake -E cmake_link_script CMakeFiles/cmTC_86897.dir/link.txt --verbose=1
/usr/bin/cc   -DCHECK_FUNCTION_EXISTS=pthread_create    CMakeFiles/cmTC_86897.dir/CheckFunctionExists.c.o  -o cmTC_86897 -rdynamic -lpthreads 
/usr/bin/ld: cannot find -lpthreads
collect2: error: ld returned 1 exit status
CMakeFiles/cmTC_86897.dir/build.make:97: recipe for target 'cmTC_86897' failed
make[1]: *** [cmTC_86897] Error 1
make[1]: Leaving directory '/home/esaii-admin/catkin_ws/build/message_to_tf/CMakeFiles/CMakeTmp'
Makefile:126: recipe for target 'cmTC_86897/fast' failed
make: *** [cmTC_86897/fast] Error 2


