Determining if the pthread_create exist failed with the following output:
Change Dir: /home/esaii-admin/catkin_ws/build/rotors_gazebo/CMakeFiles/CMakeTmp

Run Build Command:"/usr/bin/make" "cmTC_8718a/fast"
/usr/bin/make -f CMakeFiles/cmTC_8718a.dir/build.make CMakeFiles/cmTC_8718a.dir/build
make[1]: Entering directory '/home/esaii-admin/catkin_ws/build/rotors_gazebo/CMakeFiles/CMakeTmp'
Building C object CMakeFiles/cmTC_8718a.dir/CheckSymbolExists.c.o
/usr/bin/cc     -o CMakeFiles/cmTC_8718a.dir/CheckSymbolExists.c.o   -c /home/esaii-admin/catkin_ws/build/rotors_gazebo/CMakeFiles/CMakeTmp/CheckSymbolExists.c
Linking C executable cmTC_8718a
/usr/bin/cmake -E cmake_link_script CMakeFiles/cmTC_8718a.dir/link.txt --verbose=1
/usr/bin/cc       CMakeFiles/cmTC_8718a.dir/CheckSymbolExists.c.o  -o cmTC_8718a -rdynamic 
CMakeFiles/cmTC_8718a.dir/CheckSymbolExists.c.o: In function `main':
CheckSymbolExists.c:(.text+0x16): undefined reference to `pthread_create'
collect2: error: ld returned 1 exit status
CMakeFiles/cmTC_8718a.dir/build.make:97: recipe for target 'cmTC_8718a' failed
make[1]: *** [cmTC_8718a] Error 1
make[1]: Leaving directory '/home/esaii-admin/catkin_ws/build/rotors_gazebo/CMakeFiles/CMakeTmp'
Makefile:126: recipe for target 'cmTC_8718a/fast' failed
make: *** [cmTC_8718a/fast] Error 2

File /home/esaii-admin/catkin_ws/build/rotors_gazebo/CMakeFiles/CMakeTmp/CheckSymbolExists.c:
/* */
#include <pthread.h>

int main(int argc, char** argv)
{
  (void)argv;
#ifndef pthread_create
  return ((int*)(&pthread_create))[argc];
#else
  (void)argc;
  return 0;
#endif
}

Determining if the function pthread_create exists in the pthreads failed with the following output:
Change Dir: /home/esaii-admin/catkin_ws/build/rotors_gazebo/CMakeFiles/CMakeTmp

Run Build Command:"/usr/bin/make" "cmTC_3df39/fast"
/usr/bin/make -f CMakeFiles/cmTC_3df39.dir/build.make CMakeFiles/cmTC_3df39.dir/build
make[1]: Entering directory '/home/esaii-admin/catkin_ws/build/rotors_gazebo/CMakeFiles/CMakeTmp'
Building C object CMakeFiles/cmTC_3df39.dir/CheckFunctionExists.c.o
/usr/bin/cc    -DCHECK_FUNCTION_EXISTS=pthread_create   -o CMakeFiles/cmTC_3df39.dir/CheckFunctionExists.c.o   -c /usr/share/cmake-3.5/Modules/CheckFunctionExists.c
Linking C executable cmTC_3df39
/usr/bin/cmake -E cmake_link_script CMakeFiles/cmTC_3df39.dir/link.txt --verbose=1
/usr/bin/cc   -DCHECK_FUNCTION_EXISTS=pthread_create    CMakeFiles/cmTC_3df39.dir/CheckFunctionExists.c.o  -o cmTC_3df39 -rdynamic -lpthreads 
/usr/bin/ld: cannot find -lpthreads
collect2: error: ld returned 1 exit status
CMakeFiles/cmTC_3df39.dir/build.make:97: recipe for target 'cmTC_3df39' failed
make[1]: *** [cmTC_3df39] Error 1
make[1]: Leaving directory '/home/esaii-admin/catkin_ws/build/rotors_gazebo/CMakeFiles/CMakeTmp'
Makefile:126: recipe for target 'cmTC_3df39/fast' failed
make: *** [cmTC_3df39/fast] Error 2


