Determining if the pthread_create exist failed with the following output:
Change Dir: /home/esaii-admin/catkin_ws/build/laser_scan_publisher_tutorial/CMakeFiles/CMakeTmp

Run Build Command:"/usr/bin/make" "cmTC_f40fc/fast"
/usr/bin/make -f CMakeFiles/cmTC_f40fc.dir/build.make CMakeFiles/cmTC_f40fc.dir/build
make[1]: Entering directory '/home/esaii-admin/catkin_ws/build/laser_scan_publisher_tutorial/CMakeFiles/CMakeTmp'
Building C object CMakeFiles/cmTC_f40fc.dir/CheckSymbolExists.c.o
/usr/bin/cc     -o CMakeFiles/cmTC_f40fc.dir/CheckSymbolExists.c.o   -c /home/esaii-admin/catkin_ws/build/laser_scan_publisher_tutorial/CMakeFiles/CMakeTmp/CheckSymbolExists.c
Linking C executable cmTC_f40fc
/usr/bin/cmake -E cmake_link_script CMakeFiles/cmTC_f40fc.dir/link.txt --verbose=1
/usr/bin/cc       CMakeFiles/cmTC_f40fc.dir/CheckSymbolExists.c.o  -o cmTC_f40fc -rdynamic 
CMakeFiles/cmTC_f40fc.dir/CheckSymbolExists.c.o: In function `main':
CheckSymbolExists.c:(.text+0x16): undefined reference to `pthread_create'
collect2: error: ld returned 1 exit status
CMakeFiles/cmTC_f40fc.dir/build.make:97: recipe for target 'cmTC_f40fc' failed
make[1]: *** [cmTC_f40fc] Error 1
make[1]: Leaving directory '/home/esaii-admin/catkin_ws/build/laser_scan_publisher_tutorial/CMakeFiles/CMakeTmp'
Makefile:126: recipe for target 'cmTC_f40fc/fast' failed
make: *** [cmTC_f40fc/fast] Error 2

File /home/esaii-admin/catkin_ws/build/laser_scan_publisher_tutorial/CMakeFiles/CMakeTmp/CheckSymbolExists.c:
/* */
#include <pthread.h>

int main(int argc, char** argv)
{
  (void)argv;
#ifndef pthread_create
  return ((int*)(&pthread_create))[argc];
#else
  (void)argc;
  return 0;
#endif
}

Determining if the function pthread_create exists in the pthreads failed with the following output:
Change Dir: /home/esaii-admin/catkin_ws/build/laser_scan_publisher_tutorial/CMakeFiles/CMakeTmp

Run Build Command:"/usr/bin/make" "cmTC_80430/fast"
/usr/bin/make -f CMakeFiles/cmTC_80430.dir/build.make CMakeFiles/cmTC_80430.dir/build
make[1]: Entering directory '/home/esaii-admin/catkin_ws/build/laser_scan_publisher_tutorial/CMakeFiles/CMakeTmp'
Building C object CMakeFiles/cmTC_80430.dir/CheckFunctionExists.c.o
/usr/bin/cc    -DCHECK_FUNCTION_EXISTS=pthread_create   -o CMakeFiles/cmTC_80430.dir/CheckFunctionExists.c.o   -c /usr/share/cmake-3.5/Modules/CheckFunctionExists.c
Linking C executable cmTC_80430
/usr/bin/cmake -E cmake_link_script CMakeFiles/cmTC_80430.dir/link.txt --verbose=1
/usr/bin/cc   -DCHECK_FUNCTION_EXISTS=pthread_create    CMakeFiles/cmTC_80430.dir/CheckFunctionExists.c.o  -o cmTC_80430 -rdynamic -lpthreads 
/usr/bin/ld: cannot find -lpthreads
collect2: error: ld returned 1 exit status
CMakeFiles/cmTC_80430.dir/build.make:97: recipe for target 'cmTC_80430' failed
make[1]: *** [cmTC_80430] Error 1
make[1]: Leaving directory '/home/esaii-admin/catkin_ws/build/laser_scan_publisher_tutorial/CMakeFiles/CMakeTmp'
Makefile:126: recipe for target 'cmTC_80430/fast' failed
make: *** [cmTC_80430/fast] Error 2


