Determining if the pthread_create exist failed with the following output:
Change Dir: /home/esaii-admin/catkin_ws/build/rf2o_laser_odometry/CMakeFiles/CMakeTmp

Run Build Command:"/usr/bin/make" "cmTC_86dff/fast"
/usr/bin/make -f CMakeFiles/cmTC_86dff.dir/build.make CMakeFiles/cmTC_86dff.dir/build
make[1]: Entering directory '/home/esaii-admin/catkin_ws/build/rf2o_laser_odometry/CMakeFiles/CMakeTmp'
Building C object CMakeFiles/cmTC_86dff.dir/CheckSymbolExists.c.o
/usr/bin/cc     -o CMakeFiles/cmTC_86dff.dir/CheckSymbolExists.c.o   -c /home/esaii-admin/catkin_ws/build/rf2o_laser_odometry/CMakeFiles/CMakeTmp/CheckSymbolExists.c
Linking C executable cmTC_86dff
/usr/bin/cmake -E cmake_link_script CMakeFiles/cmTC_86dff.dir/link.txt --verbose=1
/usr/bin/cc       CMakeFiles/cmTC_86dff.dir/CheckSymbolExists.c.o  -o cmTC_86dff -rdynamic 
CMakeFiles/cmTC_86dff.dir/CheckSymbolExists.c.o: In function `main':
CheckSymbolExists.c:(.text+0x16): undefined reference to `pthread_create'
collect2: error: ld returned 1 exit status
CMakeFiles/cmTC_86dff.dir/build.make:97: recipe for target 'cmTC_86dff' failed
make[1]: *** [cmTC_86dff] Error 1
make[1]: Leaving directory '/home/esaii-admin/catkin_ws/build/rf2o_laser_odometry/CMakeFiles/CMakeTmp'
Makefile:126: recipe for target 'cmTC_86dff/fast' failed
make: *** [cmTC_86dff/fast] Error 2

File /home/esaii-admin/catkin_ws/build/rf2o_laser_odometry/CMakeFiles/CMakeTmp/CheckSymbolExists.c:
/* */
#include <pthread.h>

int main(int argc, char** argv)
{
  (void)argv;
#ifndef pthread_create
  return ((int*)(&pthread_create))[argc];
#else
  (void)argc;
  return 0;
#endif
}

Determining if the function pthread_create exists in the pthreads failed with the following output:
Change Dir: /home/esaii-admin/catkin_ws/build/rf2o_laser_odometry/CMakeFiles/CMakeTmp

Run Build Command:"/usr/bin/make" "cmTC_b0139/fast"
/usr/bin/make -f CMakeFiles/cmTC_b0139.dir/build.make CMakeFiles/cmTC_b0139.dir/build
make[1]: Entering directory '/home/esaii-admin/catkin_ws/build/rf2o_laser_odometry/CMakeFiles/CMakeTmp'
Building C object CMakeFiles/cmTC_b0139.dir/CheckFunctionExists.c.o
/usr/bin/cc    -DCHECK_FUNCTION_EXISTS=pthread_create   -o CMakeFiles/cmTC_b0139.dir/CheckFunctionExists.c.o   -c /usr/share/cmake-3.5/Modules/CheckFunctionExists.c
Linking C executable cmTC_b0139
/usr/bin/cmake -E cmake_link_script CMakeFiles/cmTC_b0139.dir/link.txt --verbose=1
/usr/bin/cc   -DCHECK_FUNCTION_EXISTS=pthread_create    CMakeFiles/cmTC_b0139.dir/CheckFunctionExists.c.o  -o cmTC_b0139 -rdynamic -lpthreads 
/usr/bin/ld: cannot find -lpthreads
collect2: error: ld returned 1 exit status
CMakeFiles/cmTC_b0139.dir/build.make:97: recipe for target 'cmTC_b0139' failed
make[1]: *** [cmTC_b0139] Error 1
make[1]: Leaving directory '/home/esaii-admin/catkin_ws/build/rf2o_laser_odometry/CMakeFiles/CMakeTmp'
Makefile:126: recipe for target 'cmTC_b0139/fast' failed
make: *** [cmTC_b0139/fast] Error 2


