Determining if the pthread_create exist failed with the following output:
Change Dir: /home/esaii-admin/catkin_ws/build/gazebo_tutorials/CMakeFiles/CMakeTmp

Run Build Command:"/usr/bin/make" "cmTC_eab85/fast"
/usr/bin/make -f CMakeFiles/cmTC_eab85.dir/build.make CMakeFiles/cmTC_eab85.dir/build
make[1]: Entering directory '/home/esaii-admin/catkin_ws/build/gazebo_tutorials/CMakeFiles/CMakeTmp'
Building C object CMakeFiles/cmTC_eab85.dir/CheckSymbolExists.c.o
/usr/bin/cc     -o CMakeFiles/cmTC_eab85.dir/CheckSymbolExists.c.o   -c /home/esaii-admin/catkin_ws/build/gazebo_tutorials/CMakeFiles/CMakeTmp/CheckSymbolExists.c
Linking C executable cmTC_eab85
/usr/bin/cmake -E cmake_link_script CMakeFiles/cmTC_eab85.dir/link.txt --verbose=1
/usr/bin/cc       CMakeFiles/cmTC_eab85.dir/CheckSymbolExists.c.o  -o cmTC_eab85 -rdynamic 
CMakeFiles/cmTC_eab85.dir/CheckSymbolExists.c.o: In function `main':
CheckSymbolExists.c:(.text+0x16): undefined reference to `pthread_create'
collect2: error: ld returned 1 exit status
CMakeFiles/cmTC_eab85.dir/build.make:97: recipe for target 'cmTC_eab85' failed
make[1]: *** [cmTC_eab85] Error 1
make[1]: Leaving directory '/home/esaii-admin/catkin_ws/build/gazebo_tutorials/CMakeFiles/CMakeTmp'
Makefile:126: recipe for target 'cmTC_eab85/fast' failed
make: *** [cmTC_eab85/fast] Error 2

File /home/esaii-admin/catkin_ws/build/gazebo_tutorials/CMakeFiles/CMakeTmp/CheckSymbolExists.c:
/* */
#include <pthread.h>

int main(int argc, char** argv)
{
  (void)argv;
#ifndef pthread_create
  return ((int*)(&pthread_create))[argc];
#else
  (void)argc;
  return 0;
#endif
}

Determining if the function pthread_create exists in the pthreads failed with the following output:
Change Dir: /home/esaii-admin/catkin_ws/build/gazebo_tutorials/CMakeFiles/CMakeTmp

Run Build Command:"/usr/bin/make" "cmTC_51123/fast"
/usr/bin/make -f CMakeFiles/cmTC_51123.dir/build.make CMakeFiles/cmTC_51123.dir/build
make[1]: Entering directory '/home/esaii-admin/catkin_ws/build/gazebo_tutorials/CMakeFiles/CMakeTmp'
Building C object CMakeFiles/cmTC_51123.dir/CheckFunctionExists.c.o
/usr/bin/cc    -DCHECK_FUNCTION_EXISTS=pthread_create   -o CMakeFiles/cmTC_51123.dir/CheckFunctionExists.c.o   -c /usr/share/cmake-3.5/Modules/CheckFunctionExists.c
Linking C executable cmTC_51123
/usr/bin/cmake -E cmake_link_script CMakeFiles/cmTC_51123.dir/link.txt --verbose=1
/usr/bin/cc   -DCHECK_FUNCTION_EXISTS=pthread_create    CMakeFiles/cmTC_51123.dir/CheckFunctionExists.c.o  -o cmTC_51123 -rdynamic -lpthreads 
/usr/bin/ld: cannot find -lpthreads
collect2: error: ld returned 1 exit status
CMakeFiles/cmTC_51123.dir/build.make:97: recipe for target 'cmTC_51123' failed
make[1]: *** [cmTC_51123] Error 1
make[1]: Leaving directory '/home/esaii-admin/catkin_ws/build/gazebo_tutorials/CMakeFiles/CMakeTmp'
Makefile:126: recipe for target 'cmTC_51123/fast' failed
make: *** [cmTC_51123/fast] Error 2


